Log file open, 01/22/19 18:38:41
LogWindows: Failed to load 'aqProf.dll' (GetLastError=126)
LogWindows: File 'aqProf.dll' does not exist
LogWindows: Failed to load 'VtuneApi.dll' (GetLastError=126)
LogWindows: File 'VtuneApi.dll' does not exist
LogWindows: Failed to load 'VtuneApi32e.dll' (GetLastError=126)
LogWindows: File 'VtuneApi32e.dll' does not exist
LogInit: Display: Running engine for game: CCW_30Days
LogPlatformFile: Not using cached read wrapper
LogInit: Display: RandInit(536664005) SRandInit(536664005).
LogTaskGraph: Started task graph with 5 named threads and 14 total threads with 3 sets of task threads.
LogStats: Stats thread started at 0.166745
LogD3D11RHI: Aftermath initialized
LogPluginManager: Mounting plugin Paper2D
LogPluginManager: Mounting plugin LightPropagationVolume
LogPluginManager: Mounting plugin CodeLiteSourceCodeAccess
LogPluginManager: Mounting plugin GitSourceControl
LogPluginManager: Mounting plugin KDevelopSourceCodeAccess
LogPluginManager: Mounting plugin NullSourceCodeAccess
LogPluginManager: Mounting plugin PerforceSourceControl
LogPluginManager: Mounting plugin SubversionSourceControl
LogPluginManager: Mounting plugin UObjectPlugin
LogPluginManager: Mounting plugin VisualStudioSourceCodeAccess
LogPluginManager: Mounting plugin XCodeSourceCodeAccess
LogPluginManager: Mounting plugin AssetManagerEditor
LogPluginManager: Mounting plugin AudioCapture
LogPluginManager: Mounting plugin FacialAnimation
LogPluginManager: Mounting plugin GameplayTagsEditor
LogPluginManager: Mounting plugin MobileLauncherProfileWizard
LogPluginManager: Mounting plugin PluginBrowser
LogPluginManager: Mounting plugin SpeedTreeImporter
LogPluginManager: Mounting plugin AlembicImporter
LogPluginManager: Mounting plugin CharacterAI
LogPluginManager: Mounting plugin HTML5Networking
LogPluginManager: Mounting plugin Substance
LogPluginManager: Mounting plugin AndroidMedia
LogPluginManager: Mounting plugin AvfMedia
LogPluginManager: Mounting plugin MediaPlayerEditor
LogPluginManager: Mounting plugin WmfMedia
LogPluginManager: Mounting plugin TcpMessaging
LogPluginManager: Mounting plugin UdpMessaging
LogPluginManager: Mounting plugin LevelSequenceEditor
LogPluginManager: Mounting plugin MatineeToLevelSequence
LogPluginManager: Mounting plugin OnlineSubsystemGooglePlay
LogPluginManager: Mounting plugin OnlineSubsystemIOS
LogPluginManager: Mounting plugin OnlineSubsystem
LogPluginManager: Mounting plugin OnlineSubsystemNull
LogPluginManager: Mounting plugin OnlineSubsystemUtils
LogPluginManager: Mounting plugin AndroidDeviceProfileSelector
LogPluginManager: Mounting plugin AndroidMoviePlayer
LogPluginManager: Mounting plugin AndroidPermission
LogPluginManager: Mounting plugin AppleMoviePlayer
LogPluginManager: Mounting plugin ArchVisCharacter
LogPluginManager: Mounting plugin CableComponent
LogPluginManager: Mounting plugin CustomMeshComponent
LogPluginManager: Mounting plugin ExampleDeviceProfileSelector
LogPluginManager: Mounting plugin GoogleCloudMessaging
LogPluginManager: Mounting plugin ImmediatePhysics
LogPluginManager: Mounting plugin IOSDeviceProfileSelector
LogPluginManager: Mounting plugin LinuxDeviceProfileSelector
LogPluginManager: Mounting plugin LocationServicesBPLibrary
LogPluginManager: Mounting plugin MobilePatchingUtils
LogPluginManager: Mounting plugin OculusVR
LogPluginManager: Mounting plugin PhysXVehicles
LogPluginManager: Mounting plugin ProceduralMeshComponent
LogPluginManager: Mounting plugin RuntimePhysXCooking
LogPluginManager: Mounting plugin SteamVR
LogPluginManager: Mounting plugin WindowsMoviePlayer
LogInit: Using libcurl 7.47.1
LogInit:  - built for x86_64-pc-win32
LogInit:  - supports SSL with OpenSSL/1.0.2g
LogInit:  - supports HTTP deflate (compression) using libz 1.2.8
LogInit:  - other features:
LogInit:      CURL_VERSION_SSL
LogInit:      CURL_VERSION_LIBZ
LogInit:      CURL_VERSION_IPV6
LogInit:      CURL_VERSION_ASYNCHDNS
LogInit:      CURL_VERSION_LARGEFILE
LogInit:      CURL_VERSION_IDN
LogInit:  CurlRequestOptions (configurable via config and command line):
LogInit:  - bVerifyPeer = false  - Libcurl will NOT verify peer certificate
LogInit:  - bUseHttpProxy = false  - Libcurl will NOT use HTTP proxy
LogInit:  - bDontReuseConnections = false  - Libcurl will reuse connections
LogInit:  - CertBundlePath = nullptr  - Libcurl will use whatever was configured at build time.
LogInit: Build: ++UE4+Release-4.17-CL-3658906
LogInit: Engine Version: 4.17.2-3658906+++UE4+Release-4.17
LogInit: Compatible Engine Version: 4.17.0-3573198+++UE4+Release-4.17
LogInit: Net CL: 3573198
LogDevObjectVersion: Number of dev versions registered: 16
LogDevObjectVersion:   Dev-Blueprints (B0D832E4-1F89-4F0D-ACCF-7EB736FD4AA2): 10
LogDevObjectVersion:   Dev-Build (E1C64328-A22C-4D53-A36C-8E866417BD8C): 0
LogDevObjectVersion:   Dev-Core (375EC13C-06E4-48FB-B500-84F0262A717E): 2
LogDevObjectVersion:   Dev-Editor (E4B068ED-F494-42E9-A231-DA0B2E46BB41): 20
LogDevObjectVersion:   Dev-Framework (CFFC743F-43B0-4480-9391-14DF171D2073): 28
LogDevObjectVersion:   Dev-Mobile (B02B49B5-BB20-44E9-A304-32B752E40360): 0
LogDevObjectVersion:   Dev-Networking (A4E4105C-59A1-49B5-A7C5-40C4547EDFEE): 0
LogDevObjectVersion:   Dev-Online (39C831C9-5AE6-47DC-9A44-9C173E1C8E7C): 0
LogDevObjectVersion:   Dev-Physics (78F01B33-EBEA-4F98-B9B4-84EACCB95AA2): 0
LogDevObjectVersion:   Dev-Platform (6631380F-2D4D-43E0-8009-CF276956A95A): 0
LogDevObjectVersion:   Dev-Rendering (12F88B9F-8875-4AFC-A67C-D90C383ABD29): 19
LogDevObjectVersion:   Dev-Sequencer (7B5AE74C-D270-4C10-A958-57980B212A5A): 4
LogDevObjectVersion:   Dev-VR (D7296918-1DD6-4BDD-9DE2-64A83CC13884): 0
LogDevObjectVersion:   Dev-LoadTimes (C2A15278-BFE7-4AFE-6C17-90FF531DF755): 1
LogDevObjectVersion:   Private-Geometry (6EACA3D4-40EC-4CC1-B786-8BED09428FC5): 1
LogDevObjectVersion:   Dev-AnimPhys (29E575DD-E0A3-4627-9D10-D276232CDCEA): 7
LogInit: Compiled (64-bit): Sep 22 2017 13:47:16
LogInit: Compiled with Visual C++: 19.00.24215.01
LogInit: Build Configuration: Development
LogInit: Branch Name: ++UE4+Release-4.17
LogInit: Command line: -EpicPortal  -epicusername="OXENNorange" -epicuserid=3a96579d56824df6acf06b5d71b70300 -epiclocale=en-US
LogInit: Base directory: C:/Program Files/Epic Games/UE_4.17/Engine/Binaries/Win64/
LogInit: Installed Engine Build: 1
LogInit: Presizing for max 8388607 objects, including 0 objects not considered by GC, pre-allocating 0 bytes for permanent pool.
LogInit: Object subsystem initialized
[2019.01.22-23.38.41:619][  0]LogInit: Selected Device Profile: [Windows]
[2019.01.22-23.38.41:619][  0]LogInit: Applying CVar settings loaded from the selected device profile: [Windows]
[2019.01.22-23.38.41:629][  0]LogInit: Computer: DESKTOP-PR9T6HR
[2019.01.22-23.38.41:629][  0]LogInit: User: OXENN
[2019.01.22-23.38.41:629][  0]LogInit: CPU Page size=4096, Cores=4
[2019.01.22-23.38.41:629][  0]LogInit: High frequency timer resolution =3.914056 MHz
[2019.01.22-23.38.41:629][  0]LogMemory: Memory total: Physical=31.9GB (32GB approx)
[2019.01.22-23.38.41:629][  0]LogMemory: Platform Memory Stats for Windows
[2019.01.22-23.38.41:629][  0]LogMemory: Process Physical Memory: 278.57 MB used, 278.57 MB peak
[2019.01.22-23.38.41:629][  0]LogMemory: Process Virtual Memory: 282.38 MB used, 282.38 MB peak
[2019.01.22-23.38.41:629][  0]LogMemory: Physical Memory: 10565.86 MB used,  22137.69 MB free, 32703.54 MB total
[2019.01.22-23.38.41:629][  0]LogMemory: Virtual Memory: 4813.20 MB used,  22137.69 MB free, 134217728.00 MB total
[2019.01.22-23.38.41:821][  0]LogInit: Using OS detected language (en-US).
[2019.01.22-23.38.41:821][  0]LogInit: Using OS detected locale (en-US).
[2019.01.22-23.38.41:824][  0]LogTextLocalizationManager: No specific localization for 'en-US' exists, so the 'en' localization will be used.
[2019.01.22-23.38.42:432][  0]LogD3D11RHI: D3D11 adapters:
[2019.01.22-23.38.42:470][  0]LogD3D11RHI:    0. 'NVIDIA GeForce GTX 1060 6GB' (Feature Level 11_0)
[2019.01.22-23.38.42:470][  0]LogD3D11RHI:       6061/0/16351 MB DedicatedVideo/DedicatedSystem/SharedSystem, Outputs:2, VendorId:0x10de
[2019.01.22-23.38.42:472][  0]LogD3D11RHI:    1. 'Microsoft Basic Render Driver' (Feature Level 11_0)
[2019.01.22-23.38.42:472][  0]LogD3D11RHI:       0/0/16351 MB DedicatedVideo/DedicatedSystem/SharedSystem, Outputs:0, VendorId:0x1414
[2019.01.22-23.38.42:472][  0]LogD3D11RHI: Chosen D3D11 Adapter: 0
[2019.01.22-23.38.42:478][  0]LogD3D11RHI: Creating new Direct3DDevice
[2019.01.22-23.38.42:478][  0]LogD3D11RHI:     GPU DeviceId: 0x1c03 (for the marketing name, search the web for "GPU Device Id")
[2019.01.22-23.38.42:478][  0]LogWindows: EnumDisplayDevices:
[2019.01.22-23.38.42:478][  0]LogWindows:    0. 'NVIDIA GeForce GTX 1060 6GB' (P:1 D:1)
[2019.01.22-23.38.42:478][  0]LogWindows:    1. 'NVIDIA GeForce GTX 1060 6GB' (P:0 D:1)
[2019.01.22-23.38.42:478][  0]LogWindows:    2. 'NVIDIA GeForce GTX 1060 6GB' (P:0 D:0)
[2019.01.22-23.38.42:479][  0]LogWindows:    3. 'NVIDIA GeForce GTX 1060 6GB' (P:0 D:0)
[2019.01.22-23.38.42:479][  0]LogWindows: DebugString: GetVideoDriverDetailsInvalid PrimaryIsNotTheChoosenAdapter GetVideoDriverDetailsInvalid PrimaryIsNotTheChoosenAdapter GetVideoDriverDetailsInvalid PrimaryIsNotTheChoosenAdapter GetVideoDriverDetailsInvalid PrimaryIsNotTheChoosenAdapter FoundDriverCount:0 
[2019.01.22-23.38.42:479][  0]LogD3D11RHI:     Adapter Name: NVIDIA GeForce GTX 1060 6GB
[2019.01.22-23.38.42:479][  0]LogD3D11RHI:   Driver Version: Unknown (internal:Unknown, unified:Unknown)
[2019.01.22-23.38.42:479][  0]LogD3D11RHI:      Driver Date: Unknown
[2019.01.22-23.38.42:479][  0]LogRHI: Texture pool is 1361 MB (70% of 1945 MB)
[2019.01.22-23.38.42:514][  0]LogD3D11RHI: Async texture creation enabled
[2019.01.22-23.38.42:524][  0]LogD3D11RHI: GPU Timing Frequency: 1000.000000 (Debug: 2 1)
[2019.01.22-23.38.42:616][  0]LogShaderCompilers: Guid format shader working directory is -21 characters bigger than the processId version (../../../../../../Users/OXENN/Documents/Unreal Projects/CCW_30Days/Intermediate/Shaders/WorkingDirectory/16172/).
[2019.01.22-23.38.42:616][  0]LogShaderCompilers: Cleaned the shader compiler working directory 'C:/Users/OXENN/AppData/Local/Temp/UnrealShaderWorkingDir/1DA00AD440D66A75BCE14C98F3AFE712/'.
[2019.01.22-23.38.42:616][  0]LogShaderCompilers: Display: Using Local Shader Compiler.
[2019.01.22-23.38.43:368][  0]LogTemp: Display: Loaded TP AllDesktopTargetPlatform
[2019.01.22-23.38.43:423][  0]LogTemp: Display: Loaded TP MacClientTargetPlatform
[2019.01.22-23.38.43:476][  0]LogTemp: Display: Loaded TP MacNoEditorTargetPlatform
[2019.01.22-23.38.43:530][  0]LogTemp: Display: Loaded TP MacServerTargetPlatform
[2019.01.22-23.38.43:584][  0]LogTemp: Display: Loaded TP MacTargetPlatform
[2019.01.22-23.38.43:638][  0]LogTemp: Display: Loaded TP WindowsClientTargetPlatform
[2019.01.22-23.38.43:694][  0]LogTemp: Display: Loaded TP WindowsNoEditorTargetPlatform
[2019.01.22-23.38.43:749][  0]LogTemp: Display: Loaded TP WindowsServerTargetPlatform
[2019.01.22-23.38.43:798][  0]LogTemp: Display: Loaded TP WindowsTargetPlatform
[2019.01.22-23.38.43:851][  0]LogTemp: Display: Loaded TP AndroidTargetPlatform
[2019.01.22-23.38.43:906][  0]LogTemp: Display: Loaded TP Android_ASTCTargetPlatform
[2019.01.22-23.38.43:996][  0]LogTemp: Display: Loaded TP Android_ATCTargetPlatform
[2019.01.22-23.38.44:096][  0]LogTemp: Display: Loaded TP Android_DXTTargetPlatform
[2019.01.22-23.38.44:150][  0]LogTemp: Display: Loaded TP Android_ETC1TargetPlatform
[2019.01.22-23.38.44:203][  0]LogTemp: Display: Loaded TP Android_ETC2TargetPlatform
[2019.01.22-23.38.44:308][  0]LogTemp: Display: Loaded TP Android_MultiTargetPlatform
[2019.01.22-23.38.44:308][  0]LogTemp: Display: Loaded TP Android_PVRTCTargetPlatform
[2019.01.22-23.38.44:353][  0]LogTemp: Display: Loaded TP HTML5TargetPlatform
[2019.01.22-23.38.44:450][  0]LogTemp: Display: Loaded TP IOSTargetPlatform
[2019.01.22-23.38.44:506][  0]LogTemp: Display: Loaded TP TVOSTargetPlatform
[2019.01.22-23.38.44:565][  0]LogTemp: Display: Loaded TP LinuxClientTargetPlatform
[2019.01.22-23.38.44:617][  0]LogTemp: Display: Loaded TP LinuxNoEditorTargetPlatform
[2019.01.22-23.38.44:669][  0]LogTemp: Display: Loaded TP LinuxServerTargetPlatform
[2019.01.22-23.38.44:722][  0]LogTemp: Display: Loaded TP LinuxTargetPlatform
[2019.01.22-23.38.44:722][  0]LogTargetPlatformManager: Display: Building Assets For Windows
[2019.01.22-23.38.45:305][  0]LogDerivedDataCache: Display: Max Cache Size: 512 MB
[2019.01.22-23.38.45:376][  0]LogDerivedDataCache: Loaded boot cache 0.07s 93MB C:/Users/OXENN/AppData/Local/UnrealEngine/4.17/DerivedDataCache/Boot.ddc.
[2019.01.22-23.38.45:376][  0]LogDerivedDataCache: Display: Loaded Boot cache: C:/Users/OXENN/AppData/Local/UnrealEngine/4.17/DerivedDataCache/Boot.ddc
[2019.01.22-23.38.45:376][  0]LogDerivedDataCache: FDerivedDataBackendGraph:  Pak pak cache file ../../../../../../Users/OXENN/Documents/Unreal Projects/CCW_30Days/DerivedDataCache/DDC.ddp not found, will not use a pak cache.
[2019.01.22-23.38.45:376][  0]LogDerivedDataCache: Unable to find inner node Pak for hierarchical cache Hierarchy.
[2019.01.22-23.38.45:376][  0]LogDerivedDataCache: FDerivedDataBackendGraph:  CompressedPak pak cache file ../../../../../../Users/OXENN/Documents/Unreal Projects/CCW_30Days/DerivedDataCache/Compressed.ddp not found, will not use a pak cache.
[2019.01.22-23.38.45:376][  0]LogDerivedDataCache: Unable to find inner node CompressedPak for hierarchical cache Hierarchy.
[2019.01.22-23.38.45:389][  0]LogDerivedDataCache: Display: Pak cache opened for reading ../../../Engine/DerivedDataCache/Compressed.ddp.
[2019.01.22-23.38.45:401][  0]LogDerivedDataCache: Using Local data cache path C:/Users/OXENN/AppData/Local/UnrealEngine/Common/DerivedDataCache: Writable
[2019.01.22-23.38.45:409][  0]LogMaterial: Verifying Global Shaders for PCD3D_SM5
[2019.01.22-23.38.45:409][  0]LogSlate: Using Freetype 2.6.0
[2019.01.22-23.38.45:410][  0]LogSlate: SlateFontCache - WITH_FREETYPE: 1, WITH_HARFBUZZ: 1
[2019.01.22-23.38.45:410][  0]LogSlate: SlateFontCache - WITH_FREETYPE: 1, WITH_HARFBUZZ: 1
[2019.01.22-23.38.45:632][  0]LogAssetRegistry: FAssetRegistry took 0.0257 seconds to start up
[2019.01.22-23.38.45:731][  0]LogInit: Selected Device Profile: [Windows]
[2019.01.22-23.38.45:857][  0]LogContentStreaming: Texture pool size is 0.00 MB
[2019.01.22-23.38.46:163][  0]LogSimplygon: Simplygon DLL not present - disabling.
[2019.01.22-23.38.46:209][  0]LogMeshReduction: Using SimplygonSwarm for distributed automatic mesh merging
[2019.01.22-23.38.46:209][  0]LogMeshReduction: Using QuadricMeshReduction for automatic static mesh reduction
[2019.01.22-23.38.46:209][  0]LogMeshReduction: No automatic skeletal mesh reduction module available
[2019.01.22-23.38.46:209][  0]LogMeshReduction: No automatic mesh merging module available
[2019.01.22-23.38.46:209][  0]LogMeshMerging: No automatic mesh merging module available
[2019.01.22-23.38.46:555][  0]LogNetVersion: CCW_30Days , NetCL: 3573198, EngineNetVer: 2, GameNetVer: 0 (Checksum: 3455196216)
[2019.01.22-23.38.46:755][  0]LogPackageLocalizationCache: Processed 5 localized package path(s) for 2 prioritized culture(s) in 0.038842 seconds
[2019.01.22-23.38.46:760][  0]LogUObjectArray: 35825 objects as part of root set at end of initial load.
[2019.01.22-23.38.46:760][  0]LogUObjectAllocator: 7529104 out of 0 bytes used by permanent object pool.
[2019.01.22-23.38.46:760][  0]LogUObjectArray: CloseDisregardForGC: 0/0 objects in disregard for GC pool
[2019.01.22-23.38.46:829][  0]LogInit: WinSock: version 1.1 (2.2), MaxSocks=32767, MaxUdp=65467
[2019.01.22-23.38.49:499][  0]LogSubstanceCoreModule: Substance [CPU] Engine Loaded, Max Texture Size = 2048
[2019.01.22-23.38.49:533][  0]LogTcpMessaging: Initializing TcpMessaging bridge
[2019.01.22-23.38.49:576][  0]LogUdpMessaging: Initializing bridge on interface 0.0.0.0:0 to multicast group 230.0.0.1:6666.
[2019.01.22-23.38.50:310][  0]LogMaterial: Uniform references updated for custom material expression Custom.
[2019.01.22-23.38.50:753][  0]SourceControl: Source control is disabled
[2019.01.22-23.38.50:754][  0]SourceControl: Source control is disabled
[2019.01.22-23.38.50:806][  0]SourceControl: Source control is disabled
[2019.01.22-23.38.50:857][  0]SourceControl: Source control is disabled
[2019.01.22-23.38.51:494][  0]LogAndroidPermission: UAndroidPermissionCallbackProxy::GetInstance
[2019.01.22-23.38.51:760][  0]LogOcInput: OculusInput pre-init called
[2019.01.22-23.38.52:242][  0]LogEngine: Initializing Engine...
[2019.01.22-23.38.52:243][  0]LogHMD: Failed to initialize OpenVR with code 110
[2019.01.22-23.38.52:418][  0]LogStats: UGameplayTagsManager::ConstructGameplayTagTree: Construct from data asset -  0.000 s
[2019.01.22-23.38.52:418][  0]LogStats: UGameplayTagsManager::ConstructGameplayTagTree: GameplayTagTreeChangedEvent.Broadcast -  0.000 s
[2019.01.22-23.38.52:557][  0]LogAIModule: Creating AISystem for world Untitled
[2019.01.22-23.38.52:568][  0]LogInit: XAudio2 using 'Speakers (Realtek High Definition Audio)' : 2 channels at 48 kHz using 32 bits per sample (channel mask 0x3)
[2019.01.22-23.38.52:585][  0]LogInit: FAudioDevice initialized.
[2019.01.22-23.38.52:664][  0]LogDerivedDataCache: Saved boot cache 0.08s 93MB C:/Users/OXENN/AppData/Local/UnrealEngine/4.17/DerivedDataCache/Boot.ddc.
[2019.01.22-23.38.52:688][  0]LogInit: Texture streaming: Enabled
[2019.01.22-23.38.52:812][  0]LogEngineSessionManager: EngineSessionManager initialized
[2019.01.22-23.38.53:052][  0]LogInit: Transaction tracking system initialized
[2019.01.22-23.38.53:396][  0]BlueprintLog: New page: Editor Load
[2019.01.22-23.38.54:383][  0]LocalizationService: Localization service is disabled
[2019.01.22-23.38.55:142][  0]LogConsoleResponse: Display: 
[2019.01.22-23.38.55:309][  0]LogCook: Display: Max memory allowance for cook 16384mb min free memory 0mb
[2019.01.22-23.38.55:309][  0]LogCook: Display: Mobile HDR setting 1
[2019.01.22-23.38.55:309][  0]LogGameplayTags: Display: UGameplayTagsManager::DoneAddingNativeTags. DelegateIsBound: 0
[2019.01.22-23.38.55:607][  0]LogFileCache: Scanning file cache for directory 'C:/Users/OXENN/Documents/Unreal Projects/CCW_30Days/Content/' took 0.01s
[2019.01.22-23.38.56:454][  0]SourceControl: Source control is disabled
[2019.01.22-23.38.56:454][  0]Cmd: MAP LOAD FILE="../../../../../../Users/OXENN/Documents/Unreal Projects/CCW_30Days/Content/ThirdPersonBP/Maps/ThirdPersonExampleMap.umap" TEMPLATE=0 SHOWPROGRESS=1 FEATURELEVEL=3
[2019.01.22-23.38.56:454][  0]LogEditorServer: Warning: Can't find file '../../../../../../Users/OXENN/Documents/Unreal Projects/CCW_30Days/Content/ThirdPersonBP/Maps/ThirdPersonExampleMap.umap'
[2019.01.22-23.38.56:454][  0]Cmd: MAP CHECKDEP NOCLEARLOG
[2019.01.22-23.38.56:498][  0]MapCheck: Map check complete: 0 Error(s), 0 Warning(s), took 43.704ms to complete.
[2019.01.22-23.38.56:498][  0]LogFileHelpers: Loading map 'ThirdPersonExampleMap' took 0.044
[2019.01.22-23.38.56:693][  0]LogCollectionManager: Loaded 0 collections in 0.001689 seconds
[2019.01.22-23.38.56:831][  0]LogFileCache: Scanning file cache for directory 'C:/Users/OXENN/Documents/Unreal Projects/CCW_30Days/Saved/Collections/' took 0.01s
[2019.01.22-23.38.56:831][  0]LogFileCache: Scanning file cache for directory 'C:/Users/OXENN/Documents/Unreal Projects/CCW_30Days/Content/Developers/OXENN/Collections/' took 0.01s
[2019.01.22-23.38.56:831][  0]LogFileCache: Scanning file cache for directory 'C:/Users/OXENN/Documents/Unreal Projects/CCW_30Days/Content/Collections/' took 0.01s
[2019.01.22-23.38.56:831][  0]LogCollectionManager: Rebuilt the GUID cache for 0 collections in 0.000001 seconds
[2019.01.22-23.38.56:839][  0]LogContentBrowser: Native class hierarchy populated in 0.0073 seconds. Added 2400 classes and 506 folders.
[2019.01.22-23.38.56:932][  0]LogContentBrowser: Native class hierarchy updated for 'WidgetCarousel' in 0.0005 seconds. Added 0 classes and 0 folders.
[2019.01.22-23.38.56:967][  0]LogContentBrowser: Native class hierarchy updated for 'AddContentDialog' in 0.0005 seconds. Added 0 classes and 0 folders.
[2019.01.22-23.38.57:015][  0]LogContentBrowser: Native class hierarchy updated for 'SceneOutliner' in 0.0005 seconds. Added 1 classes and 2 folders.
[2019.01.22-23.38.57:042][  0]LogDirectoryWatcher: Warning: Failed to begin reading directory changes for ../../../../../../Users/OXENN/Documents/Unreal Projects/CCW_30Days/Plugins/. Error: The system cannot find the file specified. (0x00000002)
[2019.01.22-23.38.57:047][  0]LogSlate: Took 0.000193 seconds to synchronously load lazily loaded font '../../../Engine/Content/Slate/Fonts/Roboto-Regular.ttf' (155K)
[2019.01.22-23.38.57:050][  0]LogSlate: Took 0.000225 seconds to synchronously load lazily loaded font '../../../Engine/Content/Slate/Fonts/Roboto-Bold.ttf' (160K)
[2019.01.22-23.38.57:056][  0]LogSlate: Took 0.000184 seconds to synchronously load lazily loaded font '../../../Engine/Content/Editor/Slate/Fonts/FontAwesome.ttf' (139K)
[2019.01.22-23.38.57:137][  0]LogRenderer: Reallocating scene render targets to support 1208x576 Format 10 NumSamples 1 (Frame:1).
[2019.01.22-23.38.57:300][  0]LogContentBrowser: Native class hierarchy updated for 'HierarchicalLODOutliner' in 0.0005 seconds. Added 1 classes and 2 folders.
[2019.01.22-23.38.57:300][  0]LogLoad: (Engine Initialization) Total time: 17.38 seconds
[2019.01.22-23.38.57:300][  0]LogLoad: (Engine Initialization) Total Blueprint compile time: 0.00 seconds
[2019.01.22-23.38.57:300][  0]LogExternalProfiler: Found external profiler: VSPerf
[2019.01.22-23.38.57:300][  0]LogExternalProfiler: Using external profiler: VSPerf
[2019.01.22-23.38.57:309][  0]LogWindowsTextInputMethodSystem: Display: IME system now deactivated.
[2019.01.22-23.38.57:325][  0]LogAssetRegistry: Asset discovery search completed in 11.7160 seconds
[2019.01.22-23.38.57:326][  0]LogCollectionManager: Rebuilt the object cache for 0 collections in 0.000001 seconds (found 0 objects)
[2019.01.22-23.38.57:326][  0]LogCollectionManager: Fixed up redirectors for 0 collections in 0.000042 seconds (updated 0 objects)
[2019.01.22-23.38.57:328][  0]LogContentStreaming: Texture pool size now 1000 MB
[2019.01.22-23.38.57:365][  0]LogSlate: Took 0.000165 seconds to synchronously load lazily loaded font '../../../Engine/Content/Slate/Fonts/Roboto-Light.ttf' (159K)
[2019.01.22-23.39.01:362][478]LogDirectoryWatcher: A directory notification for '../../../Engine/Plugins/' was aborted.
[2019.01.22-23.39.10:365][613]LogSlate: Took 0.000134 seconds to synchronously load lazily loaded font '../../../Engine/Content/Slate/Fonts/Roboto-Light.ttf' (159K)
[2019.01.22-23.39.10:572][613]Cmd: OBJ SAVEPACKAGE PACKAGE="/Game/TestLevel" FILE="../../../../../../Users/OXENN/Documents/Unreal Projects/CCW_30Days/Content/TestLevel.umap" SILENT=true AUTOSAVING=false KEEPDIRTY=false
[2019.01.22-23.39.10:591][613]LogSavePackage: Save=7.86ms
[2019.01.22-23.39.10:591][613]LogSavePackage: Moving '../../../../../../Users/OXENN/Documents/Unreal Projects/CCW_30Days/Saved/TestLevelA09FCA15468CAE2D921BB7A702C934A2.tmp' to '../../../../../../Users/OXENN/Documents/Unreal Projects/CCW_30Days/Content/TestLevel.umap'
[2019.01.22-23.39.10:591][613]LogSavePackage: Display: Finished SavePackage ../../../../../../Users/OXENN/Documents/Unreal Projects/CCW_30Days/Content/TestLevel.umap
[2019.01.22-23.39.10:615][613]LogFileHelpers: Saving map 'TestLevel' took 0.305
[2019.01.22-23.39.37:639][711]LogSavePackage: Save=9.06ms
[2019.01.22-23.39.37:640][711]LogSavePackage: Moving '../../../../../../Users/OXENN/Documents/Unreal Projects/CCW_30Days/Saved/TwoPlayerArena269D25C544EE98B18415128835B9D2FC.tmp' to '../../../../../../Users/OXENN/Documents/Unreal Projects/CCW_30Days/Content/HellYeahContent/Levels/TwoPlayerArena.umap'
[2019.01.22-23.39.37:642][711]LogSavePackage: Display: Finished SavePackage ../../../../../../Users/OXENN/Documents/Unreal Projects/CCW_30Days/Content/HellYeahContent/Levels/TwoPlayerArena.umap
[2019.01.22-23.39.37:642][711]LogFileHelpers: Saving map 'TwoPlayerArena' took 0.069
[2019.01.22-23.39.37:644][711]Cmd: MAP LOAD FILE="../../../../../../Users/OXENN/Documents/Unreal Projects/CCW_30Days/Content/HellYeahContent/Levels/TwoPlayerArena.umap" TEMPLATE=0 SHOWPROGRESS=1 FEATURELEVEL=3
[2019.01.22-23.39.37:644][711]LightingResults: New page: Lighting Build
[2019.01.22-23.39.37:691][711]LogContentBrowser: Native class hierarchy updated for 'StatsViewer' in 0.0005 seconds. Added 5 classes and 0 folders.
[2019.01.22-23.39.37:691][711]LoadErrors: New page: Loading map: TwoPlayerArena.umap
[2019.01.22-23.39.37:692][711]MapCheck: New page: Map Check
[2019.01.22-23.39.37:692][711]LightingResults: New page: Lighting Build
[2019.01.22-23.39.37:700][711]LogEditorServer: Finished looking for orphan Actors (0.000 secs)
[2019.01.22-23.39.37:700][711]LogAIModule: Creating AISystem for world TwoPlayerArena
[2019.01.22-23.39.37:708][711]LogSlate: Took 0.000145 seconds to synchronously load lazily loaded font '../../../Engine/Content/Slate/Fonts/Roboto-Regular.ttf' (155K)
[2019.01.22-23.39.37:726][711]Cmd: MAP CHECKDEP NOCLEARLOG
[2019.01.22-23.39.37:771][711]MapCheck: Map check complete: 0 Error(s), 0 Warning(s), took 45.046ms to complete.
[2019.01.22-23.39.37:772][711]LogFileHelpers: Loading map 'TwoPlayerArena' took 0.128
[2019.01.22-23.39.38:845][836]Cmd: MAP LOAD FILE="../../../../../../Users/OXENN/Documents/Unreal Projects/CCW_30Days/Content/HellYeahContent/Levels/TwoPlayerArena.umap" TEMPLATE=0 SHOWPROGRESS=1 FEATURELEVEL=3
[2019.01.22-23.39.38:845][836]LightingResults: New page: Lighting Build
[2019.01.22-23.39.38:846][836]LoadErrors: New page: Loading map: TwoPlayerArena.umap
[2019.01.22-23.39.38:846][836]MapCheck: New page: Map Check
[2019.01.22-23.39.38:846][836]LightingResults: New page: Lighting Build
[2019.01.22-23.39.38:856][836]LogAIModule: Creating AISystem for world TwoPlayerArena
[2019.01.22-23.39.38:857][836]LogEditorServer: Finished looking for orphan Actors (0.000 secs)
[2019.01.22-23.39.38:879][836]Cmd: MAP CHECKDEP NOCLEARLOG
[2019.01.22-23.39.38:928][836]MapCheck: Map check complete: 0 Error(s), 0 Warning(s), took 48.37ms to complete.
[2019.01.22-23.39.38:929][836]LogFileHelpers: Loading map 'TwoPlayerArena' took 0.084
[2019.01.22-23.39.45:609][354]Cmd: MAP LOAD FILE="../../../Engine/Content/Maps/Templates/Template_Default.umap" TEMPLATE=1 SHOWPROGRESS=1 FEATURELEVEL=3
[2019.01.22-23.39.45:624][354]LightingResults: New page: Lighting Build
[2019.01.22-23.39.45:625][354]LoadErrors: New page: Loading map: Template_Default.umap
[2019.01.22-23.39.45:626][354]MapCheck: New page: Map Check
[2019.01.22-23.39.45:626][354]LightingResults: New page: Lighting Build
[2019.01.22-23.39.45:783][354]LogAIModule: Creating AISystem for world Untitled_1
[2019.01.22-23.39.45:791][354]LogEditorServer: Finished looking for orphan Actors (0.000 secs)
[2019.01.22-23.39.45:806][354]Cmd: MAP CHECKDEP NOCLEARLOG
[2019.01.22-23.39.45:856][354]MapCheck: Map check complete: 0 Error(s), 0 Warning(s), took 49.82ms to complete.
[2019.01.22-23.39.45:856][354]LogFileHelpers: Loading map 'Template_Default' took 0.249
[2019.01.22-23.39.48:292][644]LogAIModule: Creating AISystem for world TwoPlayerArena
[2019.01.22-23.40.16:043][882]LogSavePackage: Save=22.78ms
[2019.01.22-23.40.16:043][882]LogSavePackage: Moving '../../../../../../Users/OXENN/Documents/Unreal Projects/CCW_30Days/Saved/TwoPlayerArena92E0FBDA41E96873CF7B8CB0A7014806.tmp' to '../../../../../../Users/OXENN/Documents/Unreal Projects/CCW_30Days/Content/HellYeahContent/Levels/TwoPlayerArena.umap'
[2019.01.22-23.40.16:044][882]LogSavePackage: Display: Finished SavePackage ../../../../../../Users/OXENN/Documents/Unreal Projects/CCW_30Days/Content/HellYeahContent/Levels/TwoPlayerArena.umap
[2019.01.22-23.40.16:072][882]LogSavePackage: Save=10.00ms
[2019.01.22-23.40.16:072][882]LogSavePackage: Moving '../../../../../../Users/OXENN/Documents/Unreal Projects/CCW_30Days/Saved/TwoPlayerArena_BuiltData5284210F451E5999EF54249720C1A9FA.tmp' to '../../../../../../Users/OXENN/Documents/Unreal Projects/CCW_30Days/Content/HellYeahContent/Levels/TwoPlayerArena_BuiltData.uasset'
[2019.01.22-23.40.16:073][882]LogSavePackage: Display: Finished SavePackage ../../../../../../Users/OXENN/Documents/Unreal Projects/CCW_30Days/Content/HellYeahContent/Levels/TwoPlayerArena_BuiltData.uasset
[2019.01.22-23.40.16:078][882]LogFileHelpers: Saving map 'TwoPlayerArena' took 0.155
[2019.01.22-23.40.26:067][ 70]LogSavePackage: Save=23.18ms
[2019.01.22-23.40.26:067][ 70]LogSavePackage: Moving '../../../../../../Users/OXENN/Documents/Unreal Projects/CCW_30Days/Saved/TwoPlayerArena642A3D49406ED10C292C5FB1217C98DA.tmp' to '../../../../../../Users/OXENN/Documents/Unreal Projects/CCW_30Days/Content/HellYeahContent/Levels/TwoPlayerArena.umap'
[2019.01.22-23.40.26:068][ 70]LogSavePackage: Display: Finished SavePackage ../../../../../../Users/OXENN/Documents/Unreal Projects/CCW_30Days/Content/HellYeahContent/Levels/TwoPlayerArena.umap
[2019.01.22-23.40.26:099][ 70]LogSavePackage: Save=9.49ms
[2019.01.22-23.40.26:099][ 70]LogSavePackage: Moving '../../../../../../Users/OXENN/Documents/Unreal Projects/CCW_30Days/Saved/TwoPlayerArena_BuiltDataDCC981964C57011C8856F8AF3EA42FC0.tmp' to '../../../../../../Users/OXENN/Documents/Unreal Projects/CCW_30Days/Content/HellYeahContent/Levels/TwoPlayerArena_BuiltData.uasset'
[2019.01.22-23.40.26:100][ 70]LogSavePackage: Display: Finished SavePackage ../../../../../../Users/OXENN/Documents/Unreal Projects/CCW_30Days/Content/HellYeahContent/Levels/TwoPlayerArena_BuiltData.uasset
[2019.01.22-23.40.32:012][770]LogWindowsTextInputMethodSystem: Display: IME system now deactivated.
[2019.01.22-23.40.32:170][771]Cmd: QUIT_EDITOR
[2019.01.22-23.40.32:192][771]LogExit: Preparing to exit.
[2019.01.22-23.40.32:760][771]LogDirectoryWatcher: A directory notification for 'C:/Users/OXENN/Documents/Unreal Projects/CCW_30Days/Content/' was aborted.
[2019.01.22-23.40.32:784][771]LogExit: Editor shut down
[2019.01.22-23.40.32:787][771]LogExit: Transaction tracking system shut down
[2019.01.22-23.40.32:901][771]LogDirectoryWatcher: A directory notification for '../../../Engine/Content/' was aborted.
[2019.01.22-23.40.32:901][771]LogDirectoryWatcher: A directory notification for '../../../../../../Users/OXENN/Documents/Unreal Projects/CCW_30Days/Content/' was aborted.
[2019.01.22-23.40.32:901][771]LogDirectoryWatcher: A directory notification for '../../../Engine/Plugins/2D/Paper2D/Content/' was aborted.
[2019.01.22-23.40.32:901][771]LogDirectoryWatcher: A directory notification for '../../../Engine/Plugins/Runtime/Oculus/OculusVR/Content/' was aborted.
[2019.01.22-23.40.32:902][771]LogDirectoryWatcher: A directory notification for '../../../Engine/Plugins/Runtime/Steam/SteamVR/Content/' was aborted.
[2019.01.22-23.40.32:951][771]LogExit: Object subsystem successfully closed.
[2019.01.22-23.40.32:975][771]LogD3D11RHI: Shutdown
[2019.01.22-23.40.32:975][771]LogD3D11RHI: CleanupD3DDevice
[2019.01.22-23.40.33:036][771]LogD3D11RHI: ~FD3D11DynamicRHI
[2019.01.22-23.40.33:054][771]LogModuleManager: Shutting down and abandoning module NewLevelDialog (538)
[2019.01.22-23.40.33:054][771]LogModuleManager: Shutting down and abandoning module StatsViewer (536)
[2019.01.22-23.40.33:054][771]LogModuleManager: Shutting down and abandoning module HierarchicalLODOutliner (534)
[2019.01.22-23.40.33:054][771]LogModuleManager: Shutting down and abandoning module SceneOutliner (532)
[2019.01.22-23.40.33:054][771]LogModuleManager: Shutting down and abandoning module AddContentDialog (530)
[2019.01.22-23.40.33:055][771]LogDirectoryWatcher: A directory notification for 'C:/Program Files/Epic Games/UE_4.17/FeaturePacks/' was aborted.
[2019.01.22-23.40.33:055][771]LogModuleManager: Shutting down and abandoning module WidgetCarousel (529)
[2019.01.22-23.40.33:055][771]LogModuleManager: Shutting down and abandoning module EditorWidgets (526)
[2019.01.22-23.40.33:055][771]LogModuleManager: Shutting down and abandoning module CollectionManager (524)
[2019.01.22-23.40.33:055][771]LogDirectoryWatcher: A directory notification for 'C:/Users/OXENN/Documents/Unreal Projects/CCW_30Days/Content/Collections/' was aborted.
[2019.01.22-23.40.33:055][771]LogDirectoryWatcher: A directory notification for 'C:/Users/OXENN/Documents/Unreal Projects/CCW_30Days/Content/Developers/OXENN/Collections/' was aborted.
[2019.01.22-23.40.33:055][771]LogDirectoryWatcher: A directory notification for 'C:/Users/OXENN/Documents/Unreal Projects/CCW_30Days/Saved/Collections/' was aborted.
[2019.01.22-23.40.33:055][771]LogModuleManager: Shutting down and abandoning module FoliageEdit (522)
[2019.01.22-23.40.33:055][771]LogModuleManager: Shutting down and abandoning module LandscapeEditor (520)
[2019.01.22-23.40.33:055][771]LogModuleManager: Shutting down and abandoning module MeshPaintMode (518)
[2019.01.22-23.40.33:055][771]LogModuleManager: Shutting down and abandoning module SceneDepthPickerMode (516)
[2019.01.22-23.40.33:055][771]LogModuleManager: Shutting down and abandoning module ActorPickerMode (514)
[2019.01.22-23.40.33:055][771]LogModuleManager: Shutting down and abandoning module GeometryMode (512)
[2019.01.22-23.40.33:055][771]LogModuleManager: Shutting down and abandoning module TextureAlignMode (510)
[2019.01.22-23.40.33:055][771]LogModuleManager: Shutting down and abandoning module BspMode (508)
[2019.01.22-23.40.33:055][771]LogModuleManager: Shutting down and abandoning module PIEPreviewDeviceProfileSelector (506)
[2019.01.22-23.40.33:055][771]LogModuleManager: Shutting down and abandoning module HardwareSurvey (504)
[2019.01.22-23.40.33:055][771]LogModuleManager: Shutting down and abandoning module SequenceRecorderSections (502)
[2019.01.22-23.40.33:055][771]LogModuleManager: Shutting down and abandoning module AutomationWorker (500)
[2019.01.22-23.40.33:055][771]LogModuleManager: Shutting down and abandoning module MatineeToLevelSequence (498)
[2019.01.22-23.40.33:055][771]LogModuleManager: Shutting down and abandoning module LevelSequenceEditor (496)
[2019.01.22-23.40.33:056][771]LogModuleManager: Shutting down and abandoning module PlacementMode (495)
[2019.01.22-23.40.33:056][771]LogModuleManager: Shutting down and abandoning module WmfMediaFactory (492)
[2019.01.22-23.40.33:056][771]LogModuleManager: Shutting down and abandoning module WmfMediaEditor (490)
[2019.01.22-23.40.33:056][771]LogModuleManager: Shutting down and abandoning module AvfMediaFactory (488)
[2019.01.22-23.40.33:056][771]LogModuleManager: Shutting down and abandoning module AvfMediaEditor (486)
[2019.01.22-23.40.33:056][771]LogModuleManager: Shutting down and abandoning module AndroidMediaFactory (484)
[2019.01.22-23.40.33:056][771]LogModuleManager: Shutting down and abandoning module Media (483)
[2019.01.22-23.40.33:056][771]LogModuleManager: Shutting down and abandoning module AndroidMediaEditor (480)
[2019.01.22-23.40.33:056][771]LogModuleManager: Shutting down and abandoning module CharacterAI (478)
[2019.01.22-23.40.33:056][771]LogModuleManager: Shutting down and abandoning module AudioCapture (476)
[2019.01.22-23.40.33:056][771]LogModuleManager: Shutting down and abandoning module SequenceRecorder (475)
[2019.01.22-23.40.33:056][771]LogModuleManager: Shutting down and abandoning module SmartSnapping (472)
[2019.01.22-23.40.33:056][771]LogModuleManager: Shutting down and abandoning module SessionServices (470)
[2019.01.22-23.40.33:056][771]LogModuleManager: Shutting down and abandoning module ViewportSnapping (468)
[2019.01.22-23.40.33:056][771]LogModuleManager: Shutting down and abandoning module ViewportInteraction (466)
[2019.01.22-23.40.33:056][771]LogModuleManager: Shutting down and abandoning module ClothPainter (464)
[2019.01.22-23.40.33:056][771]LogModuleManager: Shutting down and abandoning module LogVisualizer (462)
[2019.01.22-23.40.33:056][771]LogModuleManager: Shutting down and abandoning module IntroTutorials (460)
[2019.01.22-23.40.33:056][771]LogModuleManager: Shutting down and abandoning module GameProjectGeneration (459)
[2019.01.22-23.40.33:056][771]LogModuleManager: Shutting down and abandoning module IOSPlatformEditor (456)
[2019.01.22-23.40.33:056][771]LogModuleManager: Shutting down and abandoning module HTML5PlatformEditor (454)
[2019.01.22-23.40.33:056][771]LogModuleManager: Shutting down and abandoning module AndroidPlatformEditor (452)
[2019.01.22-23.40.33:056][771]LogModuleManager: Shutting down and abandoning module AndroidDeviceDetection (451)
[2019.01.22-23.40.33:854][771]LogModuleManager: Shutting down and abandoning module WindowsPlatformEditor (448)
[2019.01.22-23.40.33:854][771]LogModuleManager: Shutting down and abandoning module IOSRuntimeSettings (446)
[2019.01.22-23.40.33:854][771]LogModuleManager: Shutting down and abandoning module AndroidRuntimeSettings (444)
[2019.01.22-23.40.33:854][771]LogModuleManager: Shutting down and abandoning module InputBindingEditor (442)
[2019.01.22-23.40.33:854][771]LogModuleManager: Shutting down and abandoning module MergeActors (440)
[2019.01.22-23.40.33:855][771]LogModuleManager: Shutting down and abandoning module SizeMap (438)
[2019.01.22-23.40.33:855][771]LogModuleManager: Shutting down and abandoning module TreeMap (436)
[2019.01.22-23.40.33:855][771]LogModuleManager: Shutting down and abandoning module ReferenceViewer (434)
[2019.01.22-23.40.33:855][771]LogModuleManager: Shutting down and abandoning module LocalizationDashboard (432)
[2019.01.22-23.40.33:855][771]LogModuleManager: Shutting down and abandoning module LocalizationService (431)
[2019.01.22-23.40.33:855][771]LogModuleManager: Shutting down and abandoning module HardwareTargeting (428)
[2019.01.22-23.40.33:855][771]LogModuleManager: Shutting down and abandoning module DeviceProfileEditor (426)
[2019.01.22-23.40.33:855][771]LogModuleManager: Shutting down and abandoning module UndoHistory (424)
[2019.01.22-23.40.33:855][771]LogModuleManager: Shutting down and abandoning module XmlParser (422)
[2019.01.22-23.40.33:855][771]LogModuleManager: Shutting down and abandoning module Blutility (420)
[2019.01.22-23.40.33:855][771]LogModuleManager: Shutting down and abandoning module ProjectSettingsViewer (418)
[2019.01.22-23.40.33:855][771]LogModuleManager: Shutting down and abandoning module ProjectTargetPlatformEditor (417)
[2019.01.22-23.40.33:855][771]LogModuleManager: Shutting down and abandoning module EditorSettingsViewer (414)
[2019.01.22-23.40.33:855][771]LogModuleManager: Shutting down and abandoning module SettingsEditor (412)
[2019.01.22-23.40.33:855][771]LogModuleManager: Shutting down and abandoning module ProjectLauncher (410)
[2019.01.22-23.40.33:855][771]LogModuleManager: Shutting down and abandoning module SessionFrontend (408)
[2019.01.22-23.40.33:855][771]LogModuleManager: Shutting down and abandoning module ProfilerClient (406)
[2019.01.22-23.40.33:855][771]LogModuleManager: Shutting down and abandoning module DeviceManager (404)
[2019.01.22-23.40.33:855][771]LogModuleManager: Shutting down and abandoning module TargetDeviceServices (403)
[2019.01.22-23.40.33:922][771]LogModuleManager: Shutting down and abandoning module AutomationController (400)
[2019.01.22-23.40.33:922][771]LogModuleManager: Shutting down and abandoning module AutomationWindow (398)
[2019.01.22-23.40.33:922][771]LogModuleManager: Shutting down and abandoning module Layers (396)
[2019.01.22-23.40.33:922][771]LogModuleManager: Shutting down and abandoning module ComponentVisualizers (394)
[2019.01.22-23.40.33:922][771]LogModuleManager: Shutting down and abandoning module DetailCustomizations (392)
[2019.01.22-23.40.33:922][771]LogModuleManager: Shutting down and abandoning module PackagesDialog (390)
[2019.01.22-23.40.33:922][771]LogModuleManager: Shutting down and abandoning module Persona (388)
[2019.01.22-23.40.33:922][771]LogModuleManager: Shutting down and abandoning module AdvancedPreviewScene (387)
[2019.01.22-23.40.33:922][771]LogModuleManager: Shutting down and abandoning module AnimGraph (385)
[2019.01.22-23.40.33:922][771]LogModuleManager: Shutting down and abandoning module Kismet (382)
[2019.01.22-23.40.33:923][771]LogModuleManager: Shutting down and abandoning module ClassViewer (380)
[2019.01.22-23.40.33:923][771]LogModuleManager: Shutting down and abandoning module Toolbox (378)
[2019.01.22-23.40.33:923][771]LogModuleManager: Shutting down and abandoning module ModuleUI (376)
[2019.01.22-23.40.33:923][771]LogModuleManager: Shutting down and abandoning module MovieSceneTools (374)
[2019.01.22-23.40.33:923][771]LogModuleManager: Shutting down and abandoning module OutputLog (372)
[2019.01.22-23.40.33:923][771]LogModuleManager: Shutting down and abandoning module GammaUI (370)
[2019.01.22-23.40.33:923][771]LogModuleManager: Shutting down and abandoning module Documentation (368)
[2019.01.22-23.40.33:923][771]LogModuleManager: Shutting down and abandoning module MovieSceneTracks (366)
[2019.01.22-23.40.33:923][771]LogModuleManager: Shutting down and abandoning module MovieScene (364)
[2019.01.22-23.40.33:923][771]LogModuleManager: Shutting down and abandoning module Niagara (362)
[2019.01.22-23.40.33:923][771]LogModuleManager: Shutting down and abandoning module NiagaraEditor (361)
[2019.01.22-23.40.33:923][771]LogModuleManager: Shutting down and abandoning module StreamingPauseRendering (358)
[2019.01.22-23.40.33:923][771]LogModuleManager: Shutting down and abandoning module LauncherPlatform (356)
[2019.01.22-23.40.33:923][771]LogModuleManager: Shutting down and abandoning module AnalyticsET (354)
[2019.01.22-23.40.33:923][771]LogModuleManager: Shutting down and abandoning module PortalServices (352)
[2019.01.22-23.40.33:923][771]LogModuleManager: Shutting down and abandoning module PortalRpc (350)
[2019.01.22-23.40.33:924][771]LogModuleManager: Shutting down and abandoning module MessagingRpc (348)
[2019.01.22-23.40.33:924][771]LogModuleManager: Shutting down and abandoning module AIModule (346)
[2019.01.22-23.40.33:924][771]LogModuleManager: Shutting down and abandoning module GameplayDebugger (345)
[2019.01.22-23.40.33:924][771]LogModuleManager: Shutting down and abandoning module AITestSuite (343)
[2019.01.22-23.40.33:924][771]LogModuleManager: Shutting down and abandoning module ProfilerService (340)
[2019.01.22-23.40.34:143][771]LogModuleManager: Shutting down and abandoning module TaskGraph (338)
[2019.01.22-23.40.34:143][771]LogModuleManager: Shutting down and abandoning module SubstanceSource (336)
[2019.01.22-23.40.34:143][771]LogModuleManager: Shutting down and abandoning module SubstanceEditor (334)
[2019.01.22-23.40.34:143][771]LogModuleManager: Shutting down and abandoning module SteamVRController (332)
[2019.01.22-23.40.34:143][771]LogModuleManager: Shutting down and abandoning module ProceduralMeshComponentEditor (330)
[2019.01.22-23.40.34:143][771]LogModuleManager: Shutting down and abandoning module ProceduralMeshComponent (328)
[2019.01.22-23.40.34:143][771]LogModuleManager: Shutting down and abandoning module OculusInput (326)
[2019.01.22-23.40.34:143][771]LogModuleManager: Shutting down and abandoning module MobilePatchingUtils (324)
[2019.01.22-23.40.34:143][771]LogModuleManager: Shutting down and abandoning module CustomMeshComponent (322)
[2019.01.22-23.40.34:143][771]LogModuleManager: Shutting down and abandoning module CableComponent (320)
[2019.01.22-23.40.34:143][771]LogModuleManager: Shutting down and abandoning module ArchVisCharacter (318)
[2019.01.22-23.40.34:143][771]LogModuleManager: Shutting down and abandoning module AndroidPermission (316)
[2019.01.22-23.40.34:143][771]LogModuleManager: Shutting down and abandoning module MediaPlayerEditor (312)
[2019.01.22-23.40.34:144][771]LogModuleManager: Shutting down and abandoning module HTML5Networking (310)
[2019.01.22-23.40.34:144][771]LogModuleManager: Shutting down and abandoning module AlembicImporter (308)
[2019.01.22-23.40.34:144][771]LogModuleManager: Shutting down and abandoning module AlembicLibrary (307)
[2019.01.22-23.40.34:144][771]LogModuleManager: Shutting down and abandoning module GeometryCache (306)
[2019.01.22-23.40.34:144][771]LogModuleManager: Shutting down and abandoning module GeometryCacheEd (305)
[2019.01.22-23.40.34:144][771]LogModuleManager: Shutting down and abandoning module SpeedTreeImporter (300)
[2019.01.22-23.40.34:144][771]LogModuleManager: Shutting down and abandoning module PluginBrowser (298)
[2019.01.22-23.40.34:144][771]LogModuleManager: Shutting down and abandoning module MobileLauncherProfileWizard (296)
[2019.01.22-23.40.34:144][771]LogModuleManager: Shutting down and abandoning module VisualStudioSourceCodeAccess (294)
[2019.01.22-23.40.34:144][771]LogModuleManager: Shutting down and abandoning module DesktopPlatform (293)
[2019.01.22-23.40.34:144][771]LogModuleManager: Shutting down and abandoning module UObjectPlugin (290)
[2019.01.22-23.40.34:144][771]LogModuleManager: Shutting down and abandoning module SubversionSourceControl (288)
[2019.01.22-23.40.34:144][771]LogModuleManager: Shutting down and abandoning module PerforceSourceControl (286)
[2019.01.22-23.40.34:144][771]LogModuleManager: Shutting down and abandoning module GitSourceControl (284)
[2019.01.22-23.40.34:144][771]LogModuleManager: Shutting down and abandoning module SourceControl (283)
[2019.01.22-23.40.34:144][771]LogModuleManager: Shutting down and abandoning module LightPropagationVolumeEditor (280)
[2019.01.22-23.40.34:144][771]LogModuleManager: Shutting down and abandoning module PaperTiledImporter (278)
[2019.01.22-23.40.34:144][771]LogModuleManager: Shutting down and abandoning module PaperSpriteSheetImporter (276)
[2019.01.22-23.40.34:144][771]LogModuleManager: Shutting down and abandoning module Paper2DEditor (274)
[2019.01.22-23.40.34:144][771]LogModuleManager: Shutting down and abandoning module MeshPaint (273)
[2019.01.22-23.40.34:144][771]LogModuleManager: Shutting down and abandoning module LevelEditor (271)
[2019.01.22-23.40.34:144][771]LogModuleManager: Shutting down and abandoning module PixelInspectorModule (270)
[2019.01.22-23.40.34:145][771]LogModuleManager: Shutting down and abandoning module MainFrame (268)
[2019.01.22-23.40.34:145][771]LogModuleManager: Shutting down and abandoning module HotReload (267)
[2019.01.22-23.40.34:145][771]LogModuleManager: Shutting down and abandoning module RuntimePhysXCooking (262)
[2019.01.22-23.40.34:145][771]LogModuleManager: Shutting down and abandoning module PhysXVehiclesEditor (260)
[2019.01.22-23.40.34:145][771]LogModuleManager: Shutting down and abandoning module PhysXVehicles (258)
[2019.01.22-23.40.34:145][771]LogModuleManager: Shutting down and abandoning module OculusEditor (256)
[2019.01.22-23.40.34:145][771]LogModuleManager: Shutting down and abandoning module LocationServicesBPLibrary (254)
[2019.01.22-23.40.34:145][771]LogModuleManager: Shutting down and abandoning module ImmediatePhysicsEditor (252)
[2019.01.22-23.40.34:145][771]LogModuleManager: Shutting down and abandoning module ImmediatePhysics (250)
[2019.01.22-23.40.34:145][771]LogModuleManager: Shutting down and abandoning module UdpMessaging (248)
[2019.01.22-23.40.34:246][771]LogModuleManager: Shutting down and abandoning module TcpMessaging (246)
[2019.01.22-23.40.34:347][771]LogModuleManager: Shutting down and abandoning module SubstanceCore (244)
[2019.01.22-23.40.34:347][771]LogModuleManager: Shutting down and abandoning module GameplayTagsEditor (242)
[2019.01.22-23.40.34:347][771]LogModuleManager: Shutting down and abandoning module FacialAnimationEditor (240)
[2019.01.22-23.40.34:347][771]LogModuleManager: Shutting down and abandoning module FacialAnimation (238)
[2019.01.22-23.40.34:347][771]LogModuleManager: Shutting down and abandoning module AssetManagerEditor (236)
[2019.01.22-23.40.34:347][771]LogModuleManager: Shutting down and abandoning module GraphEditor (235)
[2019.01.22-23.40.34:347][771]LogModuleManager: Shutting down and abandoning module ContentBrowser (233)
[2019.01.22-23.40.34:347][771]LogModuleManager: Shutting down and abandoning module LightPropagationVolumeRuntime (230)
[2019.01.22-23.40.34:347][771]LogModuleManager: Shutting down and abandoning module Paper2D (228)
[2019.01.22-23.40.34:347][771]LogModuleManager: Shutting down and abandoning module WindowsMoviePlayer (226)
[2019.01.22-23.40.34:347][771]LogModuleManager: Shutting down and abandoning module WmfMedia (224)
[2019.01.22-23.40.34:348][771]LogModuleManager: Shutting down and abandoning module PacketHandler (222)
[2019.01.22-23.40.34:348][771]LogModuleManager: Shutting down and abandoning module ClothingSystemEditor (220)
[2019.01.22-23.40.34:348][771]LogModuleManager: Shutting down and abandoning module ClothingSystemRuntime (218)
[2019.01.22-23.40.34:348][771]LogModuleManager: Shutting down and abandoning module Overlay (216)
[2019.01.22-23.40.34:348][771]LogModuleManager: Shutting down and abandoning module OverlayEditor (215)
[2019.01.22-23.40.34:348][771]LogModuleManager: Shutting down and abandoning module MediaAssets (212)
[2019.01.22-23.40.34:348][771]LogModuleManager: Shutting down and abandoning module VREditor (210)
[2019.01.22-23.40.34:348][771]LogModuleManager: Shutting down and abandoning module StringTableEditor (208)
[2019.01.22-23.40.34:348][771]LogModuleManager: Shutting down and abandoning module GameplayTasksEditor (206)
[2019.01.22-23.40.34:348][771]LogModuleManager: Shutting down and abandoning module BehaviorTreeEditor (204)
[2019.01.22-23.40.34:348][771]LogModuleManager: Shutting down and abandoning module FunctionalTesting (202)
[2019.01.22-23.40.34:348][771]LogModuleManager: Shutting down and abandoning module CollisionAnalyzer (200)
[2019.01.22-23.40.34:349][771]LogModuleManager: Shutting down and abandoning module WorkspaceMenuStructure (199)
[2019.01.22-23.40.34:349][771]LogModuleManager: Shutting down and abandoning module UMG (196)
[2019.01.22-23.40.34:349][771]LogModuleManager: Shutting down and abandoning module UMGEditor (195)
[2019.01.22-23.40.34:349][771]LogModuleManager: Shutting down and abandoning module Sequencer (194)
[2019.01.22-23.40.34:349][771]LogModuleManager: Shutting down and abandoning module MessageLog (191)
[2019.01.22-23.40.34:349][771]LogModuleManager: Shutting down and abandoning module SlateReflector (186)
[2019.01.22-23.40.34:349][771]LogModuleManager: Shutting down and abandoning module Slate (184)
[2019.01.22-23.40.34:349][771]LogModuleManager: Shutting down and abandoning module EditorStyle (182)
[2019.01.22-23.40.34:351][771]LogModuleManager: Shutting down and abandoning module MRMesh (180)
[2019.01.22-23.40.34:351][771]LogModuleManager: Shutting down and abandoning module SourceCodeAccess (178)
[2019.01.22-23.40.34:351][771]LogModuleManager: Shutting down and abandoning module HeadMountedDisplay (176)
[2019.01.22-23.40.34:351][771]LogModuleManager: Shutting down and abandoning module XAudio2 (174)
[2019.01.22-23.40.34:351][771]LogModuleManager: Shutting down and abandoning module Networking (172)
[2019.01.22-23.40.34:351][771]LogModuleManager: Shutting down and abandoning module Core (168)
[2019.01.22-23.40.34:351][771]LogModuleManager: Shutting down and abandoning module KismetCompiler (164)
[2019.01.22-23.40.34:351][771]LogModuleManager: Shutting down and abandoning module LevelSequence (162)
[2019.01.22-23.40.34:351][771]LogModuleManager: Shutting down and abandoning module MeshUtilities (160)
[2019.01.22-23.40.34:351][771]LogModuleManager: Shutting down and abandoning module MeshMergeUtilities (159)
[2019.01.22-23.40.34:351][771]LogModuleManager: Shutting down and abandoning module MeshReductionInterface (158)
[2019.01.22-23.40.34:351][771]LogModuleManager: Shutting down and abandoning module SimplygonSwarm (157)
[2019.01.22-23.40.34:351][771]LogModuleManager: Shutting down and abandoning module SimplygonMeshReduction (155)
[2019.01.22-23.40.34:351][771]LogModuleManager: Shutting down and abandoning module QuadricMeshReduction (153)
[2019.01.22-23.40.34:351][771]LogModuleManager: Shutting down and abandoning module MaterialBaking (149)
[2019.01.22-23.40.34:351][771]LogModuleManager: Shutting down and abandoning module DirectoryWatcher (146)
[2019.01.22-23.40.34:351][771]LogModuleManager: Shutting down and abandoning module DerivedDataCache (144)
[2019.01.22-23.40.34:513][771]LogDerivedDataCache: Shutdown
[2019.01.22-23.40.34:513][771]LogModuleManager: Shutting down and abandoning module TargetPlatform (142)
[2019.01.22-23.40.34:513][771]LogModuleManager: Shutting down and abandoning module VulkanShaderFormat (141)
[2019.01.22-23.40.34:513][771]LogModuleManager: Shutting down and abandoning module ShaderFormatVectorVM (139)
[2019.01.22-23.40.34:513][771]LogModuleManager: Shutting down and abandoning module ShaderFormatOpenGL (137)
[2019.01.22-23.40.34:513][771]LogModuleManager: Shutting down and abandoning module ShaderFormatD3D (135)
[2019.01.22-23.40.34:513][771]LogModuleManager: Shutting down and abandoning module MetalShaderFormat (133)
[2019.01.22-23.40.34:513][771]LogModuleManager: Shutting down and abandoning module TextureFormatUncompressed (131)
[2019.01.22-23.40.34:513][771]LogModuleManager: Shutting down and abandoning module TextureFormatPVR (129)
[2019.01.22-23.40.34:513][771]LogModuleManager: Shutting down and abandoning module TextureFormatDXT (127)
[2019.01.22-23.40.34:514][771]LogModuleManager: Shutting down and abandoning module TextureFormatIntelISPCTexComp (125)
[2019.01.22-23.40.34:514][771]LogModuleManager: Shutting down and abandoning module TextureFormatASTC (123)
[2019.01.22-23.40.34:514][771]LogModuleManager: Shutting down and abandoning module ImageWrapper (122)
[2019.01.22-23.40.34:514][771]LogModuleManager: Shutting down and abandoning module TextureFormatAndroid (119)
[2019.01.22-23.40.34:514][771]LogModuleManager: Shutting down and abandoning module AudioFormatOpus (117)
[2019.01.22-23.40.34:514][771]LogModuleManager: Shutting down and abandoning module AudioFormatOgg (115)
[2019.01.22-23.40.34:514][771]LogModuleManager: Shutting down and abandoning module AudioFormatADPCM (113)
[2019.01.22-23.40.34:514][771]LogModuleManager: Shutting down and abandoning module LinuxTargetPlatform (111)
[2019.01.22-23.40.34:514][771]LogModuleManager: Shutting down and abandoning module LinuxServerTargetPlatform (109)
[2019.01.22-23.40.34:514][771]LogModuleManager: Shutting down and abandoning module LinuxNoEditorTargetPlatform (107)
[2019.01.22-23.40.34:514][771]LogModuleManager: Shutting down and abandoning module LinuxClientTargetPlatform (105)
[2019.01.22-23.40.34:514][771]LogModuleManager: Shutting down and abandoning module TVOSTargetPlatform (103)
[2019.01.22-23.40.34:514][771]LogModuleManager: Shutting down and abandoning module Messaging (101)
[2019.01.22-23.40.34:514][771]LogModuleManager: Shutting down and abandoning module IOSTargetPlatform (99)
[2019.01.22-23.40.34:514][771]LogModuleManager: Shutting down and abandoning module HTML5TargetPlatform (97)
[2019.01.22-23.40.34:514][771]LogModuleManager: Shutting down and abandoning module Android_PVRTCTargetPlatform (95)
[2019.01.22-23.40.34:514][771]LogModuleManager: Shutting down and abandoning module Android_MultiTargetPlatform (93)
[2019.01.22-23.40.34:514][771]LogModuleManager: Shutting down and abandoning module Android_ETC2TargetPlatform (91)
[2019.01.22-23.40.34:514][771]LogModuleManager: Shutting down and abandoning module Android_ETC1TargetPlatform (89)
[2019.01.22-23.40.34:514][771]LogModuleManager: Shutting down and abandoning module Android_DXTTargetPlatform (87)
[2019.01.22-23.40.34:514][771]LogModuleManager: Shutting down and abandoning module Android_ATCTargetPlatform (85)
[2019.01.22-23.40.34:514][771]LogModuleManager: Shutting down and abandoning module Android_ASTCTargetPlatform (83)
[2019.01.22-23.40.34:514][771]LogModuleManager: Shutting down and abandoning module AndroidTargetPlatform (81)
[2019.01.22-23.40.34:514][771]LogModuleManager: Shutting down and abandoning module WindowsTargetPlatform (79)
[2019.01.22-23.40.34:514][771]LogModuleManager: Shutting down and abandoning module WindowsServerTargetPlatform (77)
[2019.01.22-23.40.34:514][771]LogModuleManager: Shutting down and abandoning module WindowsNoEditorTargetPlatform (75)
[2019.01.22-23.40.34:514][771]LogModuleManager: Shutting down and abandoning module WindowsClientTargetPlatform (73)
[2019.01.22-23.40.34:514][771]LogModuleManager: Shutting down and abandoning module MacTargetPlatform (71)
[2019.01.22-23.40.34:514][771]LogModuleManager: Shutting down and abandoning module MacServerTargetPlatform (69)
[2019.01.22-23.40.34:514][771]LogModuleManager: Shutting down and abandoning module MacNoEditorTargetPlatform (67)
[2019.01.22-23.40.34:514][771]LogModuleManager: Shutting down and abandoning module MacClientTargetPlatform (65)
[2019.01.22-23.40.34:514][771]LogModuleManager: Shutting down and abandoning module AllDesktopTargetPlatform (63)
[2019.01.22-23.40.34:514][771]LogModuleManager: Shutting down and abandoning module InputCore (60)
[2019.01.22-23.40.34:514][771]LogModuleManager: Shutting down and abandoning module Settings (58)
[2019.01.22-23.40.34:514][771]LogModuleManager: Shutting down and abandoning module PhysXCooking (56)
[2019.01.22-23.40.34:514][771]LogModuleManager: Shutting down and abandoning module SteamVR (54)
[2019.01.22-23.40.34:514][771]LogModuleManager: Shutting down and abandoning module OculusHMD (52)
[2019.01.22-23.40.34:514][771]LogModuleManager: Shutting down and abandoning module ExampleDeviceProfileSelector (50)
[2019.01.22-23.40.34:514][771]LogModuleManager: Shutting down and abandoning module OnlineBlueprintSupport (48)
[2019.01.22-23.40.34:514][771]LogModuleManager: Shutting down and abandoning module OnlineSubsystem (44)
[2019.01.22-23.40.34:514][771]LogOnline: Display: Unloading online subsystem: NULL
[2019.01.22-23.40.34:514][771]LogModuleManager: Shutting down and abandoning module XMPP (43)
[2019.01.22-23.40.34:514][771]LogModuleManager: Shutting down and abandoning module HTTP (41)
[2019.01.22-23.40.34:514][771]LogHttp: Display: Http module shutting down, but needs to wait on 1 outstanding Http requests:
[2019.01.22-23.40.34:514][771]LogHttp: Display: 	verb=[POST] url=[https://datarouter.ol.epicgames.com/datarouter/api/v1/public/data?SessionID=%7B2927AEA3-43EC-4801-3030-8FB80F2970ED%7D&AppID=UEEditor.Rocket.Release&AppVersion=4.17.2-3658906%2B%2B%2BUE4%2BRelease-4.17&UserID=0faefc914db239fff53c0795116a4198%7C3a96579d56824df6acf06b5d71b70300%7C02947097-08a0-416c-97ac-24e8b41aff76&AppEnvironment=datacollector-binary&UploadType=eteventstream] status=Processing
[2019.01.22-23.40.34:524][771]LogModuleManager: Shutting down and abandoning module SSL (40)
[2019.01.22-23.40.34:525][771]LogModuleManager: Shutting down and abandoning module AnimationModifiers (36)
[2019.01.22-23.40.34:525][771]LogModuleManager: Shutting down and abandoning module PropertyEditor (35)
[2019.01.22-23.40.34:525][771]LogModuleManager: Shutting down and abandoning module AudioEditor (32)
[2019.01.22-23.40.34:525][771]LogModuleManager: Shutting down and abandoning module TextureCompressor (30)
[2019.01.22-23.40.34:525][771]LogModuleManager: Shutting down and abandoning module ShaderCore (28)
[2019.01.22-23.40.34:525][771]LogModuleManager: Shutting down and abandoning module Landscape (26)
[2019.01.22-23.40.34:525][771]LogModuleManager: Shutting down and abandoning module SlateRHIRenderer (24)
[2019.01.22-23.40.34:526][771]LogModuleManager: Shutting down and abandoning module OpenGLDrv (22)
[2019.01.22-23.40.34:526][771]LogModuleManager: Shutting down and abandoning module D3D11RHI (20)
[2019.01.22-23.40.34:526][771]LogModuleManager: Shutting down and abandoning module AnimGraphRuntime (18)
[2019.01.22-23.40.34:526][771]LogModuleManager: Shutting down and abandoning module Renderer (16)
[2019.01.22-23.40.34:526][771]LogModuleManager: Shutting down and abandoning module Engine (14)
[2019.01.22-23.40.34:526][771]LogModuleManager: Shutting down and abandoning module CoreUObject (12)
[2019.01.22-23.40.34:526][771]LogModuleManager: Shutting down and abandoning module NetworkFile (10)
[2019.01.22-23.40.34:526][771]LogModuleManager: Shutting down and abandoning module CookedIterativeFile (8)
[2019.01.22-23.40.34:526][771]LogModuleManager: Shutting down and abandoning module StreamingFile (6)
[2019.01.22-23.40.34:526][771]LogModuleManager: Shutting down and abandoning module SandboxFile (4)
[2019.01.22-23.40.34:526][771]LogModuleManager: Shutting down and abandoning module PakFile (2)
[2019.01.22-23.40.34:528][771]LogExit: Exiting.
[2019.01.22-23.40.34:538][771]Log file closed, 01/22/19 18:40:34
