Log file open, 02/27/19 23:52:15
LogWindows: Failed to load 'aqProf.dll' (GetLastError=126)
LogWindows: File 'aqProf.dll' does not exist
LogWindows: Failed to load 'VtuneApi.dll' (GetLastError=126)
LogWindows: File 'VtuneApi.dll' does not exist
LogWindows: Failed to load 'VtuneApi32e.dll' (GetLastError=126)
LogWindows: File 'VtuneApi32e.dll' does not exist
LogInit: Display: Running engine for game: CCW_30Days
LogPlatformFile: Not using cached read wrapper
LogInit: Display: RandInit(-300635937) SRandInit(-300635936).
LogTaskGraph: Started task graph with 5 named threads and 14 total threads with 3 sets of task threads.
LogStats: Stats thread started at 0.186400
LogD3D11RHI: Aftermath initialized
LogPluginManager: Mounting plugin Paper2D
LogPluginManager: Mounting plugin LightPropagationVolume
LogPluginManager: Mounting plugin CodeLiteSourceCodeAccess
LogPluginManager: Mounting plugin GitSourceControl
LogPluginManager: Mounting plugin KDevelopSourceCodeAccess
LogPluginManager: Mounting plugin NullSourceCodeAccess
LogPluginManager: Mounting plugin PerforceSourceControl
LogPluginManager: Mounting plugin SubversionSourceControl
LogPluginManager: Mounting plugin UObjectPlugin
LogPluginManager: Mounting plugin VisualStudioSourceCodeAccess
LogPluginManager: Mounting plugin XCodeSourceCodeAccess
LogPluginManager: Mounting plugin AssetManagerEditor
LogPluginManager: Mounting plugin AudioCapture
LogPluginManager: Mounting plugin FacialAnimation
LogPluginManager: Mounting plugin GameplayTagsEditor
LogPluginManager: Mounting plugin MobileLauncherProfileWizard
LogPluginManager: Mounting plugin PluginBrowser
LogPluginManager: Mounting plugin SpeedTreeImporter
LogPluginManager: Mounting plugin AlembicImporter
LogPluginManager: Mounting plugin CharacterAI
LogPluginManager: Mounting plugin HTML5Networking
LogPluginManager: Mounting plugin Substance
LogPluginManager: Mounting plugin AndroidMedia
LogPluginManager: Mounting plugin AvfMedia
LogPluginManager: Mounting plugin MediaPlayerEditor
LogPluginManager: Mounting plugin WmfMedia
LogPluginManager: Mounting plugin TcpMessaging
LogPluginManager: Mounting plugin UdpMessaging
LogPluginManager: Mounting plugin LevelSequenceEditor
LogPluginManager: Mounting plugin MatineeToLevelSequence
LogPluginManager: Mounting plugin OnlineSubsystemGooglePlay
LogPluginManager: Mounting plugin OnlineSubsystemIOS
LogPluginManager: Mounting plugin OnlineSubsystem
LogPluginManager: Mounting plugin OnlineSubsystemNull
LogPluginManager: Mounting plugin OnlineSubsystemUtils
LogPluginManager: Mounting plugin AndroidDeviceProfileSelector
LogPluginManager: Mounting plugin AndroidMoviePlayer
LogPluginManager: Mounting plugin AndroidPermission
LogPluginManager: Mounting plugin AppleMoviePlayer
LogPluginManager: Mounting plugin ArchVisCharacter
LogPluginManager: Mounting plugin CableComponent
LogPluginManager: Mounting plugin CustomMeshComponent
LogPluginManager: Mounting plugin ExampleDeviceProfileSelector
LogPluginManager: Mounting plugin GoogleCloudMessaging
LogPluginManager: Mounting plugin ImmediatePhysics
LogPluginManager: Mounting plugin IOSDeviceProfileSelector
LogPluginManager: Mounting plugin LinuxDeviceProfileSelector
LogPluginManager: Mounting plugin LocationServicesBPLibrary
LogPluginManager: Mounting plugin MobilePatchingUtils
LogPluginManager: Mounting plugin OculusVR
LogPluginManager: Mounting plugin PhysXVehicles
LogPluginManager: Mounting plugin ProceduralMeshComponent
LogPluginManager: Mounting plugin RuntimePhysXCooking
LogPluginManager: Mounting plugin SteamVR
LogPluginManager: Mounting plugin WindowsMoviePlayer
LogInit: Using libcurl 7.47.1
LogInit:  - built for x86_64-pc-win32
LogInit:  - supports SSL with OpenSSL/1.0.2g
LogInit:  - supports HTTP deflate (compression) using libz 1.2.8
LogInit:  - other features:
LogInit:      CURL_VERSION_SSL
LogInit:      CURL_VERSION_LIBZ
LogInit:      CURL_VERSION_IPV6
LogInit:      CURL_VERSION_ASYNCHDNS
LogInit:      CURL_VERSION_LARGEFILE
LogInit:      CURL_VERSION_IDN
LogInit:  CurlRequestOptions (configurable via config and command line):
LogInit:  - bVerifyPeer = false  - Libcurl will NOT verify peer certificate
LogInit:  - bUseHttpProxy = false  - Libcurl will NOT use HTTP proxy
LogInit:  - bDontReuseConnections = false  - Libcurl will reuse connections
LogInit:  - CertBundlePath = nullptr  - Libcurl will use whatever was configured at build time.
LogInit: Build: ++UE4+Release-4.17-CL-3658906
LogInit: Engine Version: 4.17.2-3658906+++UE4+Release-4.17
LogInit: Compatible Engine Version: 4.17.0-3573198+++UE4+Release-4.17
LogInit: Net CL: 3573198
LogDevObjectVersion: Number of dev versions registered: 16
LogDevObjectVersion:   Dev-Blueprints (B0D832E4-1F89-4F0D-ACCF-7EB736FD4AA2): 10
LogDevObjectVersion:   Dev-Build (E1C64328-A22C-4D53-A36C-8E866417BD8C): 0
LogDevObjectVersion:   Dev-Core (375EC13C-06E4-48FB-B500-84F0262A717E): 2
LogDevObjectVersion:   Dev-Editor (E4B068ED-F494-42E9-A231-DA0B2E46BB41): 20
LogDevObjectVersion:   Dev-Framework (CFFC743F-43B0-4480-9391-14DF171D2073): 28
LogDevObjectVersion:   Dev-Mobile (B02B49B5-BB20-44E9-A304-32B752E40360): 0
LogDevObjectVersion:   Dev-Networking (A4E4105C-59A1-49B5-A7C5-40C4547EDFEE): 0
LogDevObjectVersion:   Dev-Online (39C831C9-5AE6-47DC-9A44-9C173E1C8E7C): 0
LogDevObjectVersion:   Dev-Physics (78F01B33-EBEA-4F98-B9B4-84EACCB95AA2): 0
LogDevObjectVersion:   Dev-Platform (6631380F-2D4D-43E0-8009-CF276956A95A): 0
LogDevObjectVersion:   Dev-Rendering (12F88B9F-8875-4AFC-A67C-D90C383ABD29): 19
LogDevObjectVersion:   Dev-Sequencer (7B5AE74C-D270-4C10-A958-57980B212A5A): 4
LogDevObjectVersion:   Dev-VR (D7296918-1DD6-4BDD-9DE2-64A83CC13884): 0
LogDevObjectVersion:   Dev-LoadTimes (C2A15278-BFE7-4AFE-6C17-90FF531DF755): 1
LogDevObjectVersion:   Private-Geometry (6EACA3D4-40EC-4CC1-B786-8BED09428FC5): 1
LogDevObjectVersion:   Dev-AnimPhys (29E575DD-E0A3-4627-9D10-D276232CDCEA): 7
LogInit: Compiled (64-bit): Sep 22 2017 13:47:16
LogInit: Compiled with Visual C++: 19.00.24215.01
LogInit: Build Configuration: Development
LogInit: Branch Name: ++UE4+Release-4.17
LogInit: Command line:  
LogInit: Base directory: D:/Games/Unreal/Unreal_Tournament/UE_4.17/Engine/Binaries/Win64/
LogInit: Installed Engine Build: 1
LogInit: Presizing for max 8388607 objects, including 0 objects not considered by GC, pre-allocating 0 bytes for permanent pool.
LogInit: Object subsystem initialized
[2019.02.28-04.52.16:737][  0]LogInit: Selected Device Profile: [Windows]
[2019.02.28-04.52.16:737][  0]LogInit: Applying CVar settings loaded from the selected device profile: [Windows]
[2019.02.28-04.52.16:755][  0]LogInit: Computer: SEXY-COMPOOPA
[2019.02.28-04.52.16:755][  0]LogInit: User: flamingaxe12
[2019.02.28-04.52.16:755][  0]LogInit: CPU Page size=4096, Cores=4
[2019.02.28-04.52.16:756][  0]LogInit: High frequency timer resolution =3.417970 MHz
[2019.02.28-04.52.16:756][  0]LogMemory: Memory total: Physical=16.0GB (16GB approx)
[2019.02.28-04.52.16:756][  0]LogMemory: Platform Memory Stats for Windows
[2019.02.28-04.52.16:756][  0]LogMemory: Process Physical Memory: 278.32 MB used, 278.32 MB peak
[2019.02.28-04.52.16:756][  0]LogMemory: Process Virtual Memory: 274.26 MB used, 274.26 MB peak
[2019.02.28-04.52.16:756][  0]LogMemory: Physical Memory: 5311.85 MB used,  11021.01 MB free, 16332.86 MB total
[2019.02.28-04.52.16:756][  0]LogMemory: Virtual Memory: 4804.42 MB used,  11021.01 MB free, 134217728.00 MB total
[2019.02.28-04.52.17:157][  0]LogInit: Using OS detected language (en-US).
[2019.02.28-04.52.17:157][  0]LogInit: Using OS detected locale (en-US).
[2019.02.28-04.52.17:377][  0]LogTextLocalizationManager: No specific localization for 'en-US' exists, so the 'en' localization will be used.
[2019.02.28-04.52.23:957][  0]LogD3D11RHI: D3D11 adapters:
[2019.02.28-04.52.24:448][  0]LogD3D11RHI:    0. 'NVIDIA GeForce GTX 960' (Feature Level 11_0)
[2019.02.28-04.52.24:448][  0]LogD3D11RHI:       2016/0/8166 MB DedicatedVideo/DedicatedSystem/SharedSystem, Outputs:2, VendorId:0x10de
[2019.02.28-04.52.24:452][  0]LogD3D11RHI:    1. 'Microsoft Basic Render Driver' (Feature Level 11_0)
[2019.02.28-04.52.24:452][  0]LogD3D11RHI:       0/0/8166 MB DedicatedVideo/DedicatedSystem/SharedSystem, Outputs:0, VendorId:0x1414
[2019.02.28-04.52.24:452][  0]LogD3D11RHI: Chosen D3D11 Adapter: 0
[2019.02.28-04.52.24:463][  0]LogD3D11RHI: Creating new Direct3DDevice
[2019.02.28-04.52.24:463][  0]LogD3D11RHI:     GPU DeviceId: 0x1401 (for the marketing name, search the web for "GPU Device Id")
[2019.02.28-04.52.24:463][  0]LogWindows: EnumDisplayDevices:
[2019.02.28-04.52.24:463][  0]LogWindows:    0. 'NVIDIA GeForce GTX 960' (P:0 D:1)
[2019.02.28-04.52.24:464][  0]LogWindows:    1. 'NVIDIA GeForce GTX 960' (P:1 D:1)
[2019.02.28-04.52.24:464][  0]LogWindows:    2. 'NVIDIA GeForce GTX 960' (P:0 D:0)
[2019.02.28-04.52.24:464][  0]LogWindows:    3. 'NVIDIA GeForce GTX 960' (P:0 D:0)
[2019.02.28-04.52.24:464][  0]LogWindows: DebugString: GetVideoDriverDetailsInvalid PrimaryIsNotTheChoosenAdapter GetVideoDriverDetailsInvalid PrimaryIsNotTheChoosenAdapter GetVideoDriverDetailsInvalid PrimaryIsNotTheChoosenAdapter GetVideoDriverDetailsInvalid PrimaryIsNotTheChoosenAdapter FoundDriverCount:0 
[2019.02.28-04.52.24:464][  0]LogD3D11RHI:     Adapter Name: NVIDIA GeForce GTX 960
[2019.02.28-04.52.24:464][  0]LogD3D11RHI:   Driver Version: Unknown (internal:Unknown, unified:Unknown)
[2019.02.28-04.52.24:464][  0]LogD3D11RHI:      Driver Date: Unknown
[2019.02.28-04.52.24:464][  0]LogRHI: Texture pool is 1361 MB (70% of 1945 MB)
[2019.02.28-04.52.24:634][  0]LogD3D11RHI: Async texture creation enabled
[2019.02.28-04.52.24:664][  0]LogD3D11RHI: GPU Timing Frequency: 1000.000000 (Debug: 2 1)
[2019.02.28-04.52.24:723][  0]LogShaderCompilers: Guid format shader working directory is 7 characters bigger than the processId version (../../../../../../../HellYeah_Games/CCW_30Days/Intermediate/Shaders/WorkingDirectory/3868/).
[2019.02.28-04.52.24:724][  0]LogShaderCompilers: Cleaned the shader compiler working directory 'C:/Users/flamingaxe12/AppData/Local/Temp/UnrealShaderWorkingDir/7AC8CEFC41ED822C43A283AB88F339C2/'.
[2019.02.28-04.52.24:724][  0]LogShaderCompilers: Display: Using Local Shader Compiler.
[2019.02.28-04.52.27:778][  0]LogTemp: Display: Loaded TP AllDesktopTargetPlatform
[2019.02.28-04.52.27:918][  0]LogTemp: Display: Loaded TP MacClientTargetPlatform
[2019.02.28-04.52.28:113][  0]LogTemp: Display: Loaded TP MacNoEditorTargetPlatform
[2019.02.28-04.52.28:209][  0]LogTemp: Display: Loaded TP MacServerTargetPlatform
[2019.02.28-04.52.28:341][  0]LogTemp: Display: Loaded TP MacTargetPlatform
[2019.02.28-04.52.28:429][  0]LogTemp: Display: Loaded TP WindowsClientTargetPlatform
[2019.02.28-04.52.28:518][  0]LogTemp: Display: Loaded TP WindowsNoEditorTargetPlatform
[2019.02.28-04.52.28:609][  0]LogTemp: Display: Loaded TP WindowsServerTargetPlatform
[2019.02.28-04.52.28:702][  0]LogTemp: Display: Loaded TP WindowsTargetPlatform
[2019.02.28-04.52.28:803][  0]LogTemp: Display: Loaded TP AndroidTargetPlatform
[2019.02.28-04.52.28:930][  0]LogTemp: Display: Loaded TP Android_ASTCTargetPlatform
[2019.02.28-04.52.29:025][  0]LogTemp: Display: Loaded TP Android_ATCTargetPlatform
[2019.02.28-04.52.29:113][  0]LogTemp: Display: Loaded TP Android_DXTTargetPlatform
[2019.02.28-04.52.29:202][  0]LogTemp: Display: Loaded TP Android_ETC1TargetPlatform
[2019.02.28-04.52.29:285][  0]LogTemp: Display: Loaded TP Android_ETC2TargetPlatform
[2019.02.28-04.52.29:517][  0]LogTemp: Display: Loaded TP Android_MultiTargetPlatform
[2019.02.28-04.52.29:517][  0]LogTemp: Display: Loaded TP Android_PVRTCTargetPlatform
[2019.02.28-04.52.29:632][  0]LogTemp: Display: Loaded TP HTML5TargetPlatform
[2019.02.28-04.52.29:904][  0]LogTemp: Display: Loaded TP IOSTargetPlatform
[2019.02.28-04.52.29:954][  0]LogTemp: Display: Loaded TP TVOSTargetPlatform
[2019.02.28-04.52.30:107][  0]LogTemp: Display: Loaded TP LinuxClientTargetPlatform
[2019.02.28-04.52.30:241][  0]LogTemp: Display: Loaded TP LinuxNoEditorTargetPlatform
[2019.02.28-04.52.30:352][  0]LogTemp: Display: Loaded TP LinuxServerTargetPlatform
[2019.02.28-04.52.30:480][  0]LogTemp: Display: Loaded TP LinuxTargetPlatform
[2019.02.28-04.52.30:480][  0]LogTargetPlatformManager: Display: Building Assets For Windows
[2019.02.28-04.52.31:788][  0]LogDerivedDataCache: Display: Max Cache Size: 512 MB
[2019.02.28-04.52.32:222][  0]LogDerivedDataCache: Loaded boot cache 0.43s 93MB C:/Users/flamingaxe12/AppData/Local/UnrealEngine/4.17/DerivedDataCache/Boot.ddc.
[2019.02.28-04.52.32:222][  0]LogDerivedDataCache: Display: Loaded Boot cache: C:/Users/flamingaxe12/AppData/Local/UnrealEngine/4.17/DerivedDataCache/Boot.ddc
[2019.02.28-04.52.32:223][  0]LogDerivedDataCache: FDerivedDataBackendGraph:  Pak pak cache file ../../../../../../../HellYeah_Games/CCW_30Days/DerivedDataCache/DDC.ddp not found, will not use a pak cache.
[2019.02.28-04.52.32:223][  0]LogDerivedDataCache: Unable to find inner node Pak for hierarchical cache Hierarchy.
[2019.02.28-04.52.32:223][  0]LogDerivedDataCache: FDerivedDataBackendGraph:  CompressedPak pak cache file ../../../../../../../HellYeah_Games/CCW_30Days/DerivedDataCache/Compressed.ddp not found, will not use a pak cache.
[2019.02.28-04.52.32:223][  0]LogDerivedDataCache: Unable to find inner node CompressedPak for hierarchical cache Hierarchy.
[2019.02.28-04.52.32:239][  0]LogDerivedDataCache: Display: Pak cache opened for reading ../../../Engine/DerivedDataCache/Compressed.ddp.
[2019.02.28-04.52.32:253][  0]LogDerivedDataCache: Using Local data cache path C:/Users/flamingaxe12/AppData/Local/UnrealEngine/Common/DerivedDataCache: Writable
[2019.02.28-04.52.32:263][  0]LogMaterial: Verifying Global Shaders for PCD3D_SM5
[2019.02.28-04.52.32:263][  0]LogSlate: Using Freetype 2.6.0
[2019.02.28-04.52.32:277][  0]LogSlate: SlateFontCache - WITH_FREETYPE: 1, WITH_HARFBUZZ: 1
[2019.02.28-04.52.32:277][  0]LogSlate: SlateFontCache - WITH_FREETYPE: 1, WITH_HARFBUZZ: 1
[2019.02.28-04.52.36:739][  0]LogAssetRegistry: FAssetRegistry took 0.0315 seconds to start up
[2019.02.28-04.52.36:923][  0]LogInit: Selected Device Profile: [Windows]
[2019.02.28-04.52.37:168][  0]LogContentStreaming: Texture pool size is 0.00 MB
[2019.02.28-04.52.38:031][  0]LogSimplygon: Simplygon DLL not present - disabling.
[2019.02.28-04.52.38:142][  0]LogMeshReduction: Using SimplygonSwarm for distributed automatic mesh merging
[2019.02.28-04.52.38:142][  0]LogMeshReduction: Using QuadricMeshReduction for automatic static mesh reduction
[2019.02.28-04.52.38:142][  0]LogMeshReduction: No automatic skeletal mesh reduction module available
[2019.02.28-04.52.38:142][  0]LogMeshReduction: No automatic mesh merging module available
[2019.02.28-04.52.38:142][  0]LogMeshMerging: No automatic mesh merging module available
[2019.02.28-04.52.38:829][  0]LogNetVersion: CCW_30Days , NetCL: 3573198, EngineNetVer: 2, GameNetVer: 0 (Checksum: 3455196216)
[2019.02.28-04.52.39:540][  0]LogPackageLocalizationCache: Processed 5 localized package path(s) for 2 prioritized culture(s) in 0.281630 seconds
[2019.02.28-04.52.39:547][  0]LogUObjectArray: 35825 objects as part of root set at end of initial load.
[2019.02.28-04.52.39:547][  0]LogUObjectAllocator: 7529112 out of 0 bytes used by permanent object pool.
[2019.02.28-04.52.39:547][  0]LogUObjectArray: CloseDisregardForGC: 0/0 objects in disregard for GC pool
[2019.02.28-04.52.39:692][  0]LogInit: WinSock: version 1.1 (2.2), MaxSocks=32767, MaxUdp=65467
[2019.02.28-04.53.13:165][  0]LogSubstanceCoreModule: Substance [CPU] Engine Loaded, Max Texture Size = 2048
[2019.02.28-04.53.13:297][  0]LogTcpMessaging: Initializing TcpMessaging bridge
[2019.02.28-04.53.13:375][  0]LogUdpMessaging: Initializing bridge on interface 0.0.0.0:0 to multicast group 230.0.0.1:6666.
[2019.02.28-04.53.15:293][  0]LogMaterial: Uniform references updated for custom material expression Custom.
[2019.02.28-04.53.16:275][  0]SourceControl: Source control is disabled
[2019.02.28-04.53.16:275][  0]SourceControl: Source control is disabled
[2019.02.28-04.53.16:372][  0]SourceControl: Source control is disabled
[2019.02.28-04.53.16:468][  0]SourceControl: Source control is disabled
[2019.02.28-04.53.18:291][  0]LogAndroidPermission: UAndroidPermissionCallbackProxy::GetInstance
[2019.02.28-04.53.18:943][  0]LogOcInput: OculusInput pre-init called
[2019.02.28-04.53.20:540][  0]LogEngine: Initializing Engine...
[2019.02.28-04.53.20:542][  0]LogHMD: Failed to initialize OpenVR with code 110
[2019.02.28-04.53.20:912][  0]LogStats: UGameplayTagsManager::ConstructGameplayTagTree: Construct from data asset -  0.000 s
[2019.02.28-04.53.20:913][  0]LogStats: UGameplayTagsManager::ConstructGameplayTagTree: GameplayTagTreeChangedEvent.Broadcast -  0.000 s
[2019.02.28-04.53.21:242][  0]LogAIModule: Creating AISystem for world Untitled
[2019.02.28-04.53.21:271][  0]LogInit: XAudio2 using 'Speakers (Realtek High Definition Audio)' : 2 channels at 48 kHz using 32 bits per sample (channel mask 0x3)
[2019.02.28-04.53.21:312][  0]LogInit: FAudioDevice initialized.
[2019.02.28-04.53.21:415][  0]LogDerivedDataCache: Saved boot cache 0.10s 93MB C:/Users/flamingaxe12/AppData/Local/UnrealEngine/4.17/DerivedDataCache/Boot.ddc.
[2019.02.28-04.53.21:429][  0]LogInit: Texture streaming: Enabled
[2019.02.28-04.53.21:729][  0]LogEngineSessionManager: EngineSessionManager initialized
[2019.02.28-04.53.22:478][  0]LogInit: Transaction tracking system initialized
[2019.02.28-04.53.23:639][  0]BlueprintLog: New page: Editor Load
[2019.02.28-04.53.26:032][  0]LocalizationService: Localization service is disabled
[2019.02.28-04.53.27:818][  0]LogLinker: Warning: Can't find file '/Game/FirstPersonBP/FirstPersonOverview'
[2019.02.28-04.53.27:818][  0]LogLinker: Warning: Can't find file '/Game/FirstPersonBP/FirstPersonOverview'
[2019.02.28-04.53.27:818][  0]LogUObjectGlobals: Warning: Failed to find object 'Class /Game/FirstPersonBP/FirstPersonOverview.FirstPersonOverview_C'
[2019.02.28-04.53.28:396][  0]LogConsoleResponse: Display: 
[2019.02.28-04.53.29:443][  0]LogCook: Display: Max memory allowance for cook 16384mb min free memory 0mb
[2019.02.28-04.53.29:443][  0]LogCook: Display: Mobile HDR setting 1
[2019.02.28-04.53.29:443][  0]LogGameplayTags: Display: UGameplayTagsManager::DoneAddingNativeTags. DelegateIsBound: 0
[2019.02.28-04.53.29:995][  0]LogFileCache: Scanning file cache for directory 'D:/HellYeah_Games/CCW_30Days/Content/' took 0.04s
[2019.02.28-04.53.33:155][  0]SourceControl: Source control is disabled
[2019.02.28-04.53.33:155][  0]Cmd: MAP LOAD FILE="../../../../../../../HellYeah_Games/CCW_30Days/Content/HellYeahContent/Levels/FightRoom_1_final.umap" TEMPLATE=0 SHOWPROGRESS=1 FEATURELEVEL=3
[2019.02.28-04.53.33:155][  0]LightingResults: New page: Lighting Build
[2019.02.28-04.53.33:238][  0]MapCheck: New page: Map Check
[2019.02.28-04.53.33:238][  0]LightingResults: New page: Lighting Build
[2019.02.28-04.53.34:344][  0]LogAIModule: Creating AISystem for world FightRoom_1_final
[2019.02.28-04.53.34:412][  0]LogEditorServer: Finished looking for orphan Actors (0.000 secs)
[2019.02.28-04.53.34:443][  0]Cmd: MAP CHECKDEP NOCLEARLOG
[2019.02.28-04.53.34:587][  0]MapCheck: Map check complete: 0 Error(s), 0 Warning(s), took 144.272ms to complete.
[2019.02.28-04.53.34:587][  0]LogFileHelpers: Loading map 'FightRoom_1_final' took 1.432
[2019.02.28-04.53.35:468][  0]LogCollectionManager: Loaded 0 collections in 0.001596 seconds
[2019.02.28-04.53.35:587][  0]LogFileCache: Scanning file cache for directory 'D:/HellYeah_Games/CCW_30Days/Saved/Collections/' took 0.01s
[2019.02.28-04.53.35:587][  0]LogFileCache: Scanning file cache for directory 'D:/HellYeah_Games/CCW_30Days/Content/Developers/flamingaxe12/Collections/' took 0.01s
[2019.02.28-04.53.35:587][  0]LogFileCache: Scanning file cache for directory 'D:/HellYeah_Games/CCW_30Days/Content/Collections/' took 0.01s
[2019.02.28-04.53.35:588][  0]LogCollectionManager: Rebuilt the GUID cache for 0 collections in 0.000001 seconds
[2019.02.28-04.53.35:597][  0]LogContentBrowser: Native class hierarchy populated in 0.0088 seconds. Added 2404 classes and 513 folders.
[2019.02.28-04.53.35:714][  0]LogContentBrowser: Native class hierarchy updated for 'WidgetCarousel' in 0.0015 seconds. Added 0 classes and 0 folders.
[2019.02.28-04.53.36:726][  0]LogContentBrowser: Native class hierarchy updated for 'AddContentDialog' in 0.0009 seconds. Added 0 classes and 0 folders.
[2019.02.28-04.53.36:744][  0]LogSlate: Took 0.000286 seconds to synchronously load lazily loaded font '../../../Engine/Content/Slate/Fonts/Roboto-Regular.ttf' (155K)
[2019.02.28-04.53.36:768][  0]LogSlate: Took 0.022036 seconds to synchronously load lazily loaded font '../../../Engine/Content/Slate/Fonts/Roboto-Bold.ttf' (160K)
[2019.02.28-04.53.36:786][  0]LogSlate: Took 0.012110 seconds to synchronously load lazily loaded font '../../../Engine/Content/Editor/Slate/Fonts/FontAwesome.ttf' (139K)
[2019.02.28-04.53.36:887][  0]LogRenderer: Reallocating scene render targets to support 1064x632 Format 10 NumSamples 1 (Frame:1).
[2019.02.28-04.53.37:029][  0]LogLoad: (Engine Initialization) Total time: 82.70 seconds
[2019.02.28-04.53.37:029][  0]LogLoad: (Engine Initialization) Total Blueprint compile time: 0.00 seconds
[2019.02.28-04.53.37:029][  0]LogExternalProfiler: Found external profiler: VSPerf
[2019.02.28-04.53.37:029][  0]LogExternalProfiler: Using external profiler: VSPerf
[2019.02.28-04.53.37:054][  0]LogWindowsTextInputMethodSystem: Display: IME system now deactivated.
[2019.02.28-04.53.37:071][  0]LogContentStreaming: Texture pool size now 1000 MB
[2019.02.28-04.53.37:113][  0]LogSlate: Took 0.000259 seconds to synchronously load lazily loaded font '../../../Engine/Content/Slate/Fonts/Roboto-Light.ttf' (159K)
[2019.02.28-04.53.37:154][  1]LogAssetRegistry: Asset discovery search completed in 60.4425 seconds
[2019.02.28-04.53.37:156][  1]LogCollectionManager: Rebuilt the object cache for 0 collections in 0.000001 seconds (found 0 objects)
[2019.02.28-04.53.37:157][  1]LogCollectionManager: Fixed up redirectors for 0 collections in 0.000059 seconds (updated 0 objects)
[2019.02.28-04.57.09:554][ 36]LogLinker: Warning: Can't find file '/Game/HellYeahContent/Blueprints/TriggerBox_death_Blueprint'
[2019.02.28-04.57.09:555][ 36]LogLinker: Warning: Can't find file for asset '/Game/HellYeahContent/Blueprints/TriggerBox_death_Blueprint' while loading ../../../../../../../HellYeah_Games/CCW_30Days/Content/HellYeahContent/Blueprints/Players/BP_player_1.uasset.
[2019.02.28-04.57.09:555][ 36]LoadErrors: Error: /Game/HellYeahContent/Blueprints/Players/BP_player_1 : Can't find file for asset. /Game/HellYeahContent/Blueprints/TriggerBox_death_Blueprint
[2019.02.28-04.57.09:672][ 36]LogLinker: Warning: Can't find file '/Game/HellYeahContent/Blueprints/Audio/Cues/AttackGrunt_1_edit_Cue'
[2019.02.28-04.57.09:673][ 36]LogLinker: Warning: Can't find file for asset '/Game/HellYeahContent/Blueprints/Audio/Cues/AttackGrunt_1_edit_Cue' while loading ../../../../../../../HellYeah_Games/CCW_30Days/Content/HellYeahContent/Blueprints/Players/BP_player_1.uasset.
[2019.02.28-04.57.09:673][ 36]LoadErrors: Error: /Game/HellYeahContent/Blueprints/Players/BP_player_1 : Can't find file for asset. /Game/HellYeahContent/Blueprints/Audio/Cues/AttackGrunt_1_edit_Cue
[2019.02.28-04.57.09:673][ 36]LogLinker: Warning: Can't find file '/Game/HellYeahContent/Blueprints/Audio/Cues/DeathGrunt_1_edit_Cue'
[2019.02.28-04.57.09:673][ 36]LogLinker: Warning: Can't find file for asset '/Game/HellYeahContent/Blueprints/Audio/Cues/DeathGrunt_1_edit_Cue' while loading ../../../../../../../HellYeah_Games/CCW_30Days/Content/HellYeahContent/Blueprints/Players/BP_player_1.uasset.
[2019.02.28-04.57.09:673][ 36]LoadErrors: Error: /Game/HellYeahContent/Blueprints/Players/BP_player_1 : Can't find file for asset. /Game/HellYeahContent/Blueprints/Audio/Cues/DeathGrunt_1_edit_Cue
[2019.02.28-04.57.09:673][ 36]LogLinker: Warning: Can't find file '/Game/HellYeahContent/Blueprints/Audio/Cues/JumpGrunt_1_edit_Cue'
[2019.02.28-04.57.09:674][ 36]LogLinker: Warning: Can't find file for asset '/Game/HellYeahContent/Blueprints/Audio/Cues/JumpGrunt_1_edit_Cue' while loading ../../../../../../../HellYeah_Games/CCW_30Days/Content/HellYeahContent/Blueprints/Players/BP_player_1.uasset.
[2019.02.28-04.57.09:674][ 36]LoadErrors: Error: /Game/HellYeahContent/Blueprints/Players/BP_player_1 : Can't find file for asset. /Game/HellYeahContent/Blueprints/Audio/Cues/JumpGrunt_1_edit_Cue
[2019.02.28-04.57.09:674][ 36]LogLinker: Warning: Can't find file '/Game/HellYeahContent/Blueprints/HUD/HUD_2player_Display'
[2019.02.28-04.57.09:674][ 36]LogLinker: Warning: Can't find file for asset '/Game/HellYeahContent/Blueprints/HUD/HUD_2player_Display' while loading ../../../../../../../HellYeah_Games/CCW_30Days/Content/HellYeahContent/Blueprints/Players/BP_player_1.uasset.
[2019.02.28-04.57.09:674][ 36]LoadErrors: Error: /Game/HellYeahContent/Blueprints/Players/BP_player_1 : Can't find file for asset. /Game/HellYeahContent/Blueprints/HUD/HUD_2player_Display
[2019.02.28-04.57.09:674][ 36]LogLinker: Warning: Can't find file '/Game/HellYeahContent/Blueprints/TriggerBox_death_Blueprint'
[2019.02.28-04.57.09:675][ 36]LogLinker: Warning: Can't find file for asset '/Game/HellYeahContent/Blueprints/TriggerBox_death_Blueprint' while loading ../../../../../../../HellYeah_Games/CCW_30Days/Content/HellYeahContent/Blueprints/Players/BP_player_1.uasset.
[2019.02.28-04.57.09:850][ 36]LogLinker: Warning: Can't find file '/Game/HellYeahContent/Blueprints/Audio/Cues/AttackGrunt_1_edit_Cue'
[2019.02.28-04.57.09:850][ 36]LogLinker: Warning: Can't find file for asset '/Game/HellYeahContent/Blueprints/Audio/Cues/AttackGrunt_1_edit_Cue' while loading ../../../../../../../HellYeah_Games/CCW_30Days/Content/HellYeahContent/Blueprints/Players/BP_player_1.uasset.
[2019.02.28-04.57.09:850][ 36]LogLinker: Warning: Can't find file '/Game/HellYeahContent/Blueprints/Audio/Cues/DeathGrunt_1_edit_Cue'
[2019.02.28-04.57.09:850][ 36]LogLinker: Warning: Can't find file for asset '/Game/HellYeahContent/Blueprints/Audio/Cues/DeathGrunt_1_edit_Cue' while loading ../../../../../../../HellYeah_Games/CCW_30Days/Content/HellYeahContent/Blueprints/Players/BP_player_1.uasset.
[2019.02.28-04.57.09:850][ 36]LogLinker: Warning: Can't find file '/Game/HellYeahContent/Blueprints/Audio/Cues/JumpGrunt_1_edit_Cue'
[2019.02.28-04.57.09:851][ 36]LogLinker: Warning: Can't find file for asset '/Game/HellYeahContent/Blueprints/Audio/Cues/JumpGrunt_1_edit_Cue' while loading ../../../../../../../HellYeah_Games/CCW_30Days/Content/HellYeahContent/Blueprints/Players/BP_player_1.uasset.
[2019.02.28-04.57.09:851][ 36]LogLinker: Warning: Can't find file '/Game/HellYeahContent/Blueprints/HUD/HUD_2player_Display'
[2019.02.28-04.57.09:851][ 36]LogLinker: Warning: Can't find file for asset '/Game/HellYeahContent/Blueprints/HUD/HUD_2player_Display' while loading ../../../../../../../HellYeah_Games/CCW_30Days/Content/HellYeahContent/Blueprints/Players/BP_player_1.uasset.
[2019.02.28-04.57.09:883][ 36]LogLinker: Warning: Can't find file '/Game/HellYeahContent/Blueprints/TriggerBox_death_Blueprint'
[2019.02.28-04.57.09:883][ 36]LogLinker: Warning: Can't find file for asset '/Game/HellYeahContent/Blueprints/TriggerBox_death_Blueprint' while loading ../../../../../../../HellYeah_Games/CCW_30Days/Content/StarterContent/ThirdPersonBP/Blueprints/ThirdPersonGameMode.uasset.
[2019.02.28-04.57.09:883][ 36]LoadErrors: Error: /Game/StarterContent/ThirdPersonBP/Blueprints/ThirdPersonGameMode : Can't find file for asset. /Game/HellYeahContent/Blueprints/TriggerBox_death_Blueprint
[2019.02.28-04.57.09:884][ 36]LogLinker: Warning: Can't find file '/Game/HellYeahContent/Blueprints/HUD/HUD_2player_Display'
[2019.02.28-04.57.09:884][ 36]LogLinker: Warning: Can't find file for asset '/Game/HellYeahContent/Blueprints/HUD/HUD_2player_Display' while loading ../../../../../../../HellYeah_Games/CCW_30Days/Content/StarterContent/ThirdPersonBP/Blueprints/ThirdPersonGameMode.uasset.
[2019.02.28-04.57.09:884][ 36]LoadErrors: Error: /Game/StarterContent/ThirdPersonBP/Blueprints/ThirdPersonGameMode : Can't find file for asset. /Game/HellYeahContent/Blueprints/HUD/HUD_2player_Display
[2019.02.28-04.57.09:884][ 36]LogLinker: Warning: Can't find file '/Game/HellYeahContent/Blueprints/TriggerBox_death_Blueprint'
[2019.02.28-04.57.09:884][ 36]LogLinker: Warning: Can't find file for asset '/Game/HellYeahContent/Blueprints/TriggerBox_death_Blueprint' while loading ../../../../../../../HellYeah_Games/CCW_30Days/Content/StarterContent/ThirdPersonBP/Blueprints/ThirdPersonGameMode.uasset.
[2019.02.28-04.57.09:884][ 36]LogLinker: Warning: Can't find file '/Game/HellYeahContent/Blueprints/Audio/Cues/AttackGrunt_1_edit_Cue'
[2019.02.28-04.57.09:884][ 36]LogLinker: Warning: Can't find file for asset '/Game/HellYeahContent/Blueprints/Audio/Cues/AttackGrunt_1_edit_Cue' while loading ../../../../../../../HellYeah_Games/CCW_30Days/Content/StarterContent/ThirdPersonBP/Blueprints/ThirdPersonGameMode.uasset.
[2019.02.28-04.57.09:884][ 36]LoadErrors: Error: /Game/StarterContent/ThirdPersonBP/Blueprints/ThirdPersonGameMode : Can't find file for asset. /Game/HellYeahContent/Blueprints/Audio/Cues/AttackGrunt_1_edit_Cue
[2019.02.28-04.57.09:884][ 36]LogLinker: Warning: Can't find file '/Game/HellYeahContent/Blueprints/Audio/Cues/DeathGrunt_1_edit_Cue'
[2019.02.28-04.57.09:885][ 36]LogLinker: Warning: Can't find file for asset '/Game/HellYeahContent/Blueprints/Audio/Cues/DeathGrunt_1_edit_Cue' while loading ../../../../../../../HellYeah_Games/CCW_30Days/Content/StarterContent/ThirdPersonBP/Blueprints/ThirdPersonGameMode.uasset.
[2019.02.28-04.57.09:885][ 36]LoadErrors: Error: /Game/StarterContent/ThirdPersonBP/Blueprints/ThirdPersonGameMode : Can't find file for asset. /Game/HellYeahContent/Blueprints/Audio/Cues/DeathGrunt_1_edit_Cue
[2019.02.28-04.57.09:885][ 36]LogLinker: Warning: Can't find file '/Game/HellYeahContent/Blueprints/Audio/Cues/JumpGrunt_1_edit_Cue'
[2019.02.28-04.57.09:885][ 36]LogLinker: Warning: Can't find file for asset '/Game/HellYeahContent/Blueprints/Audio/Cues/JumpGrunt_1_edit_Cue' while loading ../../../../../../../HellYeah_Games/CCW_30Days/Content/StarterContent/ThirdPersonBP/Blueprints/ThirdPersonGameMode.uasset.
[2019.02.28-04.57.09:885][ 36]LoadErrors: Error: /Game/StarterContent/ThirdPersonBP/Blueprints/ThirdPersonGameMode : Can't find file for asset. /Game/HellYeahContent/Blueprints/Audio/Cues/JumpGrunt_1_edit_Cue
[2019.02.28-04.57.09:885][ 36]LogLinker: Warning: Can't find file '/Game/HellYeahContent/Blueprints/HUD/HUD_2player_Display'
[2019.02.28-04.57.09:885][ 36]LogLinker: Warning: Can't find file for asset '/Game/HellYeahContent/Blueprints/HUD/HUD_2player_Display' while loading ../../../../../../../HellYeah_Games/CCW_30Days/Content/StarterContent/ThirdPersonBP/Blueprints/ThirdPersonGameMode.uasset.
[2019.02.28-04.57.09:885][ 36]LogLinker: Warning: Can't find file '/Game/HellYeahContent/Blueprints/TriggerBox_death_Blueprint'
[2019.02.28-04.57.09:885][ 36]LogLinker: Warning: Can't find file for asset '/Game/HellYeahContent/Blueprints/TriggerBox_death_Blueprint' while loading ../../../../../../../HellYeah_Games/CCW_30Days/Content/StarterContent/ThirdPersonBP/Blueprints/ThirdPersonGameMode.uasset.
[2019.02.28-04.57.09:886][ 36]LogLinker: Warning: Can't find file '/Game/HellYeahContent/Blueprints/Audio/Cues/AttackGrunt_1_edit_Cue'
[2019.02.28-04.57.09:886][ 36]LogLinker: Warning: Can't find file for asset '/Game/HellYeahContent/Blueprints/Audio/Cues/AttackGrunt_1_edit_Cue' while loading ../../../../../../../HellYeah_Games/CCW_30Days/Content/StarterContent/ThirdPersonBP/Blueprints/ThirdPersonGameMode.uasset.
[2019.02.28-04.57.09:886][ 36]LogLinker: Warning: Can't find file '/Game/HellYeahContent/Blueprints/Audio/Cues/DeathGrunt_1_edit_Cue'
[2019.02.28-04.57.09:886][ 36]LogLinker: Warning: Can't find file for asset '/Game/HellYeahContent/Blueprints/Audio/Cues/DeathGrunt_1_edit_Cue' while loading ../../../../../../../HellYeah_Games/CCW_30Days/Content/StarterContent/ThirdPersonBP/Blueprints/ThirdPersonGameMode.uasset.
[2019.02.28-04.57.09:886][ 36]LogLinker: Warning: Can't find file '/Game/HellYeahContent/Blueprints/Audio/Cues/JumpGrunt_1_edit_Cue'
[2019.02.28-04.57.09:886][ 36]LogLinker: Warning: Can't find file for asset '/Game/HellYeahContent/Blueprints/Audio/Cues/JumpGrunt_1_edit_Cue' while loading ../../../../../../../HellYeah_Games/CCW_30Days/Content/StarterContent/ThirdPersonBP/Blueprints/ThirdPersonGameMode.uasset.
[2019.02.28-04.57.09:886][ 36]LogLinker: Warning: Can't find file '/Game/HellYeahContent/Blueprints/HUD/HUD_2player_Display'
[2019.02.28-04.57.09:886][ 36]LogLinker: Warning: Can't find file for asset '/Game/HellYeahContent/Blueprints/HUD/HUD_2player_Display' while loading ../../../../../../../HellYeah_Games/CCW_30Days/Content/StarterContent/ThirdPersonBP/Blueprints/ThirdPersonGameMode.uasset.
[2019.02.28-04.57.09:888][ 36]LogLinker: Warning: Can't find file '/Game/HellYeahContent/Blueprints/TriggerBox_death_Blueprint'
[2019.02.28-04.57.09:888][ 36]LoadErrors: Failed to load /Game/HellYeahContent/Blueprints/TriggerBox_death_Blueprint.TriggerBox_death_Blueprint_C Referenced by BP_player_1
[2019.02.28-04.57.09:888][ 36]LogLinker: Warning: Can't find file for asset '/Game/HellYeahContent/Blueprints/TriggerBox_death_Blueprint' while loading ../../../../../../../HellYeah_Games/CCW_30Days/Content/StarterContent/ThirdPersonBP/Blueprints/ThirdPersonGameMode.uasset.
[2019.02.28-04.57.09:894][ 36]LogLinker: Warning: Can't find file '/Game/HellYeahContent/Blueprints/HUD/HUD_2player_Display'
[2019.02.28-04.57.09:894][ 36]LoadErrors: Failed to load /Game/HellYeahContent/Blueprints/HUD/HUD_2player_Display.HUD_2player_Display_C Referenced by K2Node_CreateWidget_0
[2019.02.28-04.57.09:894][ 36]LogLinker: Warning: Can't find file for asset '/Game/HellYeahContent/Blueprints/HUD/HUD_2player_Display' while loading ../../../../../../../HellYeah_Games/CCW_30Days/Content/StarterContent/ThirdPersonBP/Blueprints/ThirdPersonGameMode.uasset.
[2019.02.28-04.57.09:894][ 36]LogLinker: Warning: Can't find file '/Game/HellYeahContent/Blueprints/HUD/HUD_2player_Display'
[2019.02.28-04.57.09:894][ 36]LogLinker: Warning: Can't find file for asset '/Game/HellYeahContent/Blueprints/HUD/HUD_2player_Display' while loading ../../../../../../../HellYeah_Games/CCW_30Days/Content/StarterContent/ThirdPersonBP/Blueprints/ThirdPersonGameMode.uasset.
[2019.02.28-04.57.09:894][ 36]LogLinker: Warning: Can't find file '/Game/HellYeahContent/Blueprints/TriggerBox_death_Blueprint'
[2019.02.28-04.57.09:894][ 36]LoadErrors: Failed to load /Game/HellYeahContent/Blueprints/TriggerBox_death_Blueprint.TriggerBox_death_Blueprint_C Referenced by K2Node_DynamicCast_2
[2019.02.28-04.57.09:895][ 36]LogLinker: Warning: Can't find file for asset '/Game/HellYeahContent/Blueprints/TriggerBox_death_Blueprint' while loading ../../../../../../../HellYeah_Games/CCW_30Days/Content/StarterContent/ThirdPersonBP/Blueprints/ThirdPersonGameMode.uasset.
[2019.02.28-04.57.09:895][ 36]LogLinker: Warning: Can't find file '/Game/HellYeahContent/Blueprints/TriggerBox_death_Blueprint'
[2019.02.28-04.57.09:895][ 36]LogLinker: Warning: Can't find file for asset '/Game/HellYeahContent/Blueprints/TriggerBox_death_Blueprint' while loading ../../../../../../../HellYeah_Games/CCW_30Days/Content/StarterContent/ThirdPersonBP/Blueprints/ThirdPersonGameMode.uasset.
[2019.02.28-04.57.09:897][ 36]LogLinker: Warning: Can't find file '/Game/HellYeahContent/Blueprints/Audio/Cues/DeathGrunt_1_edit_Cue'
[2019.02.28-04.57.09:897][ 36]LoadErrors: Failed to load /Game/HellYeahContent/Blueprints/Audio/Cues/DeathGrunt_1_edit_Cue.DeathGrunt_1_edit_Cue Referenced by K2Node_CallFunction_81
[2019.02.28-04.57.09:898][ 36]LogLinker: Warning: Can't find file for asset '/Game/HellYeahContent/Blueprints/Audio/Cues/DeathGrunt_1_edit_Cue' while loading ../../../../../../../HellYeah_Games/CCW_30Days/Content/StarterContent/ThirdPersonBP/Blueprints/ThirdPersonGameMode.uasset.
[2019.02.28-04.57.09:898][ 36]LogLinker: Warning: Can't find file '/Game/HellYeahContent/Blueprints/Audio/Cues/DeathGrunt_1_edit_Cue'
[2019.02.28-04.57.09:898][ 36]LoadErrors: Failed to load /Game/HellYeahContent/Blueprints/Audio/Cues/DeathGrunt_1_edit_Cue.DeathGrunt_1_edit_Cue Referenced by K2Node_CallFunction_80
[2019.02.28-04.57.09:898][ 36]LogLinker: Warning: Can't find file for asset '/Game/HellYeahContent/Blueprints/Audio/Cues/DeathGrunt_1_edit_Cue' while loading ../../../../../../../HellYeah_Games/CCW_30Days/Content/StarterContent/ThirdPersonBP/Blueprints/ThirdPersonGameMode.uasset.
[2019.02.28-04.57.09:898][ 36]LogLinker: Warning: Can't find file '/Game/HellYeahContent/Blueprints/Audio/Cues/AttackGrunt_1_edit_Cue'
[2019.02.28-04.57.09:898][ 36]LoadErrors: Failed to load /Game/HellYeahContent/Blueprints/Audio/Cues/AttackGrunt_1_edit_Cue.AttackGrunt_1_edit_Cue Referenced by K2Node_CallFunction_97
[2019.02.28-04.57.09:899][ 36]LogLinker: Warning: Can't find file for asset '/Game/HellYeahContent/Blueprints/Audio/Cues/AttackGrunt_1_edit_Cue' while loading ../../../../../../../HellYeah_Games/CCW_30Days/Content/StarterContent/ThirdPersonBP/Blueprints/ThirdPersonGameMode.uasset.
[2019.02.28-04.57.09:899][ 36]LogLinker: Warning: Can't find file '/Game/HellYeahContent/Blueprints/Audio/Cues/AttackGrunt_1_edit_Cue'
[2019.02.28-04.57.09:899][ 36]LoadErrors: Failed to load /Game/HellYeahContent/Blueprints/Audio/Cues/AttackGrunt_1_edit_Cue.AttackGrunt_1_edit_Cue Referenced by K2Node_CallFunction_20
[2019.02.28-04.57.09:899][ 36]LogLinker: Warning: Can't find file for asset '/Game/HellYeahContent/Blueprints/Audio/Cues/AttackGrunt_1_edit_Cue' while loading ../../../../../../../HellYeah_Games/CCW_30Days/Content/StarterContent/ThirdPersonBP/Blueprints/ThirdPersonGameMode.uasset.
[2019.02.28-04.57.09:899][ 36]LogLinker: Warning: Can't find file '/Game/HellYeahContent/Blueprints/Audio/Cues/JumpGrunt_1_edit_Cue'
[2019.02.28-04.57.09:899][ 36]LoadErrors: Failed to load /Game/HellYeahContent/Blueprints/Audio/Cues/JumpGrunt_1_edit_Cue.JumpGrunt_1_edit_Cue Referenced by K2Node_CallFunction_112
[2019.02.28-04.57.09:899][ 36]LogLinker: Warning: Can't find file for asset '/Game/HellYeahContent/Blueprints/Audio/Cues/JumpGrunt_1_edit_Cue' while loading ../../../../../../../HellYeah_Games/CCW_30Days/Content/StarterContent/ThirdPersonBP/Blueprints/ThirdPersonGameMode.uasset.
[2019.02.28-04.57.09:921][ 36]LogBlueprint: Error: [Compiler BP_player_1] Spawn node  Create Widget  must have a class specified.
[2019.02.28-04.57.09:924][ 36]LogBlueprint: Error: [Compiler BP_player_1] Can't connect pins  Object  and  Other Actor : This cast has an invalid target type (was the class deleted without a redirect?).
[2019.02.28-04.57.09:924][ 36]LogBlueprint: Error: [Compiler BP_player_1] Can't connect pins  Other Actor  and  Object : This cast has an invalid target type (was the class deleted without a redirect?).
[2019.02.28-04.57.09:936][ 36]LogBlueprint: Warning: [Compiler BP_player_1] [0295.61] Compile of BP_player_1 failed. 3 Fatal Issue(s) 0 Warning(s) [in 31 ms] (/Game/HellYeahContent/Blueprints/Players/BP_player_1.BP_player_1)
[2019.02.28-04.57.10:214][ 44]LogSlate: Took 0.000323 seconds to synchronously load lazily loaded font '../../../Engine/Content/Slate/Fonts/Roboto-Light.ttf' (159K)
[2019.02.28-04.57.10:844][109]LogSlate: Took 0.000435 seconds to synchronously load lazily loaded font '../../../Engine/Content/Slate/Fonts/Roboto-Light.ttf' (159K)
[2019.02.28-04.57.11:243][109]LogContentBrowser: Native class hierarchy updated for 'BlueprintGraph' in 0.0013 seconds. Added 113 classes and 0 folders.
[2019.02.28-04.57.11:919][109]LogSlate: Took 0.024045 seconds to synchronously load lazily loaded font '../../../Engine/Content/Editor/Slate/Fonts/Roboto-BoldCondensed.ttf' (158K)
[2019.02.28-04.57.11:996][110]LogSlate: Took 0.014681 seconds to synchronously load lazily loaded font '../../../Engine/Content/Editor/Slate/Fonts/Roboto-Italic.ttf' (157K)
[2019.02.28-04.57.41:086][918]LogWindowsTextInputMethodSystem: Display: IME system now deactivated.
[2019.02.28-04.57.41:251][919]Cmd: QUIT_EDITOR
[2019.02.28-04.57.41:292][919]LogExit: Preparing to exit.
[2019.02.28-04.57.41:744][919]LogDirectoryWatcher: A directory notification for 'D:/HellYeah_Games/CCW_30Days/Content/' was aborted.
[2019.02.28-04.57.41:782][919]LogExit: Editor shut down
[2019.02.28-04.57.41:785][919]LogExit: Transaction tracking system shut down
[2019.02.28-04.57.42:040][919]LogDirectoryWatcher: A directory notification for '../../../Engine/Content/' was aborted.
[2019.02.28-04.57.42:040][919]LogDirectoryWatcher: A directory notification for '../../../../../../../HellYeah_Games/CCW_30Days/Content/' was aborted.
[2019.02.28-04.57.42:040][919]LogDirectoryWatcher: A directory notification for '../../../Engine/Plugins/2D/Paper2D/Content/' was aborted.
[2019.02.28-04.57.42:040][919]LogDirectoryWatcher: A directory notification for '../../../Engine/Plugins/Runtime/Oculus/OculusVR/Content/' was aborted.
[2019.02.28-04.57.42:040][919]LogDirectoryWatcher: A directory notification for '../../../Engine/Plugins/Runtime/Steam/SteamVR/Content/' was aborted.
[2019.02.28-04.57.42:137][919]LogExit: Object subsystem successfully closed.
[2019.02.28-04.57.42:151][919]LogD3D11RHI: Shutdown
[2019.02.28-04.57.42:151][919]LogD3D11RHI: CleanupD3DDevice
[2019.02.28-04.57.42:217][919]LogD3D11RHI: ~FD3D11DynamicRHI
[2019.02.28-04.57.42:230][919]LogModuleManager: Shutting down and abandoning module BlueprintGraph (544)
[2019.02.28-04.57.42:230][919]LogModuleManager: Shutting down and abandoning module BlueprintProfiler (542)
[2019.02.28-04.57.42:230][919]LogModuleManager: Shutting down and abandoning module AddContentDialog (540)
[2019.02.28-04.57.42:230][919]LogDirectoryWatcher: A directory notification for 'D:/Games/Unreal/Unreal_Tournament/UE_4.17/FeaturePacks/' was aborted.
[2019.02.28-04.57.42:231][919]LogModuleManager: Shutting down and abandoning module WidgetCarousel (539)
[2019.02.28-04.57.42:231][919]LogModuleManager: Shutting down and abandoning module EditorWidgets (536)
[2019.02.28-04.57.42:231][919]LogModuleManager: Shutting down and abandoning module CollectionManager (534)
[2019.02.28-04.57.42:231][919]LogDirectoryWatcher: A directory notification for 'D:/HellYeah_Games/CCW_30Days/Content/Collections/' was aborted.
[2019.02.28-04.57.42:231][919]LogDirectoryWatcher: A directory notification for 'D:/HellYeah_Games/CCW_30Days/Content/Developers/flamingaxe12/Collections/' was aborted.
[2019.02.28-04.57.42:231][919]LogDirectoryWatcher: A directory notification for 'D:/HellYeah_Games/CCW_30Days/Saved/Collections/' was aborted.
[2019.02.28-04.57.42:232][919]LogModuleManager: Shutting down and abandoning module WorldBrowser (532)
[2019.02.28-04.57.42:232][919]LogModuleManager: Shutting down and abandoning module SceneOutliner (530)
[2019.02.28-04.57.42:232][919]LogModuleManager: Shutting down and abandoning module HierarchicalLODUtilities (528)
[2019.02.28-04.57.42:232][919]LogModuleManager: Shutting down and abandoning module HierarchicalLODOutliner (526)
[2019.02.28-04.57.42:232][919]LogModuleManager: Shutting down and abandoning module StatsViewer (524)
[2019.02.28-04.57.42:232][919]LogModuleManager: Shutting down and abandoning module FoliageEdit (522)
[2019.02.28-04.57.42:232][919]LogModuleManager: Shutting down and abandoning module LandscapeEditor (520)
[2019.02.28-04.57.42:232][919]LogModuleManager: Shutting down and abandoning module MeshPaintMode (518)
[2019.02.28-04.57.42:232][919]LogModuleManager: Shutting down and abandoning module SceneDepthPickerMode (516)
[2019.02.28-04.57.42:232][919]LogModuleManager: Shutting down and abandoning module ActorPickerMode (514)
[2019.02.28-04.57.42:232][919]LogModuleManager: Shutting down and abandoning module GeometryMode (512)
[2019.02.28-04.57.42:232][919]LogModuleManager: Shutting down and abandoning module TextureAlignMode (510)
[2019.02.28-04.57.42:232][919]LogModuleManager: Shutting down and abandoning module BspMode (508)
[2019.02.28-04.57.42:232][919]LogModuleManager: Shutting down and abandoning module PIEPreviewDeviceProfileSelector (506)
[2019.02.28-04.57.42:232][919]LogModuleManager: Shutting down and abandoning module HardwareSurvey (504)
[2019.02.28-04.57.42:232][919]LogModuleManager: Shutting down and abandoning module SequenceRecorderSections (502)
[2019.02.28-04.57.42:232][919]LogModuleManager: Shutting down and abandoning module AutomationWorker (500)
[2019.02.28-04.57.42:232][919]LogModuleManager: Shutting down and abandoning module MatineeToLevelSequence (498)
[2019.02.28-04.57.42:232][919]LogModuleManager: Shutting down and abandoning module LevelSequenceEditor (496)
[2019.02.28-04.57.42:233][919]LogModuleManager: Shutting down and abandoning module PlacementMode (495)
[2019.02.28-04.57.42:233][919]LogModuleManager: Shutting down and abandoning module WmfMediaFactory (492)
[2019.02.28-04.57.42:233][919]LogModuleManager: Shutting down and abandoning module WmfMediaEditor (490)
[2019.02.28-04.57.42:233][919]LogModuleManager: Shutting down and abandoning module AvfMediaFactory (488)
[2019.02.28-04.57.42:233][919]LogModuleManager: Shutting down and abandoning module AvfMediaEditor (486)
[2019.02.28-04.57.42:233][919]LogModuleManager: Shutting down and abandoning module AndroidMediaFactory (484)
[2019.02.28-04.57.42:233][919]LogModuleManager: Shutting down and abandoning module Media (483)
[2019.02.28-04.57.42:233][919]LogModuleManager: Shutting down and abandoning module AndroidMediaEditor (480)
[2019.02.28-04.57.42:233][919]LogModuleManager: Shutting down and abandoning module CharacterAI (478)
[2019.02.28-04.57.42:233][919]LogModuleManager: Shutting down and abandoning module AudioCapture (476)
[2019.02.28-04.57.42:233][919]LogModuleManager: Shutting down and abandoning module SequenceRecorder (475)
[2019.02.28-04.57.42:233][919]LogModuleManager: Shutting down and abandoning module SmartSnapping (472)
[2019.02.28-04.57.42:233][919]LogModuleManager: Shutting down and abandoning module SessionServices (470)
[2019.02.28-04.57.42:233][919]LogModuleManager: Shutting down and abandoning module ViewportSnapping (468)
[2019.02.28-04.57.42:233][919]LogModuleManager: Shutting down and abandoning module ViewportInteraction (466)
[2019.02.28-04.57.42:233][919]LogModuleManager: Shutting down and abandoning module ClothPainter (464)
[2019.02.28-04.57.42:233][919]LogModuleManager: Shutting down and abandoning module LogVisualizer (462)
[2019.02.28-04.57.42:233][919]LogModuleManager: Shutting down and abandoning module IntroTutorials (460)
[2019.02.28-04.57.42:233][919]LogModuleManager: Shutting down and abandoning module GameProjectGeneration (459)
[2019.02.28-04.57.42:233][919]LogModuleManager: Shutting down and abandoning module IOSPlatformEditor (456)
[2019.02.28-04.57.42:233][919]LogModuleManager: Shutting down and abandoning module HTML5PlatformEditor (454)
[2019.02.28-04.57.42:233][919]LogModuleManager: Shutting down and abandoning module AndroidPlatformEditor (452)
[2019.02.28-04.57.42:233][919]LogModuleManager: Shutting down and abandoning module AndroidDeviceDetection (451)
[2019.02.28-04.57.42:817][919]LogModuleManager: Shutting down and abandoning module WindowsPlatformEditor (448)
[2019.02.28-04.57.42:817][919]LogModuleManager: Shutting down and abandoning module IOSRuntimeSettings (446)
[2019.02.28-04.57.42:817][919]LogModuleManager: Shutting down and abandoning module AndroidRuntimeSettings (444)
[2019.02.28-04.57.42:817][919]LogModuleManager: Shutting down and abandoning module InputBindingEditor (442)
[2019.02.28-04.57.42:817][919]LogModuleManager: Shutting down and abandoning module MergeActors (440)
[2019.02.28-04.57.42:817][919]LogModuleManager: Shutting down and abandoning module SizeMap (438)
[2019.02.28-04.57.42:817][919]LogModuleManager: Shutting down and abandoning module TreeMap (436)
[2019.02.28-04.57.42:817][919]LogModuleManager: Shutting down and abandoning module ReferenceViewer (434)
[2019.02.28-04.57.42:817][919]LogModuleManager: Shutting down and abandoning module LocalizationDashboard (432)
[2019.02.28-04.57.42:817][919]LogModuleManager: Shutting down and abandoning module LocalizationService (431)
[2019.02.28-04.57.42:817][919]LogModuleManager: Shutting down and abandoning module HardwareTargeting (428)
[2019.02.28-04.57.42:817][919]LogModuleManager: Shutting down and abandoning module DeviceProfileEditor (426)
[2019.02.28-04.57.42:817][919]LogModuleManager: Shutting down and abandoning module UndoHistory (424)
[2019.02.28-04.57.42:817][919]LogModuleManager: Shutting down and abandoning module XmlParser (422)
[2019.02.28-04.57.42:817][919]LogModuleManager: Shutting down and abandoning module Blutility (420)
[2019.02.28-04.57.42:817][919]LogModuleManager: Shutting down and abandoning module ProjectSettingsViewer (418)
[2019.02.28-04.57.42:818][919]LogModuleManager: Shutting down and abandoning module ProjectTargetPlatformEditor (417)
[2019.02.28-04.57.42:818][919]LogModuleManager: Shutting down and abandoning module EditorSettingsViewer (414)
[2019.02.28-04.57.42:818][919]LogModuleManager: Shutting down and abandoning module SettingsEditor (412)
[2019.02.28-04.57.42:818][919]LogModuleManager: Shutting down and abandoning module ProjectLauncher (410)
[2019.02.28-04.57.42:818][919]LogModuleManager: Shutting down and abandoning module SessionFrontend (408)
[2019.02.28-04.57.42:818][919]LogModuleManager: Shutting down and abandoning module ProfilerClient (406)
[2019.02.28-04.57.42:818][919]LogModuleManager: Shutting down and abandoning module DeviceManager (404)
[2019.02.28-04.57.42:818][919]LogModuleManager: Shutting down and abandoning module TargetDeviceServices (403)
[2019.02.28-04.57.42:872][919]LogModuleManager: Shutting down and abandoning module AutomationController (400)
[2019.02.28-04.57.42:872][919]LogModuleManager: Shutting down and abandoning module AutomationWindow (398)
[2019.02.28-04.57.42:872][919]LogModuleManager: Shutting down and abandoning module Layers (396)
[2019.02.28-04.57.42:872][919]LogModuleManager: Shutting down and abandoning module ComponentVisualizers (394)
[2019.02.28-04.57.42:872][919]LogModuleManager: Shutting down and abandoning module DetailCustomizations (392)
[2019.02.28-04.57.42:872][919]LogModuleManager: Shutting down and abandoning module PackagesDialog (390)
[2019.02.28-04.57.42:872][919]LogModuleManager: Shutting down and abandoning module Persona (388)
[2019.02.28-04.57.42:872][919]LogModuleManager: Shutting down and abandoning module AdvancedPreviewScene (387)
[2019.02.28-04.57.42:872][919]LogModuleManager: Shutting down and abandoning module AnimGraph (385)
[2019.02.28-04.57.42:872][919]LogModuleManager: Shutting down and abandoning module Kismet (382)
[2019.02.28-04.57.42:883][919]LogModuleManager: Shutting down and abandoning module ClassViewer (380)
[2019.02.28-04.57.42:883][919]LogModuleManager: Shutting down and abandoning module Toolbox (378)
[2019.02.28-04.57.42:883][919]LogModuleManager: Shutting down and abandoning module ModuleUI (376)
[2019.02.28-04.57.42:883][919]LogModuleManager: Shutting down and abandoning module MovieSceneTools (374)
[2019.02.28-04.57.42:883][919]LogModuleManager: Shutting down and abandoning module OutputLog (372)
[2019.02.28-04.57.42:883][919]LogModuleManager: Shutting down and abandoning module GammaUI (370)
[2019.02.28-04.57.42:883][919]LogModuleManager: Shutting down and abandoning module Documentation (368)
[2019.02.28-04.57.42:883][919]LogModuleManager: Shutting down and abandoning module MovieSceneTracks (366)
[2019.02.28-04.57.42:883][919]LogModuleManager: Shutting down and abandoning module MovieScene (364)
[2019.02.28-04.57.42:883][919]LogModuleManager: Shutting down and abandoning module Niagara (362)
[2019.02.28-04.57.42:883][919]LogModuleManager: Shutting down and abandoning module NiagaraEditor (361)
[2019.02.28-04.57.42:883][919]LogModuleManager: Shutting down and abandoning module StreamingPauseRendering (358)
[2019.02.28-04.57.42:883][919]LogModuleManager: Shutting down and abandoning module LauncherPlatform (356)
[2019.02.28-04.57.42:883][919]LogModuleManager: Shutting down and abandoning module AnalyticsET (354)
[2019.02.28-04.57.42:883][919]LogModuleManager: Shutting down and abandoning module PortalServices (352)
[2019.02.28-04.57.42:883][919]LogModuleManager: Shutting down and abandoning module PortalRpc (350)
[2019.02.28-04.57.42:883][919]LogModuleManager: Shutting down and abandoning module MessagingRpc (348)
[2019.02.28-04.57.42:883][919]LogModuleManager: Shutting down and abandoning module AIModule (346)
[2019.02.28-04.57.42:883][919]LogModuleManager: Shutting down and abandoning module GameplayDebugger (345)
[2019.02.28-04.57.42:883][919]LogModuleManager: Shutting down and abandoning module AITestSuite (343)
[2019.02.28-04.57.42:883][919]LogModuleManager: Shutting down and abandoning module ProfilerService (340)
[2019.02.28-04.57.42:989][919]LogModuleManager: Shutting down and abandoning module TaskGraph (338)
[2019.02.28-04.57.42:989][919]LogModuleManager: Shutting down and abandoning module SubstanceSource (336)
[2019.02.28-04.57.42:989][919]LogModuleManager: Shutting down and abandoning module SubstanceEditor (334)
[2019.02.28-04.57.42:989][919]LogModuleManager: Shutting down and abandoning module SteamVRController (332)
[2019.02.28-04.57.42:989][919]LogModuleManager: Shutting down and abandoning module ProceduralMeshComponentEditor (330)
[2019.02.28-04.57.42:989][919]LogModuleManager: Shutting down and abandoning module ProceduralMeshComponent (328)
[2019.02.28-04.57.42:989][919]LogModuleManager: Shutting down and abandoning module OculusInput (326)
[2019.02.28-04.57.42:989][919]LogModuleManager: Shutting down and abandoning module MobilePatchingUtils (324)
[2019.02.28-04.57.42:989][919]LogModuleManager: Shutting down and abandoning module CustomMeshComponent (322)
[2019.02.28-04.57.42:989][919]LogModuleManager: Shutting down and abandoning module CableComponent (320)
[2019.02.28-04.57.42:989][919]LogModuleManager: Shutting down and abandoning module ArchVisCharacter (318)
[2019.02.28-04.57.42:989][919]LogModuleManager: Shutting down and abandoning module AndroidPermission (316)
[2019.02.28-04.57.42:989][919]LogModuleManager: Shutting down and abandoning module MediaPlayerEditor (312)
[2019.02.28-04.57.42:989][919]LogModuleManager: Shutting down and abandoning module HTML5Networking (310)
[2019.02.28-04.57.42:990][919]LogModuleManager: Shutting down and abandoning module AlembicImporter (308)
[2019.02.28-04.57.42:990][919]LogModuleManager: Shutting down and abandoning module AlembicLibrary (307)
[2019.02.28-04.57.42:990][919]LogModuleManager: Shutting down and abandoning module GeometryCache (306)
[2019.02.28-04.57.42:990][919]LogModuleManager: Shutting down and abandoning module GeometryCacheEd (305)
[2019.02.28-04.57.42:990][919]LogModuleManager: Shutting down and abandoning module SpeedTreeImporter (300)
[2019.02.28-04.57.42:990][919]LogModuleManager: Shutting down and abandoning module PluginBrowser (298)
[2019.02.28-04.57.42:990][919]LogModuleManager: Shutting down and abandoning module MobileLauncherProfileWizard (296)
[2019.02.28-04.57.42:990][919]LogModuleManager: Shutting down and abandoning module VisualStudioSourceCodeAccess (294)
[2019.02.28-04.57.42:991][919]LogModuleManager: Shutting down and abandoning module DesktopPlatform (293)
[2019.02.28-04.57.42:991][919]LogModuleManager: Shutting down and abandoning module UObjectPlugin (290)
[2019.02.28-04.57.42:991][919]LogModuleManager: Shutting down and abandoning module SubversionSourceControl (288)
[2019.02.28-04.57.42:991][919]LogModuleManager: Shutting down and abandoning module PerforceSourceControl (286)
[2019.02.28-04.57.42:991][919]LogModuleManager: Shutting down and abandoning module GitSourceControl (284)
[2019.02.28-04.57.42:991][919]LogModuleManager: Shutting down and abandoning module SourceControl (283)
[2019.02.28-04.57.42:991][919]LogModuleManager: Shutting down and abandoning module LightPropagationVolumeEditor (280)
[2019.02.28-04.57.42:991][919]LogModuleManager: Shutting down and abandoning module PaperTiledImporter (278)
[2019.02.28-04.57.42:991][919]LogModuleManager: Shutting down and abandoning module PaperSpriteSheetImporter (276)
[2019.02.28-04.57.42:997][919]LogModuleManager: Shutting down and abandoning module Paper2DEditor (274)
[2019.02.28-04.57.42:997][919]LogModuleManager: Shutting down and abandoning module MeshPaint (273)
[2019.02.28-04.57.42:997][919]LogModuleManager: Shutting down and abandoning module LevelEditor (271)
[2019.02.28-04.57.42:998][919]LogModuleManager: Shutting down and abandoning module PixelInspectorModule (270)
[2019.02.28-04.57.42:998][919]LogModuleManager: Shutting down and abandoning module MainFrame (268)
[2019.02.28-04.57.42:998][919]LogModuleManager: Shutting down and abandoning module HotReload (267)
[2019.02.28-04.57.43:000][919]LogModuleManager: Shutting down and abandoning module RuntimePhysXCooking (262)
[2019.02.28-04.57.43:000][919]LogModuleManager: Shutting down and abandoning module PhysXVehiclesEditor (260)
[2019.02.28-04.57.43:000][919]LogModuleManager: Shutting down and abandoning module PhysXVehicles (258)
[2019.02.28-04.57.43:000][919]LogModuleManager: Shutting down and abandoning module OculusEditor (256)
[2019.02.28-04.57.43:000][919]LogModuleManager: Shutting down and abandoning module LocationServicesBPLibrary (254)
[2019.02.28-04.57.43:000][919]LogModuleManager: Shutting down and abandoning module ImmediatePhysicsEditor (252)
[2019.02.28-04.57.43:000][919]LogModuleManager: Shutting down and abandoning module ImmediatePhysics (250)
[2019.02.28-04.57.43:000][919]LogModuleManager: Shutting down and abandoning module UdpMessaging (248)
[2019.02.28-04.57.43:103][919]LogModuleManager: Shutting down and abandoning module TcpMessaging (246)
[2019.02.28-04.57.43:205][919]LogModuleManager: Shutting down and abandoning module SubstanceCore (244)
[2019.02.28-04.57.43:205][919]LogModuleManager: Shutting down and abandoning module GameplayTagsEditor (242)
[2019.02.28-04.57.43:205][919]LogModuleManager: Shutting down and abandoning module FacialAnimationEditor (240)
[2019.02.28-04.57.43:205][919]LogModuleManager: Shutting down and abandoning module FacialAnimation (238)
[2019.02.28-04.57.43:205][919]LogModuleManager: Shutting down and abandoning module AssetManagerEditor (236)
[2019.02.28-04.57.43:205][919]LogModuleManager: Shutting down and abandoning module GraphEditor (235)
[2019.02.28-04.57.43:205][919]LogModuleManager: Shutting down and abandoning module ContentBrowser (233)
[2019.02.28-04.57.43:206][919]LogModuleManager: Shutting down and abandoning module LightPropagationVolumeRuntime (230)
[2019.02.28-04.57.43:206][919]LogModuleManager: Shutting down and abandoning module Paper2D (228)
[2019.02.28-04.57.43:206][919]LogModuleManager: Shutting down and abandoning module WindowsMoviePlayer (226)
[2019.02.28-04.57.43:206][919]LogModuleManager: Shutting down and abandoning module WmfMedia (224)
[2019.02.28-04.57.43:208][919]LogModuleManager: Shutting down and abandoning module PacketHandler (222)
[2019.02.28-04.57.43:208][919]LogModuleManager: Shutting down and abandoning module ClothingSystemEditor (220)
[2019.02.28-04.57.43:208][919]LogModuleManager: Shutting down and abandoning module ClothingSystemRuntime (218)
[2019.02.28-04.57.43:208][919]LogModuleManager: Shutting down and abandoning module Overlay (216)
[2019.02.28-04.57.43:208][919]LogModuleManager: Shutting down and abandoning module OverlayEditor (215)
[2019.02.28-04.57.43:208][919]LogModuleManager: Shutting down and abandoning module MediaAssets (212)
[2019.02.28-04.57.43:208][919]LogModuleManager: Shutting down and abandoning module VREditor (210)
[2019.02.28-04.57.43:208][919]LogModuleManager: Shutting down and abandoning module StringTableEditor (208)
[2019.02.28-04.57.43:208][919]LogModuleManager: Shutting down and abandoning module GameplayTasksEditor (206)
[2019.02.28-04.57.43:208][919]LogModuleManager: Shutting down and abandoning module BehaviorTreeEditor (204)
[2019.02.28-04.57.43:208][919]LogModuleManager: Shutting down and abandoning module FunctionalTesting (202)
[2019.02.28-04.57.43:208][919]LogModuleManager: Shutting down and abandoning module CollisionAnalyzer (200)
[2019.02.28-04.57.43:208][919]LogModuleManager: Shutting down and abandoning module WorkspaceMenuStructure (199)
[2019.02.28-04.57.43:208][919]LogModuleManager: Shutting down and abandoning module UMG (196)
[2019.02.28-04.57.43:208][919]LogModuleManager: Shutting down and abandoning module UMGEditor (195)
[2019.02.28-04.57.43:208][919]LogModuleManager: Shutting down and abandoning module Sequencer (194)
[2019.02.28-04.57.43:208][919]LogModuleManager: Shutting down and abandoning module MessageLog (191)
[2019.02.28-04.57.43:208][919]LogModuleManager: Shutting down and abandoning module SlateReflector (186)
[2019.02.28-04.57.43:208][919]LogModuleManager: Shutting down and abandoning module Slate (184)
[2019.02.28-04.57.43:208][919]LogModuleManager: Shutting down and abandoning module EditorStyle (182)
[2019.02.28-04.57.43:210][919]LogModuleManager: Shutting down and abandoning module MRMesh (180)
[2019.02.28-04.57.43:210][919]LogModuleManager: Shutting down and abandoning module SourceCodeAccess (178)
[2019.02.28-04.57.43:210][919]LogModuleManager: Shutting down and abandoning module HeadMountedDisplay (176)
[2019.02.28-04.57.43:210][919]LogModuleManager: Shutting down and abandoning module XAudio2 (174)
[2019.02.28-04.57.43:210][919]LogModuleManager: Shutting down and abandoning module Networking (172)
[2019.02.28-04.57.43:210][919]LogModuleManager: Shutting down and abandoning module Core (168)
[2019.02.28-04.57.43:210][919]LogModuleManager: Shutting down and abandoning module KismetCompiler (164)
[2019.02.28-04.57.43:210][919]LogModuleManager: Shutting down and abandoning module LevelSequence (162)
[2019.02.28-04.57.43:210][919]LogModuleManager: Shutting down and abandoning module MeshUtilities (160)
[2019.02.28-04.57.43:210][919]LogModuleManager: Shutting down and abandoning module MeshMergeUtilities (159)
[2019.02.28-04.57.43:211][919]LogModuleManager: Shutting down and abandoning module MeshReductionInterface (158)
[2019.02.28-04.57.43:211][919]LogModuleManager: Shutting down and abandoning module SimplygonSwarm (157)
[2019.02.28-04.57.43:211][919]LogModuleManager: Shutting down and abandoning module SimplygonMeshReduction (155)
[2019.02.28-04.57.43:211][919]LogModuleManager: Shutting down and abandoning module QuadricMeshReduction (153)
[2019.02.28-04.57.43:211][919]LogModuleManager: Shutting down and abandoning module MaterialBaking (149)
[2019.02.28-04.57.43:211][919]LogModuleManager: Shutting down and abandoning module DirectoryWatcher (146)
[2019.02.28-04.57.43:211][919]LogModuleManager: Shutting down and abandoning module DerivedDataCache (144)
[2019.02.28-04.57.43:253][919]LogDerivedDataCache: Shutdown
[2019.02.28-04.57.43:253][919]LogModuleManager: Shutting down and abandoning module TargetPlatform (142)
[2019.02.28-04.57.43:253][919]LogModuleManager: Shutting down and abandoning module VulkanShaderFormat (141)
[2019.02.28-04.57.43:253][919]LogModuleManager: Shutting down and abandoning module ShaderFormatVectorVM (139)
[2019.02.28-04.57.43:253][919]LogModuleManager: Shutting down and abandoning module ShaderFormatOpenGL (137)
[2019.02.28-04.57.43:253][919]LogModuleManager: Shutting down and abandoning module ShaderFormatD3D (135)
[2019.02.28-04.57.43:253][919]LogModuleManager: Shutting down and abandoning module MetalShaderFormat (133)
[2019.02.28-04.57.43:253][919]LogModuleManager: Shutting down and abandoning module TextureFormatUncompressed (131)
[2019.02.28-04.57.43:253][919]LogModuleManager: Shutting down and abandoning module TextureFormatPVR (129)
[2019.02.28-04.57.43:253][919]LogModuleManager: Shutting down and abandoning module TextureFormatDXT (127)
[2019.02.28-04.57.43:253][919]LogModuleManager: Shutting down and abandoning module TextureFormatIntelISPCTexComp (125)
[2019.02.28-04.57.43:253][919]LogModuleManager: Shutting down and abandoning module TextureFormatASTC (123)
[2019.02.28-04.57.43:254][919]LogModuleManager: Shutting down and abandoning module ImageWrapper (122)
[2019.02.28-04.57.43:254][919]LogModuleManager: Shutting down and abandoning module TextureFormatAndroid (119)
[2019.02.28-04.57.43:254][919]LogModuleManager: Shutting down and abandoning module AudioFormatOpus (117)
[2019.02.28-04.57.43:254][919]LogModuleManager: Shutting down and abandoning module AudioFormatOgg (115)
[2019.02.28-04.57.43:254][919]LogModuleManager: Shutting down and abandoning module AudioFormatADPCM (113)
[2019.02.28-04.57.43:254][919]LogModuleManager: Shutting down and abandoning module LinuxTargetPlatform (111)
[2019.02.28-04.57.43:254][919]LogModuleManager: Shutting down and abandoning module LinuxServerTargetPlatform (109)
[2019.02.28-04.57.43:254][919]LogModuleManager: Shutting down and abandoning module LinuxNoEditorTargetPlatform (107)
[2019.02.28-04.57.43:254][919]LogModuleManager: Shutting down and abandoning module LinuxClientTargetPlatform (105)
[2019.02.28-04.57.43:254][919]LogModuleManager: Shutting down and abandoning module TVOSTargetPlatform (103)
[2019.02.28-04.57.43:254][919]LogModuleManager: Shutting down and abandoning module Messaging (101)
[2019.02.28-04.57.43:254][919]LogModuleManager: Shutting down and abandoning module IOSTargetPlatform (99)
[2019.02.28-04.57.43:254][919]LogModuleManager: Shutting down and abandoning module HTML5TargetPlatform (97)
[2019.02.28-04.57.43:254][919]LogModuleManager: Shutting down and abandoning module Android_PVRTCTargetPlatform (95)
[2019.02.28-04.57.43:254][919]LogModuleManager: Shutting down and abandoning module Android_MultiTargetPlatform (93)
[2019.02.28-04.57.43:254][919]LogModuleManager: Shutting down and abandoning module Android_ETC2TargetPlatform (91)
[2019.02.28-04.57.43:254][919]LogModuleManager: Shutting down and abandoning module Android_ETC1TargetPlatform (89)
[2019.02.28-04.57.43:254][919]LogModuleManager: Shutting down and abandoning module Android_DXTTargetPlatform (87)
[2019.02.28-04.57.43:254][919]LogModuleManager: Shutting down and abandoning module Android_ATCTargetPlatform (85)
[2019.02.28-04.57.43:254][919]LogModuleManager: Shutting down and abandoning module Android_ASTCTargetPlatform (83)
[2019.02.28-04.57.43:254][919]LogModuleManager: Shutting down and abandoning module AndroidTargetPlatform (81)
[2019.02.28-04.57.43:254][919]LogModuleManager: Shutting down and abandoning module WindowsTargetPlatform (79)
[2019.02.28-04.57.43:254][919]LogModuleManager: Shutting down and abandoning module WindowsServerTargetPlatform (77)
[2019.02.28-04.57.43:254][919]LogModuleManager: Shutting down and abandoning module WindowsNoEditorTargetPlatform (75)
[2019.02.28-04.57.43:254][919]LogModuleManager: Shutting down and abandoning module WindowsClientTargetPlatform (73)
[2019.02.28-04.57.43:254][919]LogModuleManager: Shutting down and abandoning module MacTargetPlatform (71)
[2019.02.28-04.57.43:254][919]LogModuleManager: Shutting down and abandoning module MacServerTargetPlatform (69)
[2019.02.28-04.57.43:254][919]LogModuleManager: Shutting down and abandoning module MacNoEditorTargetPlatform (67)
[2019.02.28-04.57.43:254][919]LogModuleManager: Shutting down and abandoning module MacClientTargetPlatform (65)
[2019.02.28-04.57.43:254][919]LogModuleManager: Shutting down and abandoning module AllDesktopTargetPlatform (63)
[2019.02.28-04.57.43:254][919]LogModuleManager: Shutting down and abandoning module InputCore (60)
[2019.02.28-04.57.43:254][919]LogModuleManager: Shutting down and abandoning module Settings (58)
[2019.02.28-04.57.43:254][919]LogModuleManager: Shutting down and abandoning module PhysXCooking (56)
[2019.02.28-04.57.43:254][919]LogModuleManager: Shutting down and abandoning module SteamVR (54)
[2019.02.28-04.57.43:254][919]LogModuleManager: Shutting down and abandoning module OculusHMD (52)
[2019.02.28-04.57.43:254][919]LogModuleManager: Shutting down and abandoning module ExampleDeviceProfileSelector (50)
[2019.02.28-04.57.43:254][919]LogModuleManager: Shutting down and abandoning module OnlineBlueprintSupport (48)
[2019.02.28-04.57.43:254][919]LogModuleManager: Shutting down and abandoning module OnlineSubsystem (44)
[2019.02.28-04.57.43:254][919]LogOnline: Display: Unloading online subsystem: NULL
[2019.02.28-04.57.43:254][919]LogModuleManager: Shutting down and abandoning module XMPP (43)
[2019.02.28-04.57.43:254][919]LogModuleManager: Shutting down and abandoning module HTTP (41)
[2019.02.28-04.57.43:254][919]LogHttp: Display: Http module shutting down, but needs to wait on 1 outstanding Http requests:
[2019.02.28-04.57.43:254][919]LogHttp: Display: 	verb=[POST] url=[https://datarouter.ol.epicgames.com/datarouter/api/v1/public/data?SessionID=%7BEA97E58D-47A0-5428-8784-0E92E8F45641%7D&AppID=UEEditor.Rocket.Release&AppVersion=4.17.2-3658906%2B%2B%2BUE4%2BRelease-4.17&UserID=ef6438ac43b18b3dd2a7e8862cb4773e%7C3447abac8af24d9c9e6faf08e892c4fb%7C01c34718-f6dd-45a5-93f2-5bc5d8f87643&AppEnvironment=datacollector-binary&UploadType=eteventstream] status=Processing
[2019.02.28-04.57.43:283][919]LogModuleManager: Shutting down and abandoning module SSL (40)
[2019.02.28-04.57.43:284][919]LogModuleManager: Shutting down and abandoning module AnimationModifiers (36)
[2019.02.28-04.57.43:284][919]LogModuleManager: Shutting down and abandoning module PropertyEditor (35)
[2019.02.28-04.57.43:285][919]LogModuleManager: Shutting down and abandoning module AudioEditor (32)
[2019.02.28-04.57.43:285][919]LogModuleManager: Shutting down and abandoning module TextureCompressor (30)
[2019.02.28-04.57.43:285][919]LogModuleManager: Shutting down and abandoning module ShaderCore (28)
[2019.02.28-04.57.43:285][919]LogModuleManager: Shutting down and abandoning module Landscape (26)
[2019.02.28-04.57.43:285][919]LogModuleManager: Shutting down and abandoning module SlateRHIRenderer (24)
[2019.02.28-04.57.43:286][919]LogModuleManager: Shutting down and abandoning module OpenGLDrv (22)
[2019.02.28-04.57.43:286][919]LogModuleManager: Shutting down and abandoning module D3D11RHI (20)
[2019.02.28-04.57.43:286][919]LogModuleManager: Shutting down and abandoning module AnimGraphRuntime (18)
[2019.02.28-04.57.43:286][919]LogModuleManager: Shutting down and abandoning module Renderer (16)
[2019.02.28-04.57.43:286][919]LogModuleManager: Shutting down and abandoning module Engine (14)
[2019.02.28-04.57.43:286][919]LogModuleManager: Shutting down and abandoning module CoreUObject (12)
[2019.02.28-04.57.43:286][919]LogModuleManager: Shutting down and abandoning module NetworkFile (10)
[2019.02.28-04.57.43:286][919]LogModuleManager: Shutting down and abandoning module CookedIterativeFile (8)
[2019.02.28-04.57.43:286][919]LogModuleManager: Shutting down and abandoning module StreamingFile (6)
[2019.02.28-04.57.43:286][919]LogModuleManager: Shutting down and abandoning module SandboxFile (4)
[2019.02.28-04.57.43:286][919]LogModuleManager: Shutting down and abandoning module PakFile (2)
[2019.02.28-04.57.43:297][919]LogExit: Exiting.
[2019.02.28-04.57.43:369][919]Log file closed, 02/27/19 23:57:43
