Log file open, 01/25/19 15:16:39
LogWindows: Failed to load 'aqProf.dll' (GetLastError=126)
LogWindows: File 'aqProf.dll' does not exist
LogWindows: Failed to load 'VtuneApi.dll' (GetLastError=126)
LogWindows: File 'VtuneApi.dll' does not exist
LogWindows: Failed to load 'VtuneApi32e.dll' (GetLastError=126)
LogWindows: File 'VtuneApi32e.dll' does not exist
LogInit: Display: Running engine for game: CCW_30Days
LogPlatformFile: Not using cached read wrapper
LogInit: Display: RandInit(-1346816275) SRandInit(-1346816275).
LogTaskGraph: Started task graph with 5 named threads and 14 total threads with 3 sets of task threads.
LogStats: Stats thread started at 0.170088
LogD3D11RHI: Aftermath initialized
LogPluginManager: Mounting plugin Paper2D
LogPluginManager: Mounting plugin LightPropagationVolume
LogPluginManager: Mounting plugin CodeLiteSourceCodeAccess
LogPluginManager: Mounting plugin GitSourceControl
LogPluginManager: Mounting plugin KDevelopSourceCodeAccess
LogPluginManager: Mounting plugin NullSourceCodeAccess
LogPluginManager: Mounting plugin PerforceSourceControl
LogPluginManager: Mounting plugin SubversionSourceControl
LogPluginManager: Mounting plugin UObjectPlugin
LogPluginManager: Mounting plugin VisualStudioSourceCodeAccess
LogPluginManager: Mounting plugin XCodeSourceCodeAccess
LogPluginManager: Mounting plugin AssetManagerEditor
LogPluginManager: Mounting plugin AudioCapture
LogPluginManager: Mounting plugin FacialAnimation
LogPluginManager: Mounting plugin GameplayTagsEditor
LogPluginManager: Mounting plugin MobileLauncherProfileWizard
LogPluginManager: Mounting plugin PluginBrowser
LogPluginManager: Mounting plugin SpeedTreeImporter
LogPluginManager: Mounting plugin AlembicImporter
LogPluginManager: Mounting plugin CharacterAI
LogPluginManager: Mounting plugin HTML5Networking
LogPluginManager: Mounting plugin Substance
LogPluginManager: Mounting plugin AndroidMedia
LogPluginManager: Mounting plugin AvfMedia
LogPluginManager: Mounting plugin MediaPlayerEditor
LogPluginManager: Mounting plugin WmfMedia
LogPluginManager: Mounting plugin TcpMessaging
LogPluginManager: Mounting plugin UdpMessaging
LogPluginManager: Mounting plugin LevelSequenceEditor
LogPluginManager: Mounting plugin MatineeToLevelSequence
LogPluginManager: Mounting plugin OnlineSubsystemGooglePlay
LogPluginManager: Mounting plugin OnlineSubsystemIOS
LogPluginManager: Mounting plugin OnlineSubsystem
LogPluginManager: Mounting plugin OnlineSubsystemNull
LogPluginManager: Mounting plugin OnlineSubsystemUtils
LogPluginManager: Mounting plugin AndroidDeviceProfileSelector
LogPluginManager: Mounting plugin AndroidMoviePlayer
LogPluginManager: Mounting plugin AndroidPermission
LogPluginManager: Mounting plugin AppleMoviePlayer
LogPluginManager: Mounting plugin ArchVisCharacter
LogPluginManager: Mounting plugin CableComponent
LogPluginManager: Mounting plugin CustomMeshComponent
LogPluginManager: Mounting plugin ExampleDeviceProfileSelector
LogPluginManager: Mounting plugin GoogleCloudMessaging
LogPluginManager: Mounting plugin ImmediatePhysics
LogPluginManager: Mounting plugin IOSDeviceProfileSelector
LogPluginManager: Mounting plugin LinuxDeviceProfileSelector
LogPluginManager: Mounting plugin LocationServicesBPLibrary
LogPluginManager: Mounting plugin MobilePatchingUtils
LogPluginManager: Mounting plugin OculusVR
LogPluginManager: Mounting plugin PhysXVehicles
LogPluginManager: Mounting plugin ProceduralMeshComponent
LogPluginManager: Mounting plugin RuntimePhysXCooking
LogPluginManager: Mounting plugin SteamVR
LogPluginManager: Mounting plugin WindowsMoviePlayer
LogInit: Using libcurl 7.47.1
LogInit:  - built for x86_64-pc-win32
LogInit:  - supports SSL with OpenSSL/1.0.2g
LogInit:  - supports HTTP deflate (compression) using libz 1.2.8
LogInit:  - other features:
LogInit:      CURL_VERSION_SSL
LogInit:      CURL_VERSION_LIBZ
LogInit:      CURL_VERSION_IPV6
LogInit:      CURL_VERSION_ASYNCHDNS
LogInit:      CURL_VERSION_LARGEFILE
LogInit:      CURL_VERSION_IDN
LogInit:  CurlRequestOptions (configurable via config and command line):
LogInit:  - bVerifyPeer = false  - Libcurl will NOT verify peer certificate
LogInit:  - bUseHttpProxy = false  - Libcurl will NOT use HTTP proxy
LogInit:  - bDontReuseConnections = false  - Libcurl will reuse connections
LogInit:  - CertBundlePath = nullptr  - Libcurl will use whatever was configured at build time.
LogInit: Build: ++UE4+Release-4.17-CL-3658906
LogInit: Engine Version: 4.17.2-3658906+++UE4+Release-4.17
LogInit: Compatible Engine Version: 4.17.0-3573198+++UE4+Release-4.17
LogInit: Net CL: 3573198
LogDevObjectVersion: Number of dev versions registered: 16
LogDevObjectVersion:   Dev-Blueprints (B0D832E4-1F89-4F0D-ACCF-7EB736FD4AA2): 10
LogDevObjectVersion:   Dev-Build (E1C64328-A22C-4D53-A36C-8E866417BD8C): 0
LogDevObjectVersion:   Dev-Core (375EC13C-06E4-48FB-B500-84F0262A717E): 2
LogDevObjectVersion:   Dev-Editor (E4B068ED-F494-42E9-A231-DA0B2E46BB41): 20
LogDevObjectVersion:   Dev-Framework (CFFC743F-43B0-4480-9391-14DF171D2073): 28
LogDevObjectVersion:   Dev-Mobile (B02B49B5-BB20-44E9-A304-32B752E40360): 0
LogDevObjectVersion:   Dev-Networking (A4E4105C-59A1-49B5-A7C5-40C4547EDFEE): 0
LogDevObjectVersion:   Dev-Online (39C831C9-5AE6-47DC-9A44-9C173E1C8E7C): 0
LogDevObjectVersion:   Dev-Physics (78F01B33-EBEA-4F98-B9B4-84EACCB95AA2): 0
LogDevObjectVersion:   Dev-Platform (6631380F-2D4D-43E0-8009-CF276956A95A): 0
LogDevObjectVersion:   Dev-Rendering (12F88B9F-8875-4AFC-A67C-D90C383ABD29): 19
LogDevObjectVersion:   Dev-Sequencer (7B5AE74C-D270-4C10-A958-57980B212A5A): 4
LogDevObjectVersion:   Dev-VR (D7296918-1DD6-4BDD-9DE2-64A83CC13884): 0
LogDevObjectVersion:   Dev-LoadTimes (C2A15278-BFE7-4AFE-6C17-90FF531DF755): 1
LogDevObjectVersion:   Private-Geometry (6EACA3D4-40EC-4CC1-B786-8BED09428FC5): 1
LogDevObjectVersion:   Dev-AnimPhys (29E575DD-E0A3-4627-9D10-D276232CDCEA): 7
LogInit: Compiled (64-bit): Sep 22 2017 13:47:16
LogInit: Compiled with Visual C++: 19.00.24215.01
LogInit: Build Configuration: Development
LogInit: Branch Name: ++UE4+Release-4.17
LogInit: Command line:  
LogInit: Base directory: C:/Program Files/Epic Games/UE_4.17/Engine/Binaries/Win64/
LogInit: Installed Engine Build: 1
LogInit: Presizing for max 8388607 objects, including 0 objects not considered by GC, pre-allocating 0 bytes for permanent pool.
LogInit: Object subsystem initialized
[2019.01.25-20.16.40:454][  0]LogInit: Selected Device Profile: [Windows]
[2019.01.25-20.16.40:455][  0]LogInit: Applying CVar settings loaded from the selected device profile: [Windows]
[2019.01.25-20.16.40:476][  0]LogInit: Computer: DESKTOP-PR9T6HR
[2019.01.25-20.16.40:476][  0]LogInit: User: OXENN
[2019.01.25-20.16.40:476][  0]LogInit: CPU Page size=4096, Cores=4
[2019.01.25-20.16.40:476][  0]LogInit: High frequency timer resolution =3.914068 MHz
[2019.01.25-20.16.40:476][  0]LogMemory: Memory total: Physical=31.9GB (32GB approx)
[2019.01.25-20.16.40:476][  0]LogMemory: Platform Memory Stats for Windows
[2019.01.25-20.16.40:476][  0]LogMemory: Process Physical Memory: 278.03 MB used, 278.03 MB peak
[2019.01.25-20.16.40:476][  0]LogMemory: Process Virtual Memory: 274.43 MB used, 274.43 MB peak
[2019.01.25-20.16.40:476][  0]LogMemory: Physical Memory: 7781.75 MB used,  24921.79 MB free, 32703.54 MB total
[2019.01.25-20.16.40:476][  0]LogMemory: Virtual Memory: 4805.20 MB used,  24921.79 MB free, 134217728.00 MB total
[2019.01.25-20.16.40:836][  0]LogInit: Using OS detected language (en-US).
[2019.01.25-20.16.40:836][  0]LogInit: Using OS detected locale (en-US).
[2019.01.25-20.16.40:890][  0]LogTextLocalizationManager: No specific localization for 'en-US' exists, so the 'en' localization will be used.
[2019.01.25-20.16.43:367][  0]LogD3D11RHI: D3D11 adapters:
[2019.01.25-20.16.43:424][  0]LogD3D11RHI:    0. 'NVIDIA GeForce GTX 1060 6GB' (Feature Level 11_0)
[2019.01.25-20.16.43:424][  0]LogD3D11RHI:       6061/0/16351 MB DedicatedVideo/DedicatedSystem/SharedSystem, Outputs:2, VendorId:0x10de
[2019.01.25-20.16.43:427][  0]LogD3D11RHI:    1. 'Microsoft Basic Render Driver' (Feature Level 11_0)
[2019.01.25-20.16.43:427][  0]LogD3D11RHI:       0/0/16351 MB DedicatedVideo/DedicatedSystem/SharedSystem, Outputs:0, VendorId:0x1414
[2019.01.25-20.16.43:427][  0]LogD3D11RHI: Chosen D3D11 Adapter: 0
[2019.01.25-20.16.43:434][  0]LogD3D11RHI: Creating new Direct3DDevice
[2019.01.25-20.16.43:434][  0]LogD3D11RHI:     GPU DeviceId: 0x1c03 (for the marketing name, search the web for "GPU Device Id")
[2019.01.25-20.16.43:435][  0]LogWindows: EnumDisplayDevices:
[2019.01.25-20.16.43:435][  0]LogWindows:    0. 'NVIDIA GeForce GTX 1060 6GB' (P:1 D:1)
[2019.01.25-20.16.43:435][  0]LogWindows:    1. 'NVIDIA GeForce GTX 1060 6GB' (P:0 D:1)
[2019.01.25-20.16.43:435][  0]LogWindows:    2. 'NVIDIA GeForce GTX 1060 6GB' (P:0 D:0)
[2019.01.25-20.16.43:435][  0]LogWindows:    3. 'NVIDIA GeForce GTX 1060 6GB' (P:0 D:0)
[2019.01.25-20.16.43:435][  0]LogWindows: DebugString: GetVideoDriverDetailsInvalid PrimaryIsNotTheChoosenAdapter GetVideoDriverDetailsInvalid PrimaryIsNotTheChoosenAdapter GetVideoDriverDetailsInvalid PrimaryIsNotTheChoosenAdapter GetVideoDriverDetailsInvalid PrimaryIsNotTheChoosenAdapter FoundDriverCount:0 
[2019.01.25-20.16.43:435][  0]LogD3D11RHI:     Adapter Name: NVIDIA GeForce GTX 1060 6GB
[2019.01.25-20.16.43:435][  0]LogD3D11RHI:   Driver Version: Unknown (internal:Unknown, unified:Unknown)
[2019.01.25-20.16.43:435][  0]LogD3D11RHI:      Driver Date: Unknown
[2019.01.25-20.16.43:435][  0]LogRHI: Texture pool is 1361 MB (70% of 1945 MB)
[2019.01.25-20.16.43:479][  0]LogD3D11RHI: Async texture creation enabled
[2019.01.25-20.16.43:493][  0]LogD3D11RHI: GPU Timing Frequency: 1000.000000 (Debug: 2 1)
[2019.01.25-20.16.43:583][  0]LogShaderCompilers: Guid format shader working directory is -11 characters bigger than the processId version (../../../../../../Users/OXENN/Documents/GitHub/CCW_30Days/Intermediate/Shaders/WorkingDirectory/4316/).
[2019.01.25-20.16.43:583][  0]LogShaderCompilers: Cleaned the shader compiler working directory 'C:/Users/OXENN/AppData/Local/Temp/UnrealShaderWorkingDir/D37EDC5348963E1841F76EAEE8EB1DB7/'.
[2019.01.25-20.16.43:584][  0]LogShaderCompilers: Display: Using Local Shader Compiler.
[2019.01.25-20.16.45:486][  0]LogTemp: Display: Loaded TP AllDesktopTargetPlatform
[2019.01.25-20.16.45:592][  0]LogTemp: Display: Loaded TP MacClientTargetPlatform
[2019.01.25-20.16.45:720][  0]LogTemp: Display: Loaded TP MacNoEditorTargetPlatform
[2019.01.25-20.16.45:816][  0]LogTemp: Display: Loaded TP MacServerTargetPlatform
[2019.01.25-20.16.45:875][  0]LogTemp: Display: Loaded TP MacTargetPlatform
[2019.01.25-20.16.45:940][  0]LogTemp: Display: Loaded TP WindowsClientTargetPlatform
[2019.01.25-20.16.46:004][  0]LogTemp: Display: Loaded TP WindowsNoEditorTargetPlatform
[2019.01.25-20.16.46:057][  0]LogTemp: Display: Loaded TP WindowsServerTargetPlatform
[2019.01.25-20.16.46:107][  0]LogTemp: Display: Loaded TP WindowsTargetPlatform
[2019.01.25-20.16.46:205][  0]LogTemp: Display: Loaded TP AndroidTargetPlatform
[2019.01.25-20.16.46:271][  0]LogTemp: Display: Loaded TP Android_ASTCTargetPlatform
[2019.01.25-20.16.46:323][  0]LogTemp: Display: Loaded TP Android_ATCTargetPlatform
[2019.01.25-20.16.46:376][  0]LogTemp: Display: Loaded TP Android_DXTTargetPlatform
[2019.01.25-20.16.46:428][  0]LogTemp: Display: Loaded TP Android_ETC1TargetPlatform
[2019.01.25-20.16.46:482][  0]LogTemp: Display: Loaded TP Android_ETC2TargetPlatform
[2019.01.25-20.16.46:589][  0]LogTemp: Display: Loaded TP Android_MultiTargetPlatform
[2019.01.25-20.16.46:589][  0]LogTemp: Display: Loaded TP Android_PVRTCTargetPlatform
[2019.01.25-20.16.46:633][  0]LogTemp: Display: Loaded TP HTML5TargetPlatform
[2019.01.25-20.16.46:739][  0]LogTemp: Display: Loaded TP IOSTargetPlatform
[2019.01.25-20.16.46:769][  0]LogTemp: Display: Loaded TP TVOSTargetPlatform
[2019.01.25-20.16.46:822][  0]LogTemp: Display: Loaded TP LinuxClientTargetPlatform
[2019.01.25-20.16.46:875][  0]LogTemp: Display: Loaded TP LinuxNoEditorTargetPlatform
[2019.01.25-20.16.46:928][  0]LogTemp: Display: Loaded TP LinuxServerTargetPlatform
[2019.01.25-20.16.46:984][  0]LogTemp: Display: Loaded TP LinuxTargetPlatform
[2019.01.25-20.16.46:984][  0]LogTargetPlatformManager: Display: Building Assets For Windows
[2019.01.25-20.16.47:636][  0]LogDerivedDataCache: Display: Max Cache Size: 512 MB
[2019.01.25-20.16.48:030][  0]LogDerivedDataCache: Loaded boot cache 0.39s 93MB C:/Users/OXENN/AppData/Local/UnrealEngine/4.17/DerivedDataCache/Boot.ddc.
[2019.01.25-20.16.48:030][  0]LogDerivedDataCache: Display: Loaded Boot cache: C:/Users/OXENN/AppData/Local/UnrealEngine/4.17/DerivedDataCache/Boot.ddc
[2019.01.25-20.16.48:031][  0]LogDerivedDataCache: FDerivedDataBackendGraph:  Pak pak cache file ../../../../../../Users/OXENN/Documents/GitHub/CCW_30Days/DerivedDataCache/DDC.ddp not found, will not use a pak cache.
[2019.01.25-20.16.48:031][  0]LogDerivedDataCache: Unable to find inner node Pak for hierarchical cache Hierarchy.
[2019.01.25-20.16.48:031][  0]LogDerivedDataCache: FDerivedDataBackendGraph:  CompressedPak pak cache file ../../../../../../Users/OXENN/Documents/GitHub/CCW_30Days/DerivedDataCache/Compressed.ddp not found, will not use a pak cache.
[2019.01.25-20.16.48:031][  0]LogDerivedDataCache: Unable to find inner node CompressedPak for hierarchical cache Hierarchy.
[2019.01.25-20.16.48:051][  0]LogDerivedDataCache: Display: Pak cache opened for reading ../../../Engine/DerivedDataCache/Compressed.ddp.
[2019.01.25-20.16.48:063][  0]LogDerivedDataCache: Using Local data cache path C:/Users/OXENN/AppData/Local/UnrealEngine/Common/DerivedDataCache: Writable
[2019.01.25-20.16.48:073][  0]LogMaterial: Verifying Global Shaders for PCD3D_SM5
[2019.01.25-20.16.48:074][  0]LogSlate: Using Freetype 2.6.0
[2019.01.25-20.16.48:088][  0]LogSlate: SlateFontCache - WITH_FREETYPE: 1, WITH_HARFBUZZ: 1
[2019.01.25-20.16.48:088][  0]LogSlate: SlateFontCache - WITH_FREETYPE: 1, WITH_HARFBUZZ: 1
[2019.01.25-20.16.48:740][  0]LogAssetRegistry: FAssetRegistry took 0.0263 seconds to start up
[2019.01.25-20.16.48:850][  0]LogInit: Selected Device Profile: [Windows]
[2019.01.25-20.16.49:182][  0]LogContentStreaming: Texture pool size is 0.00 MB
[2019.01.25-20.16.49:589][  0]LogSimplygon: Simplygon DLL not present - disabling.
[2019.01.25-20.16.49:635][  0]LogMeshReduction: Using SimplygonSwarm for distributed automatic mesh merging
[2019.01.25-20.16.49:635][  0]LogMeshReduction: Using QuadricMeshReduction for automatic static mesh reduction
[2019.01.25-20.16.49:635][  0]LogMeshReduction: No automatic skeletal mesh reduction module available
[2019.01.25-20.16.49:635][  0]LogMeshReduction: No automatic mesh merging module available
[2019.01.25-20.16.49:635][  0]LogMeshMerging: No automatic mesh merging module available
[2019.01.25-20.16.50:386][  0]LogNetVersion: CCW_30Days , NetCL: 3573198, EngineNetVer: 2, GameNetVer: 0 (Checksum: 3455196216)
[2019.01.25-20.16.50:805][  0]LogPackageLocalizationCache: Processed 5 localized package path(s) for 2 prioritized culture(s) in 0.042300 seconds
[2019.01.25-20.16.50:810][  0]LogUObjectArray: 35825 objects as part of root set at end of initial load.
[2019.01.25-20.16.50:810][  0]LogUObjectAllocator: 7529104 out of 0 bytes used by permanent object pool.
[2019.01.25-20.16.50:810][  0]LogUObjectArray: CloseDisregardForGC: 0/0 objects in disregard for GC pool
[2019.01.25-20.16.50:879][  0]LogInit: WinSock: version 1.1 (2.2), MaxSocks=32767, MaxUdp=65467
[2019.01.25-20.16.55:679][  0]LogSubstanceCoreModule: Substance [CPU] Engine Loaded, Max Texture Size = 2048
[2019.01.25-20.16.55:715][  0]LogTcpMessaging: Initializing TcpMessaging bridge
[2019.01.25-20.16.55:757][  0]LogUdpMessaging: Initializing bridge on interface 0.0.0.0:0 to multicast group 230.0.0.1:6666.
[2019.01.25-20.16.56:552][  0]LogMaterial: Uniform references updated for custom material expression Custom.
[2019.01.25-20.16.57:062][  0]SourceControl: Source control is disabled
[2019.01.25-20.16.57:062][  0]SourceControl: Source control is disabled
[2019.01.25-20.16.57:116][  0]SourceControl: Source control is disabled
[2019.01.25-20.16.57:169][  0]SourceControl: Source control is disabled
[2019.01.25-20.16.57:844][  0]LogAndroidPermission: UAndroidPermissionCallbackProxy::GetInstance
[2019.01.25-20.16.58:112][  0]LogOcInput: OculusInput pre-init called
[2019.01.25-20.16.58:608][  0]LogEngine: Initializing Engine...
[2019.01.25-20.16.58:609][  0]LogHMD: Failed to initialize OpenVR with code 110
[2019.01.25-20.16.58:932][  0]LogStats: UGameplayTagsManager::ConstructGameplayTagTree: Construct from data asset -  0.000 s
[2019.01.25-20.16.58:932][  0]LogStats: UGameplayTagsManager::ConstructGameplayTagTree: GameplayTagTreeChangedEvent.Broadcast -  0.000 s
[2019.01.25-20.16.59:077][  0]LogAIModule: Creating AISystem for world Untitled
[2019.01.25-20.16.59:090][  0]LogInit: XAudio2 using 'Speakers (Realtek High Definition Audio)' : 2 channels at 48 kHz using 32 bits per sample (channel mask 0x3)
[2019.01.25-20.16.59:108][  0]LogInit: FAudioDevice initialized.
[2019.01.25-20.16.59:189][  0]LogDerivedDataCache: Saved boot cache 0.08s 93MB C:/Users/OXENN/AppData/Local/UnrealEngine/4.17/DerivedDataCache/Boot.ddc.
[2019.01.25-20.16.59:205][  0]LogInit: Texture streaming: Enabled
[2019.01.25-20.16.59:335][  0]LogEngineSessionManager: EngineSessionManager initialized
[2019.01.25-20.16.59:596][  0]LogInit: Transaction tracking system initialized
[2019.01.25-20.16.59:947][  0]BlueprintLog: New page: Editor Load
[2019.01.25-20.17.01:093][  0]LocalizationService: Localization service is disabled
[2019.01.25-20.17.01:940][  0]LogConsoleResponse: Display: 
[2019.01.25-20.17.02:305][  0]LogCook: Display: Max memory allowance for cook 16384mb min free memory 0mb
[2019.01.25-20.17.02:305][  0]LogCook: Display: Mobile HDR setting 1
[2019.01.25-20.17.02:305][  0]LogGameplayTags: Display: UGameplayTagsManager::DoneAddingNativeTags. DelegateIsBound: 0
[2019.01.25-20.17.03:487][  0]LogFileCache: Scanning file cache for directory 'C:/Users/OXENN/Documents/GitHub/CCW_30Days/Content/' took 0.02s
[2019.01.25-20.17.03:546][  0]SourceControl: Source control is disabled
[2019.01.25-20.17.03:546][  0]Cmd: MAP LOAD FILE="../../../../../../Users/OXENN/Documents/GitHub/CCW_30Days/Content/HellYeahContent/Levels/TwoPlayerArena.umap" TEMPLATE=0 SHOWPROGRESS=1 FEATURELEVEL=3
[2019.01.25-20.17.03:553][  0]LightingResults: New page: Lighting Build
[2019.01.25-20.17.03:600][  0]MapCheck: New page: Map Check
[2019.01.25-20.17.03:600][  0]LightingResults: New page: Lighting Build
[2019.01.25-20.17.03:931][  0]LogAIModule: Creating AISystem for world TwoPlayerArena
[2019.01.25-20.17.03:942][  0]LogEditorServer: Finished looking for orphan Actors (0.000 secs)
[2019.01.25-20.17.03:953][  0]Cmd: MAP CHECKDEP NOCLEARLOG
[2019.01.25-20.17.04:001][  0]MapCheck: Map check complete: 0 Error(s), 0 Warning(s), took 47.465ms to complete.
[2019.01.25-20.17.04:001][  0]LogFileHelpers: Loading map 'TwoPlayerArena' took 0.455
[2019.01.25-20.17.04:213][  0]LogCollectionManager: Loaded 0 collections in 0.001745 seconds
[2019.01.25-20.17.04:302][  0]LogFileCache: Scanning file cache for directory 'C:/Users/OXENN/Documents/GitHub/CCW_30Days/Saved/Collections/' took 0.01s
[2019.01.25-20.17.04:302][  0]LogFileCache: Scanning file cache for directory 'C:/Users/OXENN/Documents/GitHub/CCW_30Days/Content/Developers/OXENN/Collections/' took 0.01s
[2019.01.25-20.17.04:302][  0]LogFileCache: Scanning file cache for directory 'C:/Users/OXENN/Documents/GitHub/CCW_30Days/Content/Collections/' took 0.01s
[2019.01.25-20.17.04:302][  0]LogCollectionManager: Rebuilt the GUID cache for 0 collections in 0.000000 seconds
[2019.01.25-20.17.04:309][  0]LogContentBrowser: Native class hierarchy populated in 0.0070 seconds. Added 2400 classes and 506 folders.
[2019.01.25-20.17.04:381][  0]LogContentBrowser: Native class hierarchy updated for 'WidgetCarousel' in 0.0009 seconds. Added 0 classes and 0 folders.
[2019.01.25-20.17.04:758][  0]LogContentBrowser: Native class hierarchy updated for 'AddContentDialog' in 0.0005 seconds. Added 0 classes and 0 folders.
[2019.01.25-20.17.04:806][  0]LogContentBrowser: Native class hierarchy updated for 'SceneOutliner' in 0.0006 seconds. Added 1 classes and 2 folders.
[2019.01.25-20.17.04:842][  0]LogSlate: Took 0.006779 seconds to synchronously load lazily loaded font '../../../Engine/Content/Slate/Fonts/Roboto-Regular.ttf' (155K)
[2019.01.25-20.17.04:850][  0]LogSlate: Took 0.005285 seconds to synchronously load lazily loaded font '../../../Engine/Content/Slate/Fonts/Roboto-Bold.ttf' (160K)
[2019.01.25-20.17.04:861][  0]LogSlate: Took 0.004419 seconds to synchronously load lazily loaded font '../../../Engine/Content/Editor/Slate/Fonts/FontAwesome.ttf' (139K)
[2019.01.25-20.17.04:991][  0]LogRenderer: Reallocating scene render targets to support 1208x576 Format 10 NumSamples 1 (Frame:1).
[2019.01.25-20.17.05:173][  0]LogContentBrowser: Native class hierarchy updated for 'HierarchicalLODOutliner' in 0.0006 seconds. Added 1 classes and 2 folders.
[2019.01.25-20.17.05:173][  0]LogLoad: (Engine Initialization) Total time: 26.96 seconds
[2019.01.25-20.17.05:173][  0]LogLoad: (Engine Initialization) Total Blueprint compile time: 0.00 seconds
[2019.01.25-20.17.05:174][  0]LogExternalProfiler: Found external profiler: VSPerf
[2019.01.25-20.17.05:174][  0]LogExternalProfiler: Using external profiler: VSPerf
[2019.01.25-20.17.05:530][  0]LogAssetRegistry: Asset discovery search completed in 16.8121 seconds
[2019.01.25-20.17.05:531][  0]LogCollectionManager: Rebuilt the object cache for 0 collections in 0.000000 seconds (found 0 objects)
[2019.01.25-20.17.05:531][  0]LogCollectionManager: Fixed up redirectors for 0 collections in 0.000041 seconds (updated 0 objects)
[2019.01.25-20.17.05:534][  0]LogContentStreaming: Texture pool size now 1000 MB
[2019.01.25-20.17.05:594][  0]LogSlate: Took 0.005430 seconds to synchronously load lazily loaded font '../../../Engine/Content/Slate/Fonts/Roboto-Light.ttf' (159K)
[2019.01.25-20.17.06:518][  3]LogSlate: Took 0.000275 seconds to synchronously load lazily loaded font '../../../Engine/Content/Slate/Fonts/Roboto-Light.ttf' (159K)
[2019.01.25-20.17.10:954][516]LogSlate: Took 0.000131 seconds to synchronously load lazily loaded font '../../../Engine/Content/Slate/Fonts/Roboto-Light.ttf' (159K)
[2019.01.25-20.17.11:315][516]LogContentBrowser: Native class hierarchy updated for 'BlueprintGraph' in 0.0008 seconds. Added 113 classes and 0 folders.
[2019.01.25-20.17.12:313][516]LogLinker: Warning: Can't resolve asset name
[2019.01.25-20.17.12:350][516]LogSlate: Took 0.009082 seconds to synchronously load lazily loaded font '../../../Engine/Content/Editor/Slate/Fonts/Roboto-BoldCondensed.ttf' (158K)
[2019.01.25-20.17.12:519][517]LogSlate: Took 0.005216 seconds to synchronously load lazily loaded font '../../../Engine/Content/Editor/Slate/Fonts/Roboto-Italic.ttf' (157K)
[2019.01.25-22.06.05:077][753]LogActorComponent: UnregisterComponent: (/Engine/Transient.EditorFloorComp) Not registered. Aborting.
[2019.01.25-22.06.05:305][754]Cmd: QUIT_EDITOR
[2019.01.25-22.06.05:324][754]LogWindowsTextInputMethodSystem: Display: IME system now deactivated.
[2019.01.25-22.06.05:337][754]LogExit: Preparing to exit.
[2019.01.25-22.06.06:181][754]LogDirectoryWatcher: A directory notification for 'C:/Users/OXENN/Documents/GitHub/CCW_30Days/Content/' was aborted.
[2019.01.25-22.06.06:233][754]LogExit: Editor shut down
[2019.01.25-22.06.06:237][754]LogExit: Transaction tracking system shut down
[2019.01.25-22.06.06:314][754]LogDirectoryWatcher: A directory notification for '../../../Engine/Content/' was aborted.
[2019.01.25-22.06.06:314][754]LogDirectoryWatcher: A directory notification for '../../../../../../Users/OXENN/Documents/GitHub/CCW_30Days/Content/' was aborted.
[2019.01.25-22.06.06:314][754]LogDirectoryWatcher: A directory notification for '../../../Engine/Plugins/2D/Paper2D/Content/' was aborted.
[2019.01.25-22.06.06:314][754]LogDirectoryWatcher: A directory notification for '../../../Engine/Plugins/Runtime/Oculus/OculusVR/Content/' was aborted.
[2019.01.25-22.06.06:315][754]LogDirectoryWatcher: A directory notification for '../../../Engine/Plugins/Runtime/Steam/SteamVR/Content/' was aborted.
[2019.01.25-22.06.06:370][754]LogExit: Object subsystem successfully closed.
[2019.01.25-22.06.06:386][754]LogD3D11RHI: Shutdown
[2019.01.25-22.06.06:386][754]LogD3D11RHI: CleanupD3DDevice
[2019.01.25-22.06.06:449][754]LogD3D11RHI: ~FD3D11DynamicRHI
[2019.01.25-22.06.06:466][754]LogModuleManager: Shutting down and abandoning module BlueprintGraph (540)
[2019.01.25-22.06.06:466][754]LogModuleManager: Shutting down and abandoning module BlueprintProfiler (538)
[2019.01.25-22.06.06:466][754]LogModuleManager: Shutting down and abandoning module HierarchicalLODOutliner (536)
[2019.01.25-22.06.06:466][754]LogModuleManager: Shutting down and abandoning module SceneOutliner (534)
[2019.01.25-22.06.06:466][754]LogModuleManager: Shutting down and abandoning module AddContentDialog (532)
[2019.01.25-22.06.06:466][754]LogDirectoryWatcher: A directory notification for 'C:/Program Files/Epic Games/UE_4.17/FeaturePacks/' was aborted.
[2019.01.25-22.06.06:467][754]LogModuleManager: Shutting down and abandoning module WidgetCarousel (531)
[2019.01.25-22.06.06:467][754]LogModuleManager: Shutting down and abandoning module EditorWidgets (528)
[2019.01.25-22.06.06:467][754]LogModuleManager: Shutting down and abandoning module CollectionManager (526)
[2019.01.25-22.06.06:467][754]LogDirectoryWatcher: A directory notification for 'C:/Users/OXENN/Documents/GitHub/CCW_30Days/Content/Collections/' was aborted.
[2019.01.25-22.06.06:467][754]LogDirectoryWatcher: A directory notification for 'C:/Users/OXENN/Documents/GitHub/CCW_30Days/Content/Developers/OXENN/Collections/' was aborted.
[2019.01.25-22.06.06:467][754]LogDirectoryWatcher: A directory notification for 'C:/Users/OXENN/Documents/GitHub/CCW_30Days/Saved/Collections/' was aborted.
[2019.01.25-22.06.06:467][754]LogModuleManager: Shutting down and abandoning module StatsViewer (524)
[2019.01.25-22.06.06:467][754]LogModuleManager: Shutting down and abandoning module FoliageEdit (522)
[2019.01.25-22.06.06:467][754]LogModuleManager: Shutting down and abandoning module LandscapeEditor (520)
[2019.01.25-22.06.06:467][754]LogModuleManager: Shutting down and abandoning module MeshPaintMode (518)
[2019.01.25-22.06.06:467][754]LogModuleManager: Shutting down and abandoning module SceneDepthPickerMode (516)
[2019.01.25-22.06.06:467][754]LogModuleManager: Shutting down and abandoning module ActorPickerMode (514)
[2019.01.25-22.06.06:467][754]LogModuleManager: Shutting down and abandoning module GeometryMode (512)
[2019.01.25-22.06.06:467][754]LogModuleManager: Shutting down and abandoning module TextureAlignMode (510)
[2019.01.25-22.06.06:467][754]LogModuleManager: Shutting down and abandoning module BspMode (508)
[2019.01.25-22.06.06:467][754]LogModuleManager: Shutting down and abandoning module PIEPreviewDeviceProfileSelector (506)
[2019.01.25-22.06.06:467][754]LogModuleManager: Shutting down and abandoning module HardwareSurvey (504)
[2019.01.25-22.06.06:467][754]LogModuleManager: Shutting down and abandoning module SequenceRecorderSections (502)
[2019.01.25-22.06.06:467][754]LogModuleManager: Shutting down and abandoning module AutomationWorker (500)
[2019.01.25-22.06.06:467][754]LogModuleManager: Shutting down and abandoning module MatineeToLevelSequence (498)
[2019.01.25-22.06.06:467][754]LogModuleManager: Shutting down and abandoning module LevelSequenceEditor (496)
[2019.01.25-22.06.06:467][754]LogModuleManager: Shutting down and abandoning module PlacementMode (495)
[2019.01.25-22.06.06:467][754]LogModuleManager: Shutting down and abandoning module WmfMediaFactory (492)
[2019.01.25-22.06.06:467][754]LogModuleManager: Shutting down and abandoning module WmfMediaEditor (490)
[2019.01.25-22.06.06:467][754]LogModuleManager: Shutting down and abandoning module AvfMediaFactory (488)
[2019.01.25-22.06.06:467][754]LogModuleManager: Shutting down and abandoning module AvfMediaEditor (486)
[2019.01.25-22.06.06:467][754]LogModuleManager: Shutting down and abandoning module AndroidMediaFactory (484)
[2019.01.25-22.06.06:467][754]LogModuleManager: Shutting down and abandoning module Media (483)
[2019.01.25-22.06.06:467][754]LogModuleManager: Shutting down and abandoning module AndroidMediaEditor (480)
[2019.01.25-22.06.06:467][754]LogModuleManager: Shutting down and abandoning module CharacterAI (478)
[2019.01.25-22.06.06:467][754]LogModuleManager: Shutting down and abandoning module AudioCapture (476)
[2019.01.25-22.06.06:467][754]LogModuleManager: Shutting down and abandoning module SequenceRecorder (475)
[2019.01.25-22.06.06:467][754]LogModuleManager: Shutting down and abandoning module SmartSnapping (472)
[2019.01.25-22.06.06:467][754]LogModuleManager: Shutting down and abandoning module SessionServices (470)
[2019.01.25-22.06.06:467][754]LogModuleManager: Shutting down and abandoning module ViewportSnapping (468)
[2019.01.25-22.06.06:467][754]LogModuleManager: Shutting down and abandoning module ViewportInteraction (466)
[2019.01.25-22.06.06:467][754]LogModuleManager: Shutting down and abandoning module ClothPainter (464)
[2019.01.25-22.06.06:468][754]LogModuleManager: Shutting down and abandoning module LogVisualizer (462)
[2019.01.25-22.06.06:468][754]LogModuleManager: Shutting down and abandoning module IntroTutorials (460)
[2019.01.25-22.06.06:468][754]LogModuleManager: Shutting down and abandoning module GameProjectGeneration (459)
[2019.01.25-22.06.06:468][754]LogModuleManager: Shutting down and abandoning module IOSPlatformEditor (456)
[2019.01.25-22.06.06:468][754]LogModuleManager: Shutting down and abandoning module HTML5PlatformEditor (454)
[2019.01.25-22.06.06:468][754]LogModuleManager: Shutting down and abandoning module AndroidPlatformEditor (452)
[2019.01.25-22.06.06:468][754]LogModuleManager: Shutting down and abandoning module AndroidDeviceDetection (451)
[2019.01.25-22.06.07:091][754]LogModuleManager: Shutting down and abandoning module WindowsPlatformEditor (448)
[2019.01.25-22.06.07:091][754]LogModuleManager: Shutting down and abandoning module IOSRuntimeSettings (446)
[2019.01.25-22.06.07:091][754]LogModuleManager: Shutting down and abandoning module AndroidRuntimeSettings (444)
[2019.01.25-22.06.07:091][754]LogModuleManager: Shutting down and abandoning module InputBindingEditor (442)
[2019.01.25-22.06.07:091][754]LogModuleManager: Shutting down and abandoning module MergeActors (440)
[2019.01.25-22.06.07:091][754]LogModuleManager: Shutting down and abandoning module SizeMap (438)
[2019.01.25-22.06.07:091][754]LogModuleManager: Shutting down and abandoning module TreeMap (436)
[2019.01.25-22.06.07:092][754]LogModuleManager: Shutting down and abandoning module ReferenceViewer (434)
[2019.01.25-22.06.07:092][754]LogModuleManager: Shutting down and abandoning module LocalizationDashboard (432)
[2019.01.25-22.06.07:092][754]LogModuleManager: Shutting down and abandoning module LocalizationService (431)
[2019.01.25-22.06.07:092][754]LogModuleManager: Shutting down and abandoning module HardwareTargeting (428)
[2019.01.25-22.06.07:092][754]LogModuleManager: Shutting down and abandoning module DeviceProfileEditor (426)
[2019.01.25-22.06.07:092][754]LogModuleManager: Shutting down and abandoning module UndoHistory (424)
[2019.01.25-22.06.07:092][754]LogModuleManager: Shutting down and abandoning module XmlParser (422)
[2019.01.25-22.06.07:092][754]LogModuleManager: Shutting down and abandoning module Blutility (420)
[2019.01.25-22.06.07:092][754]LogModuleManager: Shutting down and abandoning module ProjectSettingsViewer (418)
[2019.01.25-22.06.07:092][754]LogModuleManager: Shutting down and abandoning module ProjectTargetPlatformEditor (417)
[2019.01.25-22.06.07:093][754]LogModuleManager: Shutting down and abandoning module EditorSettingsViewer (414)
[2019.01.25-22.06.07:093][754]LogModuleManager: Shutting down and abandoning module SettingsEditor (412)
[2019.01.25-22.06.07:093][754]LogModuleManager: Shutting down and abandoning module ProjectLauncher (410)
[2019.01.25-22.06.07:093][754]LogModuleManager: Shutting down and abandoning module SessionFrontend (408)
[2019.01.25-22.06.07:093][754]LogModuleManager: Shutting down and abandoning module ProfilerClient (406)
[2019.01.25-22.06.07:093][754]LogModuleManager: Shutting down and abandoning module DeviceManager (404)
[2019.01.25-22.06.07:093][754]LogModuleManager: Shutting down and abandoning module TargetDeviceServices (403)
[2019.01.25-22.06.07:158][754]LogModuleManager: Shutting down and abandoning module AutomationController (400)
[2019.01.25-22.06.07:158][754]LogModuleManager: Shutting down and abandoning module AutomationWindow (398)
[2019.01.25-22.06.07:158][754]LogModuleManager: Shutting down and abandoning module Layers (396)
[2019.01.25-22.06.07:158][754]LogModuleManager: Shutting down and abandoning module ComponentVisualizers (394)
[2019.01.25-22.06.07:158][754]LogModuleManager: Shutting down and abandoning module DetailCustomizations (392)
[2019.01.25-22.06.07:158][754]LogModuleManager: Shutting down and abandoning module PackagesDialog (390)
[2019.01.25-22.06.07:159][754]LogModuleManager: Shutting down and abandoning module Persona (388)
[2019.01.25-22.06.07:159][754]LogModuleManager: Shutting down and abandoning module AdvancedPreviewScene (387)
[2019.01.25-22.06.07:159][754]LogModuleManager: Shutting down and abandoning module AnimGraph (385)
[2019.01.25-22.06.07:159][754]LogModuleManager: Shutting down and abandoning module Kismet (382)
[2019.01.25-22.06.07:176][754]LogModuleManager: Shutting down and abandoning module ClassViewer (380)
[2019.01.25-22.06.07:176][754]LogModuleManager: Shutting down and abandoning module Toolbox (378)
[2019.01.25-22.06.07:176][754]LogModuleManager: Shutting down and abandoning module ModuleUI (376)
[2019.01.25-22.06.07:176][754]LogModuleManager: Shutting down and abandoning module MovieSceneTools (374)
[2019.01.25-22.06.07:176][754]LogModuleManager: Shutting down and abandoning module OutputLog (372)
[2019.01.25-22.06.07:176][754]LogModuleManager: Shutting down and abandoning module GammaUI (370)
[2019.01.25-22.06.07:176][754]LogModuleManager: Shutting down and abandoning module Documentation (368)
[2019.01.25-22.06.07:177][754]LogModuleManager: Shutting down and abandoning module MovieSceneTracks (366)
[2019.01.25-22.06.07:177][754]LogModuleManager: Shutting down and abandoning module MovieScene (364)
[2019.01.25-22.06.07:177][754]LogModuleManager: Shutting down and abandoning module Niagara (362)
[2019.01.25-22.06.07:177][754]LogModuleManager: Shutting down and abandoning module NiagaraEditor (361)
[2019.01.25-22.06.07:177][754]LogModuleManager: Shutting down and abandoning module StreamingPauseRendering (358)
[2019.01.25-22.06.07:177][754]LogModuleManager: Shutting down and abandoning module LauncherPlatform (356)
[2019.01.25-22.06.07:177][754]LogModuleManager: Shutting down and abandoning module AnalyticsET (354)
[2019.01.25-22.06.07:177][754]LogModuleManager: Shutting down and abandoning module PortalServices (352)
[2019.01.25-22.06.07:177][754]LogModuleManager: Shutting down and abandoning module PortalRpc (350)
[2019.01.25-22.06.07:177][754]LogModuleManager: Shutting down and abandoning module MessagingRpc (348)
[2019.01.25-22.06.07:177][754]LogModuleManager: Shutting down and abandoning module AIModule (346)
[2019.01.25-22.06.07:178][754]LogModuleManager: Shutting down and abandoning module GameplayDebugger (345)
[2019.01.25-22.06.07:178][754]LogModuleManager: Shutting down and abandoning module AITestSuite (343)
[2019.01.25-22.06.07:178][754]LogModuleManager: Shutting down and abandoning module ProfilerService (340)
[2019.01.25-22.06.07:381][754]LogModuleManager: Shutting down and abandoning module TaskGraph (338)
[2019.01.25-22.06.07:381][754]LogModuleManager: Shutting down and abandoning module SubstanceSource (336)
[2019.01.25-22.06.07:381][754]LogModuleManager: Shutting down and abandoning module SubstanceEditor (334)
[2019.01.25-22.06.07:381][754]LogModuleManager: Shutting down and abandoning module SteamVRController (332)
[2019.01.25-22.06.07:381][754]LogModuleManager: Shutting down and abandoning module ProceduralMeshComponentEditor (330)
[2019.01.25-22.06.07:381][754]LogModuleManager: Shutting down and abandoning module ProceduralMeshComponent (328)
[2019.01.25-22.06.07:381][754]LogModuleManager: Shutting down and abandoning module OculusInput (326)
[2019.01.25-22.06.07:381][754]LogModuleManager: Shutting down and abandoning module MobilePatchingUtils (324)
[2019.01.25-22.06.07:382][754]LogModuleManager: Shutting down and abandoning module CustomMeshComponent (322)
[2019.01.25-22.06.07:382][754]LogModuleManager: Shutting down and abandoning module CableComponent (320)
[2019.01.25-22.06.07:382][754]LogModuleManager: Shutting down and abandoning module ArchVisCharacter (318)
[2019.01.25-22.06.07:382][754]LogModuleManager: Shutting down and abandoning module AndroidPermission (316)
[2019.01.25-22.06.07:382][754]LogModuleManager: Shutting down and abandoning module MediaPlayerEditor (312)
[2019.01.25-22.06.07:382][754]LogModuleManager: Shutting down and abandoning module HTML5Networking (310)
[2019.01.25-22.06.07:382][754]LogModuleManager: Shutting down and abandoning module AlembicImporter (308)
[2019.01.25-22.06.07:382][754]LogModuleManager: Shutting down and abandoning module AlembicLibrary (307)
[2019.01.25-22.06.07:382][754]LogModuleManager: Shutting down and abandoning module GeometryCache (306)
[2019.01.25-22.06.07:382][754]LogModuleManager: Shutting down and abandoning module GeometryCacheEd (305)
[2019.01.25-22.06.07:382][754]LogModuleManager: Shutting down and abandoning module SpeedTreeImporter (300)
[2019.01.25-22.06.07:382][754]LogModuleManager: Shutting down and abandoning module PluginBrowser (298)
[2019.01.25-22.06.07:382][754]LogModuleManager: Shutting down and abandoning module MobileLauncherProfileWizard (296)
[2019.01.25-22.06.07:382][754]LogModuleManager: Shutting down and abandoning module VisualStudioSourceCodeAccess (294)
[2019.01.25-22.06.07:382][754]LogModuleManager: Shutting down and abandoning module DesktopPlatform (293)
[2019.01.25-22.06.07:382][754]LogModuleManager: Shutting down and abandoning module UObjectPlugin (290)
[2019.01.25-22.06.07:382][754]LogModuleManager: Shutting down and abandoning module SubversionSourceControl (288)
[2019.01.25-22.06.07:382][754]LogModuleManager: Shutting down and abandoning module PerforceSourceControl (286)
[2019.01.25-22.06.07:382][754]LogModuleManager: Shutting down and abandoning module GitSourceControl (284)
[2019.01.25-22.06.07:382][754]LogModuleManager: Shutting down and abandoning module SourceControl (283)
[2019.01.25-22.06.07:382][754]LogModuleManager: Shutting down and abandoning module LightPropagationVolumeEditor (280)
[2019.01.25-22.06.07:382][754]LogModuleManager: Shutting down and abandoning module PaperTiledImporter (278)
[2019.01.25-22.06.07:382][754]LogModuleManager: Shutting down and abandoning module PaperSpriteSheetImporter (276)
[2019.01.25-22.06.07:382][754]LogModuleManager: Shutting down and abandoning module Paper2DEditor (274)
[2019.01.25-22.06.07:382][754]LogModuleManager: Shutting down and abandoning module MeshPaint (273)
[2019.01.25-22.06.07:382][754]LogModuleManager: Shutting down and abandoning module LevelEditor (271)
[2019.01.25-22.06.07:383][754]LogModuleManager: Shutting down and abandoning module PixelInspectorModule (270)
[2019.01.25-22.06.07:383][754]LogModuleManager: Shutting down and abandoning module MainFrame (268)
[2019.01.25-22.06.07:383][754]LogModuleManager: Shutting down and abandoning module HotReload (267)
[2019.01.25-22.06.07:384][754]LogModuleManager: Shutting down and abandoning module RuntimePhysXCooking (262)
[2019.01.25-22.06.07:384][754]LogModuleManager: Shutting down and abandoning module PhysXVehiclesEditor (260)
[2019.01.25-22.06.07:384][754]LogModuleManager: Shutting down and abandoning module PhysXVehicles (258)
[2019.01.25-22.06.07:384][754]LogModuleManager: Shutting down and abandoning module OculusEditor (256)
[2019.01.25-22.06.07:384][754]LogModuleManager: Shutting down and abandoning module LocationServicesBPLibrary (254)
[2019.01.25-22.06.07:384][754]LogModuleManager: Shutting down and abandoning module ImmediatePhysicsEditor (252)
[2019.01.25-22.06.07:384][754]LogModuleManager: Shutting down and abandoning module ImmediatePhysics (250)
[2019.01.25-22.06.07:384][754]LogModuleManager: Shutting down and abandoning module UdpMessaging (248)
[2019.01.25-22.06.07:484][754]LogModuleManager: Shutting down and abandoning module TcpMessaging (246)
[2019.01.25-22.06.07:585][754]LogModuleManager: Shutting down and abandoning module SubstanceCore (244)
[2019.01.25-22.06.07:585][754]LogModuleManager: Shutting down and abandoning module GameplayTagsEditor (242)
[2019.01.25-22.06.07:585][754]LogModuleManager: Shutting down and abandoning module FacialAnimationEditor (240)
[2019.01.25-22.06.07:585][754]LogModuleManager: Shutting down and abandoning module FacialAnimation (238)
[2019.01.25-22.06.07:585][754]LogModuleManager: Shutting down and abandoning module AssetManagerEditor (236)
[2019.01.25-22.06.07:586][754]LogModuleManager: Shutting down and abandoning module GraphEditor (235)
[2019.01.25-22.06.07:586][754]LogModuleManager: Shutting down and abandoning module ContentBrowser (233)
[2019.01.25-22.06.07:588][754]LogModuleManager: Shutting down and abandoning module LightPropagationVolumeRuntime (230)
[2019.01.25-22.06.07:588][754]LogModuleManager: Shutting down and abandoning module Paper2D (228)
[2019.01.25-22.06.07:588][754]LogModuleManager: Shutting down and abandoning module WindowsMoviePlayer (226)
[2019.01.25-22.06.07:589][754]LogModuleManager: Shutting down and abandoning module WmfMedia (224)
[2019.01.25-22.06.07:594][754]LogModuleManager: Shutting down and abandoning module PacketHandler (222)
[2019.01.25-22.06.07:594][754]LogModuleManager: Shutting down and abandoning module ClothingSystemEditor (220)
[2019.01.25-22.06.07:594][754]LogModuleManager: Shutting down and abandoning module ClothingSystemRuntime (218)
[2019.01.25-22.06.07:594][754]LogModuleManager: Shutting down and abandoning module Overlay (216)
[2019.01.25-22.06.07:594][754]LogModuleManager: Shutting down and abandoning module OverlayEditor (215)
[2019.01.25-22.06.07:594][754]LogModuleManager: Shutting down and abandoning module MediaAssets (212)
[2019.01.25-22.06.07:594][754]LogModuleManager: Shutting down and abandoning module VREditor (210)
[2019.01.25-22.06.07:594][754]LogModuleManager: Shutting down and abandoning module StringTableEditor (208)
[2019.01.25-22.06.07:594][754]LogModuleManager: Shutting down and abandoning module GameplayTasksEditor (206)
[2019.01.25-22.06.07:595][754]LogModuleManager: Shutting down and abandoning module BehaviorTreeEditor (204)
[2019.01.25-22.06.07:595][754]LogModuleManager: Shutting down and abandoning module FunctionalTesting (202)
[2019.01.25-22.06.07:595][754]LogModuleManager: Shutting down and abandoning module CollisionAnalyzer (200)
[2019.01.25-22.06.07:595][754]LogModuleManager: Shutting down and abandoning module WorkspaceMenuStructure (199)
[2019.01.25-22.06.07:595][754]LogModuleManager: Shutting down and abandoning module UMG (196)
[2019.01.25-22.06.07:595][754]LogModuleManager: Shutting down and abandoning module UMGEditor (195)
[2019.01.25-22.06.07:595][754]LogModuleManager: Shutting down and abandoning module Sequencer (194)
[2019.01.25-22.06.07:595][754]LogModuleManager: Shutting down and abandoning module MessageLog (191)
[2019.01.25-22.06.07:596][754]LogModuleManager: Shutting down and abandoning module SlateReflector (186)
[2019.01.25-22.06.07:596][754]LogModuleManager: Shutting down and abandoning module Slate (184)
[2019.01.25-22.06.07:596][754]LogModuleManager: Shutting down and abandoning module EditorStyle (182)
[2019.01.25-22.06.07:604][754]LogModuleManager: Shutting down and abandoning module MRMesh (180)
[2019.01.25-22.06.07:604][754]LogModuleManager: Shutting down and abandoning module SourceCodeAccess (178)
[2019.01.25-22.06.07:604][754]LogModuleManager: Shutting down and abandoning module HeadMountedDisplay (176)
[2019.01.25-22.06.07:604][754]LogModuleManager: Shutting down and abandoning module XAudio2 (174)
[2019.01.25-22.06.07:604][754]LogModuleManager: Shutting down and abandoning module Networking (172)
[2019.01.25-22.06.07:604][754]LogModuleManager: Shutting down and abandoning module Core (168)
[2019.01.25-22.06.07:604][754]LogModuleManager: Shutting down and abandoning module KismetCompiler (164)
[2019.01.25-22.06.07:604][754]LogModuleManager: Shutting down and abandoning module LevelSequence (162)
[2019.01.25-22.06.07:604][754]LogModuleManager: Shutting down and abandoning module MeshUtilities (160)
[2019.01.25-22.06.07:604][754]LogModuleManager: Shutting down and abandoning module MeshMergeUtilities (159)
[2019.01.25-22.06.07:605][754]LogModuleManager: Shutting down and abandoning module MeshReductionInterface (158)
[2019.01.25-22.06.07:605][754]LogModuleManager: Shutting down and abandoning module SimplygonSwarm (157)
[2019.01.25-22.06.07:605][754]LogModuleManager: Shutting down and abandoning module SimplygonMeshReduction (155)
[2019.01.25-22.06.07:605][754]LogModuleManager: Shutting down and abandoning module QuadricMeshReduction (153)
[2019.01.25-22.06.07:605][754]LogModuleManager: Shutting down and abandoning module MaterialBaking (149)
[2019.01.25-22.06.07:605][754]LogModuleManager: Shutting down and abandoning module DirectoryWatcher (146)
[2019.01.25-22.06.07:607][754]LogModuleManager: Shutting down and abandoning module DerivedDataCache (144)
[2019.01.25-22.06.07:630][754]LogDerivedDataCache: Shutdown
[2019.01.25-22.06.07:631][754]LogModuleManager: Shutting down and abandoning module TargetPlatform (142)
[2019.01.25-22.06.07:631][754]LogModuleManager: Shutting down and abandoning module VulkanShaderFormat (141)
[2019.01.25-22.06.07:631][754]LogModuleManager: Shutting down and abandoning module ShaderFormatVectorVM (139)
[2019.01.25-22.06.07:631][754]LogModuleManager: Shutting down and abandoning module ShaderFormatOpenGL (137)
[2019.01.25-22.06.07:631][754]LogModuleManager: Shutting down and abandoning module ShaderFormatD3D (135)
[2019.01.25-22.06.07:631][754]LogModuleManager: Shutting down and abandoning module MetalShaderFormat (133)
[2019.01.25-22.06.07:631][754]LogModuleManager: Shutting down and abandoning module TextureFormatUncompressed (131)
[2019.01.25-22.06.07:631][754]LogModuleManager: Shutting down and abandoning module TextureFormatPVR (129)
[2019.01.25-22.06.07:631][754]LogModuleManager: Shutting down and abandoning module TextureFormatDXT (127)
[2019.01.25-22.06.07:631][754]LogModuleManager: Shutting down and abandoning module TextureFormatIntelISPCTexComp (125)
[2019.01.25-22.06.07:632][754]LogModuleManager: Shutting down and abandoning module TextureFormatASTC (123)
[2019.01.25-22.06.07:632][754]LogModuleManager: Shutting down and abandoning module ImageWrapper (122)
[2019.01.25-22.06.07:632][754]LogModuleManager: Shutting down and abandoning module TextureFormatAndroid (119)
[2019.01.25-22.06.07:632][754]LogModuleManager: Shutting down and abandoning module AudioFormatOpus (117)
[2019.01.25-22.06.07:632][754]LogModuleManager: Shutting down and abandoning module AudioFormatOgg (115)
[2019.01.25-22.06.07:632][754]LogModuleManager: Shutting down and abandoning module AudioFormatADPCM (113)
[2019.01.25-22.06.07:632][754]LogModuleManager: Shutting down and abandoning module LinuxTargetPlatform (111)
[2019.01.25-22.06.07:632][754]LogModuleManager: Shutting down and abandoning module LinuxServerTargetPlatform (109)
[2019.01.25-22.06.07:632][754]LogModuleManager: Shutting down and abandoning module LinuxNoEditorTargetPlatform (107)
[2019.01.25-22.06.07:632][754]LogModuleManager: Shutting down and abandoning module LinuxClientTargetPlatform (105)
[2019.01.25-22.06.07:632][754]LogModuleManager: Shutting down and abandoning module TVOSTargetPlatform (103)
[2019.01.25-22.06.07:632][754]LogModuleManager: Shutting down and abandoning module Messaging (101)
[2019.01.25-22.06.07:632][754]LogModuleManager: Shutting down and abandoning module IOSTargetPlatform (99)
[2019.01.25-22.06.07:632][754]LogModuleManager: Shutting down and abandoning module HTML5TargetPlatform (97)
[2019.01.25-22.06.07:633][754]LogModuleManager: Shutting down and abandoning module Android_PVRTCTargetPlatform (95)
[2019.01.25-22.06.07:633][754]LogModuleManager: Shutting down and abandoning module Android_MultiTargetPlatform (93)
[2019.01.25-22.06.07:633][754]LogModuleManager: Shutting down and abandoning module Android_ETC2TargetPlatform (91)
[2019.01.25-22.06.07:633][754]LogModuleManager: Shutting down and abandoning module Android_ETC1TargetPlatform (89)
[2019.01.25-22.06.07:633][754]LogModuleManager: Shutting down and abandoning module Android_DXTTargetPlatform (87)
[2019.01.25-22.06.07:633][754]LogModuleManager: Shutting down and abandoning module Android_ATCTargetPlatform (85)
[2019.01.25-22.06.07:633][754]LogModuleManager: Shutting down and abandoning module Android_ASTCTargetPlatform (83)
[2019.01.25-22.06.07:633][754]LogModuleManager: Shutting down and abandoning module AndroidTargetPlatform (81)
[2019.01.25-22.06.07:633][754]LogModuleManager: Shutting down and abandoning module WindowsTargetPlatform (79)
[2019.01.25-22.06.07:633][754]LogModuleManager: Shutting down and abandoning module WindowsServerTargetPlatform (77)
[2019.01.25-22.06.07:633][754]LogModuleManager: Shutting down and abandoning module WindowsNoEditorTargetPlatform (75)
[2019.01.25-22.06.07:633][754]LogModuleManager: Shutting down and abandoning module WindowsClientTargetPlatform (73)
[2019.01.25-22.06.07:633][754]LogModuleManager: Shutting down and abandoning module MacTargetPlatform (71)
[2019.01.25-22.06.07:634][754]LogModuleManager: Shutting down and abandoning module MacServerTargetPlatform (69)
[2019.01.25-22.06.07:634][754]LogModuleManager: Shutting down and abandoning module MacNoEditorTargetPlatform (67)
[2019.01.25-22.06.07:634][754]LogModuleManager: Shutting down and abandoning module MacClientTargetPlatform (65)
[2019.01.25-22.06.07:634][754]LogModuleManager: Shutting down and abandoning module AllDesktopTargetPlatform (63)
[2019.01.25-22.06.07:634][754]LogModuleManager: Shutting down and abandoning module InputCore (60)
[2019.01.25-22.06.07:634][754]LogModuleManager: Shutting down and abandoning module Settings (58)
[2019.01.25-22.06.07:634][754]LogModuleManager: Shutting down and abandoning module PhysXCooking (56)
[2019.01.25-22.06.07:634][754]LogModuleManager: Shutting down and abandoning module SteamVR (54)
[2019.01.25-22.06.07:634][754]LogModuleManager: Shutting down and abandoning module OculusHMD (52)
[2019.01.25-22.06.07:634][754]LogModuleManager: Shutting down and abandoning module ExampleDeviceProfileSelector (50)
[2019.01.25-22.06.07:634][754]LogModuleManager: Shutting down and abandoning module OnlineBlueprintSupport (48)
[2019.01.25-22.06.07:634][754]LogModuleManager: Shutting down and abandoning module OnlineSubsystem (44)
[2019.01.25-22.06.07:634][754]LogOnline: Display: Unloading online subsystem: NULL
[2019.01.25-22.06.07:635][754]LogModuleManager: Shutting down and abandoning module XMPP (43)
[2019.01.25-22.06.07:635][754]LogModuleManager: Shutting down and abandoning module HTTP (41)
[2019.01.25-22.06.07:635][754]LogHttp: Display: Http module shutting down, but needs to wait on 1 outstanding Http requests:
[2019.01.25-22.06.07:635][754]LogHttp: Display: 	verb=[POST] url=[https://datarouter.ol.epicgames.com/datarouter/api/v1/public/data?SessionID=%7BF8001DB1-401F-1BC5-4724-FCA1405A6274%7D&AppID=UEEditor.Rocket.Release&AppVersion=4.17.2-3658906%2B%2B%2BUE4%2BRelease-4.17&UserID=0faefc914db239fff53c0795116a4198%7C3a96579d56824df6acf06b5d71b70300%7C02947097-08a0-416c-97ac-24e8b41aff76&AppEnvironment=datacollector-binary&UploadType=eteventstream] status=Processing
[2019.01.25-22.06.07:652][754]LogModuleManager: Shutting down and abandoning module SSL (40)
[2019.01.25-22.06.07:656][754]LogModuleManager: Shutting down and abandoning module AnimationModifiers (36)
[2019.01.25-22.06.07:656][754]LogModuleManager: Shutting down and abandoning module PropertyEditor (35)
[2019.01.25-22.06.07:656][754]LogModuleManager: Shutting down and abandoning module AudioEditor (32)
[2019.01.25-22.06.07:656][754]LogModuleManager: Shutting down and abandoning module TextureCompressor (30)
[2019.01.25-22.06.07:657][754]LogModuleManager: Shutting down and abandoning module ShaderCore (28)
[2019.01.25-22.06.07:657][754]LogModuleManager: Shutting down and abandoning module Landscape (26)
[2019.01.25-22.06.07:657][754]LogModuleManager: Shutting down and abandoning module SlateRHIRenderer (24)
[2019.01.25-22.06.07:660][754]LogModuleManager: Shutting down and abandoning module OpenGLDrv (22)
[2019.01.25-22.06.07:660][754]LogModuleManager: Shutting down and abandoning module D3D11RHI (20)
[2019.01.25-22.06.07:660][754]LogModuleManager: Shutting down and abandoning module AnimGraphRuntime (18)
[2019.01.25-22.06.07:660][754]LogModuleManager: Shutting down and abandoning module Renderer (16)
[2019.01.25-22.06.07:660][754]LogModuleManager: Shutting down and abandoning module Engine (14)
[2019.01.25-22.06.07:660][754]LogModuleManager: Shutting down and abandoning module CoreUObject (12)
[2019.01.25-22.06.07:660][754]LogModuleManager: Shutting down and abandoning module NetworkFile (10)
[2019.01.25-22.06.07:660][754]LogModuleManager: Shutting down and abandoning module CookedIterativeFile (8)
[2019.01.25-22.06.07:660][754]LogModuleManager: Shutting down and abandoning module StreamingFile (6)
[2019.01.25-22.06.07:660][754]LogModuleManager: Shutting down and abandoning module SandboxFile (4)
[2019.01.25-22.06.07:660][754]LogModuleManager: Shutting down and abandoning module PakFile (2)
[2019.01.25-22.06.07:671][754]LogExit: Exiting.
[2019.01.25-22.06.07:714][754]Log file closed, 01/25/19 17:06:07
